# JRE version: Java(TM) SE Runtime Environment (8.0_25-b17) (build 1.8.0_25-b17)
# Java VM: Java HotSpot(TM) 64-Bit Server VM (25.25-b02 mixed mode linux-amd64 compressed oops)
Heap:
 PSYoungGen      total 17920K, used 10444K [0x00000000ec100000, 0x00000000eea00000, 0x0000000100000000)
  eden space 15360K, 67% used [0x00000000ec100000,0x00000000ecb33088,0x00000000ed000000)
  from space 2560K, 0% used [0x00000000ed000000,0x00000000ed000000,0x00000000ed280000)
  to   space 5632K, 0% used [0x00000000ee480000,0x00000000ee480000,0x00000000eea00000)
 ParOldGen       total 31232K, used 8101K [0x00000000c4200000, 0x00000000c6080000, 0x00000000ec100000)
  object space 31232K, 25% used [0x00000000c4200000,0x00000000c49e9518,0x00000000c6080000)
 Metaspace       used 21401K, capacity 22536K, committed 22704K, reserved 1069056K
  class space    used 3006K, capacity 3225K, committed 3248K, reserved 1048576K
GC Heap History (10 events):
Event: 1,518 GC heap before
{Heap before GC invocations=2 (full 0):
 PSYoungGen      total 17920K, used 17600K [0x00000000ec100000, 0x00000000ed500000, 0x0000000100000000)
  eden space 15360K, 100% used [0x00000000ec100000,0x00000000ed000000,0x00000000ed000000)
  from space 2560K, 87% used [0x00000000ed000000,0x00000000ed230040,0x00000000ed280000)
  to   space 2560K, 0% used [0x00000000ed280000,0x00000000ed280000,0x00000000ed500000)
 ParOldGen       total 40960K, used 72K [0x00000000c4200000, 0x00000000c6a00000, 0x00000000ec100000)
  object space 40960K, 0% used [0x00000000c4200000,0x00000000c4212010,0x00000000c6a00000)
 Metaspace       used 15000K, capacity 15392K, committed 15744K, reserved 1062912K
  class space    used 1978K, capacity 2109K, committed 2176K, reserved 1048576K
Event: 1,525 GC heap after
Heap after GC invocations=2 (full 0):
 PSYoungGen      total 17920K, used 2544K [0x00000000ec100000, 0x00000000ed500000, 0x0000000100000000)
  eden space 15360K, 0% used [0x00000000ec100000,0x00000000ec100000,0x00000000ed000000)
  from space 2560K, 99% used [0x00000000ed280000,0x00000000ed4fc0a0,0x00000000ed500000)
  to   space 2560K, 0% used [0x00000000ed000000,0x00000000ed000000,0x00000000ed280000)
 ParOldGen       total 40960K, used 2741K [0x00000000c4200000, 0x00000000c6a00000, 0x00000000ec100000)
  object space 40960K, 6% used [0x00000000c4200000,0x00000000c44ad538,0x00000000c6a00000)
 Metaspace       used 15000K, capacity 15392K, committed 15744K, reserved 1062912K
  class space    used 1978K, capacity 2109K, committed 2176K, reserved 1048576K
}
Event: 7,421 GC heap before
{Heap before GC invocations=3 (full 0):
 PSYoungGen      total 17920K, used 17904K [0x00000000ec100000, 0x00000000ed500000, 0x0000000100000000)
  eden space 15360K, 100% used [0x00000000ec100000,0x00000000ed000000,0x00000000ed000000)
  from space 2560K, 99% used [0x00000000ed280000,0x00000000ed4fc0a0,0x00000000ed500000)
  to   space 2560K, 0% used [0x00000000ed000000,0x00000000ed000000,0x00000000ed280000)
 ParOldGen       total 40960K, used 2741K [0x00000000c4200000, 0x00000000c6a00000, 0x00000000ec100000)
  object space 40960K, 6% used [0x00000000c4200000,0x00000000c44ad538,0x00000000c6a00000)
 Metaspace       used 18340K, capacity 18934K, committed 19200K, reserved 1064960K
  class space    used 2573K, capacity 2720K, committed 2816K, reserved 1048576K
Event: 7,436 GC heap after
Heap after GC invocations=3 (full 0):
 PSYoungGen      total 17920K, used 2544K [0x00000000ec100000, 0x00000000ed500000, 0x0000000100000000)
  eden space 15360K, 0% used [0x00000000ec100000,0x00000000ec100000,0x00000000ed000000)
  from space 2560K, 99% used [0x00000000ed000000,0x00000000ed27c080,0x00000000ed280000)
  to   space 2560K, 0% used [0x00000000ed280000,0x00000000ed280000,0x00000000ed500000)
 ParOldGen       total 40960K, used 3985K [0x00000000c4200000, 0x00000000c6a00000, 0x00000000ec100000)
  object space 40960K, 9% used [0x00000000c4200000,0x00000000c45e4560,0x00000000c6a00000)
 Metaspace       used 18340K, capacity 18934K, committed 19200K, reserved 1064960K
  class space    used 2573K, capacity 2720K, committed 2816K, reserved 1048576K
}
Event: 7,698 GC heap before
{Heap before GC invocations=4 (full 0):
 PSYoungGen      total 17920K, used 17904K [0x00000000ec100000, 0x00000000ed500000, 0x0000000100000000)
  eden space 15360K, 100% used [0x00000000ec100000,0x00000000ed000000,0x00000000ed000000)
  from space 2560K, 99% used [0x00000000ed000000,0x00000000ed27c080,0x00000000ed280000)
  to   space 2560K, 0% used [0x00000000ed280000,0x00000000ed280000,0x00000000ed500000)
 ParOldGen       total 40960K, used 3985K [0x00000000c4200000, 0x00000000c6a00000, 0x00000000ec100000)
  object space 40960K, 9% used [0x00000000c4200000,0x00000000c45e4560,0x00000000c6a00000)
 Metaspace       used 19166K, capacity 19894K, committed 20096K, reserved 1067008K
  class space    used 2707K, capacity 2856K, committed 2944K, reserved 1048576K
Event: 7,714 GC heap after
Heap after GC invocations=4 (full 0):
 PSYoungGen      total 17920K, used 2528K [0x00000000ec100000, 0x00000000ee400000, 0x0000000100000000)
  eden space 15360K, 0% used [0x00000000ec100000,0x00000000ec100000,0x00000000ed000000)
  from space 2560K, 98% used [0x00000000ed280000,0x00000000ed4f8060,0x00000000ed500000)
  to   space 2560K, 0% used [0x00000000ed000000,0x00000000ed000000,0x00000000ed280000)
 ParOldGen       total 40960K, used 4617K [0x00000000c4200000, 0x00000000c6a00000, 0x00000000ec100000)
  object space 40960K, 11% used [0x00000000c4200000,0x00000000c4682580,0x00000000c6a00000)
 Metaspace       used 19166K, capacity 19894K, committed 20096K, reserved 1067008K
  class space    used 2707K, capacity 2856K, committed 2944K, reserved 1048576K
}
Event: 8,070 GC heap before
{Heap before GC invocations=5 (full 0):
 PSYoungGen      total 17920K, used 11907K [0x00000000ec100000, 0x00000000ee400000, 0x0000000100000000)
  eden space 15360K, 61% used [0x00000000ec100000,0x00000000eca28bd8,0x00000000ed000000)
  from space 2560K, 98% used [0x00000000ed280000,0x00000000ed4f8060,0x00000000ed500000)
  to   space 2560K, 0% used [0x00000000ed000000,0x00000000ed000000,0x00000000ed280000)
 ParOldGen       total 40960K, used 4617K [0x00000000c4200000, 0x00000000c6a00000, 0x00000000ec100000)
  object space 40960K, 11% used [0x00000000c4200000,0x00000000c4682580,0x00000000c6a00000)
 Metaspace       used 20312K, capacity 21262K, committed 21296K, reserved 1067008K
  class space    used 2910K, capacity 3118K, committed 3120K, reserved 1048576K
Event: 8,081 GC heap after
Heap after GC invocations=5 (full 0):
 PSYoungGen      total 17920K, used 2544K [0x00000000ec100000, 0x00000000eea00000, 0x0000000100000000)
  eden space 15360K, 0% used [0x00000000ec100000,0x00000000ec100000,0x00000000ed000000)
  from space 2560K, 99% used [0x00000000ed000000,0x00000000ed27c090,0x00000000ed280000)
  to   space 5632K, 0% used [0x00000000ee480000,0x00000000ee480000,0x00000000eea00000)
 ParOldGen       total 40960K, used 6550K [0x00000000c4200000, 0x00000000c6a00000, 0x00000000ec100000)
  object space 40960K, 15% used [0x00000000c4200000,0x00000000c4865bc8,0x00000000c6a00000)
 Metaspace       used 20312K, capacity 21262K, committed 21296K, reserved 1067008K
  class space    used 2910K, capacity 3118K, committed 3120K, reserved 1048576K
}
Event: 8,081 GC heap before
{Heap before GC invocations=6 (full 1):
 PSYoungGen      total 17920K, used 2544K [0x00000000ec100000, 0x00000000eea00000, 0x0000000100000000)
  eden space 15360K, 0% used [0x00000000ec100000,0x00000000ec100000,0x00000000ed000000)
  from space 2560K, 99% used [0x00000000ed000000,0x00000000ed27c090,0x00000000ed280000)
  to   space 5632K, 0% used [0x00000000ee480000,0x00000000ee480000,0x00000000eea00000)
 ParOldGen       total 40960K, used 6550K [0x00000000c4200000, 0x00000000c6a00000, 0x00000000ec100000)
  object space 40960K, 15% used [0x00000000c4200000,0x00000000c4865bc8,0x00000000c6a00000)
 Metaspace       used 20312K, capacity 21262K, committed 21296K, reserved 1067008K
  class space    used 2910K, capacity 3118K, committed 3120K, reserved 1048576K
Event: 8,144 GC heap after
Heap after GC invocations=6 (full 1):
 PSYoungGen      total 17920K, used 0K [0x00000000ec100000, 0x00000000eea00000, 0x0000000100000000)
  eden space 15360K, 0% used [0x00000000ec100000,0x00000000ec100000,0x00000000ed000000)
  from space 2560K, 0% used [0x00000000ed000000,0x00000000ed000000,0x00000000ed280000)
  to   space 5632K, 0% used [0x00000000ee480000,0x00000000ee480000,0x00000000eea00000)
 ParOldGen       total 31232K, used 8101K [0x00000000c4200000, 0x00000000c6080000, 0x00000000ec100000)
  object space 31232K, 25% used [0x00000000c4200000,0x00000000c49e9518,0x00000000c6080000)
 Metaspace       used 20311K, capacity 21260K, committed 21296K, reserved 1067008K
  class space    used 2909K, capacity 3117K, committed 3120K, reserved 1048576K
}

