# JRE version: Java(TM) SE Runtime Environment (8.0_66-b17) (build 1.8.0_66-b17)
# Java VM: Java HotSpot(TM) 64-Bit Server VM (25.66-b17 mixed mode linux-amd64 compressed oops)
Heap:
 PSYoungGen      total 17920K, used 11775K [0x00000000ec100000, 0x00000000ed500000, 0x0000000100000000)
  eden space 15360K, 76% used [0x00000000ec100000,0x00000000ecc7fde0,0x00000000ed000000)
  from space 2560K, 0% used [0x00000000ed280000,0x00000000ed280000,0x00000000ed500000)
  to   space 2560K, 0% used [0x00000000ed000000,0x00000000ed000000,0x00000000ed280000)
 ParOldGen       total 26624K, used 7818K [0x00000000c4200000, 0x00000000c5c00000, 0x00000000ec100000)
  object space 26624K, 29% used [0x00000000c4200000,0x00000000c49a2ae8,0x00000000c5c00000)
 Metaspace       used 21200K, capacity 22278K, committed 22400K, reserved 1069056K
  class space    used 2903K, capacity 3154K, committed 3200K, reserved 1048576K
GC Heap History (10 events):
Event: 0,832 GC heap before
{Heap before GC invocations=1 (full 0):
 PSYoungGen      total 17920K, used 15360K [0x00000000ec100000, 0x00000000ed500000, 0x0000000100000000)
  eden space 15360K, 100% used [0x00000000ec100000,0x00000000ed000000,0x00000000ed000000)
  from space 2560K, 0% used [0x00000000ed280000,0x00000000ed280000,0x00000000ed500000)
  to   space 2560K, 0% used [0x00000000ed000000,0x00000000ed000000,0x00000000ed280000)
 ParOldGen       total 40960K, used 0K [0x00000000c4200000, 0x00000000c6a00000, 0x00000000ec100000)
  object space 40960K, 0% used [0x00000000c4200000,0x00000000c4200000,0x00000000c6a00000)
 Metaspace       used 9319K, capacity 9680K, committed 9856K, reserved 1058816K
  class space    used 1196K, capacity 1302K, committed 1408K, reserved 1048576K
Event: 0,836 GC heap after
Heap after GC invocations=1 (full 0):
 PSYoungGen      total 17920K, used 2192K [0x00000000ec100000, 0x00000000ed500000, 0x0000000100000000)
  eden space 15360K, 0% used [0x00000000ec100000,0x00000000ec100000,0x00000000ed000000)
  from space 2560K, 85% used [0x00000000ed000000,0x00000000ed224040,0x00000000ed280000)
  to   space 2560K, 0% used [0x00000000ed280000,0x00000000ed280000,0x00000000ed500000)
 ParOldGen       total 40960K, used 8K [0x00000000c4200000, 0x00000000c6a00000, 0x00000000ec100000)
  object space 40960K, 0% used [0x00000000c4200000,0x00000000c4202000,0x00000000c6a00000)
 Metaspace       used 9319K, capacity 9680K, committed 9856K, reserved 1058816K
  class space    used 1196K, capacity 1302K, committed 1408K, reserved 1048576K
}
Event: 5,690 GC heap before
{Heap before GC invocations=2 (full 0):
 PSYoungGen      total 17920K, used 17552K [0x00000000ec100000, 0x00000000ed500000, 0x0000000100000000)
  eden space 15360K, 100% used [0x00000000ec100000,0x00000000ed000000,0x00000000ed000000)
  from space 2560K, 85% used [0x00000000ed000000,0x00000000ed224040,0x00000000ed280000)
  to   space 2560K, 0% used [0x00000000ed280000,0x00000000ed280000,0x00000000ed500000)
 ParOldGen       total 40960K, used 8K [0x00000000c4200000, 0x00000000c6a00000, 0x00000000ec100000)
  object space 40960K, 0% used [0x00000000c4200000,0x00000000c4202000,0x00000000c6a00000)
 Metaspace       used 15186K, capacity 15632K, committed 15744K, reserved 1062912K
  class space    used 1958K, capacity 2107K, committed 2176K, reserved 1048576K
Event: 5,711 GC heap after
Heap after GC invocations=2 (full 0):
 PSYoungGen      total 17920K, used 2528K [0x00000000ec100000, 0x00000000ed500000, 0x0000000100000000)
  eden space 15360K, 0% used [0x00000000ec100000,0x00000000ec100000,0x00000000ed000000)
  from space 2560K, 98% used [0x00000000ed280000,0x00000000ed4f8040,0x00000000ed500000)
  to   space 2560K, 0% used [0x00000000ed000000,0x00000000ed000000,0x00000000ed280000)
 ParOldGen       total 40960K, used 2601K [0x00000000c4200000, 0x00000000c6a00000, 0x00000000ec100000)
  object space 40960K, 6% used [0x00000000c4200000,0x00000000c448a600,0x00000000c6a00000)
 Metaspace       used 15186K, capacity 15632K, committed 15744K, reserved 1062912K
  class space    used 1958K, capacity 2107K, committed 2176K, reserved 1048576K
}
Event: 41,039 GC heap before
{Heap before GC invocations=3 (full 0):
 PSYoungGen      total 17920K, used 17888K [0x00000000ec100000, 0x00000000ed500000, 0x0000000100000000)
  eden space 15360K, 100% used [0x00000000ec100000,0x00000000ed000000,0x00000000ed000000)
  from space 2560K, 98% used [0x00000000ed280000,0x00000000ed4f8040,0x00000000ed500000)
  to   space 2560K, 0% used [0x00000000ed000000,0x00000000ed000000,0x00000000ed280000)
 ParOldGen       total 40960K, used 2601K [0x00000000c4200000, 0x00000000c6a00000, 0x00000000ec100000)
  object space 40960K, 6% used [0x00000000c4200000,0x00000000c448a600,0x00000000c6a00000)
 Metaspace       used 19044K, capacity 19696K, committed 19968K, reserved 1067008K
  class space    used 2574K, capacity 2735K, committed 2816K, reserved 1048576K
Event: 41,049 GC heap after
Heap after GC invocations=3 (full 0):
 PSYoungGen      total 17920K, used 2528K [0x00000000ec100000, 0x00000000ed500000, 0x0000000100000000)
  eden space 15360K, 0% used [0x00000000ec100000,0x00000000ec100000,0x00000000ed000000)
  from space 2560K, 98% used [0x00000000ed000000,0x00000000ed278058,0x00000000ed280000)
  to   space 2560K, 0% used [0x00000000ed280000,0x00000000ed280000,0x00000000ed500000)
 ParOldGen       total 40960K, used 4918K [0x00000000c4200000, 0x00000000c6a00000, 0x00000000ec100000)
  object space 40960K, 12% used [0x00000000c4200000,0x00000000c46cdb98,0x00000000c6a00000)
 Metaspace       used 19044K, capacity 19696K, committed 19968K, reserved 1067008K
  class space    used 2574K, capacity 2735K, committed 2816K, reserved 1048576K
}
Event: 45,526 GC heap before
{Heap before GC invocations=4 (full 0):
 PSYoungGen      total 17920K, used 13502K [0x00000000ec100000, 0x00000000ed500000, 0x0000000100000000)
  eden space 15360K, 71% used [0x00000000ec100000,0x00000000ecbb7880,0x00000000ed000000)
  from space 2560K, 98% used [0x00000000ed000000,0x00000000ed278058,0x00000000ed280000)
  to   space 2560K, 0% used [0x00000000ed280000,0x00000000ed280000,0x00000000ed500000)
 ParOldGen       total 40960K, used 4918K [0x00000000c4200000, 0x00000000c6a00000, 0x00000000ec100000)
  object space 40960K, 12% used [0x00000000c4200000,0x00000000c46cdb98,0x00000000c6a00000)
 Metaspace       used 20271K, capacity 21136K, committed 21248K, reserved 1067008K
  class space    used 2770K, capacity 2995K, committed 3072K, reserved 1048576K
Event: 45,534 GC heap after
Heap after GC invocations=4 (full 0):
 PSYoungGen      total 17920K, used 2528K [0x00000000ec100000, 0x00000000ed500000, 0x0000000100000000)
  eden space 15360K, 0% used [0x00000000ec100000,0x00000000ec100000,0x00000000ed000000)
  from space 2560K, 98% used [0x00000000ed280000,0x00000000ed4f8038,0x00000000ed500000)
  to   space 2560K, 0% used [0x00000000ed000000,0x00000000ed000000,0x00000000ed280000)
 ParOldGen       total 40960K, used 5590K [0x00000000c4200000, 0x00000000c6a00000, 0x00000000ec100000)
  object space 40960K, 13% used [0x00000000c4200000,0x00000000c4775b98,0x00000000c6a00000)
 Metaspace       used 20271K, capacity 21136K, committed 21248K, reserved 1067008K
  class space    used 2770K, capacity 2995K, committed 3072K, reserved 1048576K
}
Event: 45,534 GC heap before
{Heap before GC invocations=5 (full 1):
 PSYoungGen      total 17920K, used 2528K [0x00000000ec100000, 0x00000000ed500000, 0x0000000100000000)
  eden space 15360K, 0% used [0x00000000ec100000,0x00000000ec100000,0x00000000ed000000)
  from space 2560K, 98% used [0x00000000ed280000,0x00000000ed4f8038,0x00000000ed500000)
  to   space 2560K, 0% used [0x00000000ed000000,0x00000000ed000000,0x00000000ed280000)
 ParOldGen       total 40960K, used 5590K [0x00000000c4200000, 0x00000000c6a00000, 0x00000000ec100000)
  object space 40960K, 13% used [0x00000000c4200000,0x00000000c4775b98,0x00000000c6a00000)
 Metaspace       used 20271K, capacity 21136K, committed 21248K, reserved 1067008K
  class space    used 2770K, capacity 2995K, committed 3072K, reserved 1048576K
Event: 45,607 GC heap after
Heap after GC invocations=5 (full 1):
 PSYoungGen      total 17920K, used 0K [0x00000000ec100000, 0x00000000ed500000, 0x0000000100000000)
  eden space 15360K, 0% used [0x00000000ec100000,0x00000000ec100000,0x00000000ed000000)
  from space 2560K, 0% used [0x00000000ed280000,0x00000000ed280000,0x00000000ed500000)
  to   space 2560K, 0% used [0x00000000ed000000,0x00000000ed000000,0x00000000ed280000)
 ParOldGen       total 26624K, used 7818K [0x00000000c4200000, 0x00000000c5c00000, 0x00000000ec100000)
  object space 26624K, 29% used [0x00000000c4200000,0x00000000c49a2ae8,0x00000000c5c00000)
 Metaspace       used 20271K, capacity 21136K, committed 21248K, reserved 1067008K
  class space    used 2770K, capacity 2995K, committed 3072K, reserved 1048576K
}

