# JRE version: Java(TM) SE Runtime Environment (8.0_25-b17) (build 1.8.0_25-b17)
# Java VM: Java HotSpot(TM) 64-Bit Server VM (25.25-b02 mixed mode linux-amd64 compressed oops)
Heap:
 PSYoungGen      total 64000K, used 36973K [0x00000000ec100000, 0x00000000f0200000, 0x0000000100000000)
  eden space 61440K, 60% used [0x00000000ec100000,0x00000000ee51b790,0x00000000efd00000)
  from space 2560K, 0% used [0x00000000eff80000,0x00000000eff80000,0x00000000f0200000)
  to   space 2560K, 0% used [0x00000000efd00000,0x00000000efd00000,0x00000000eff80000)
 ParOldGen       total 29184K, used 7080K [0x00000000c4200000, 0x00000000c5e80000, 0x00000000ec100000)
  object space 29184K, 24% used [0x00000000c4200000,0x00000000c48ea0b0,0x00000000c5e80000)
 Metaspace       used 22710K, capacity 23968K, committed 24064K, reserved 1071104K
  class space    used 3079K, capacity 3293K, committed 3328K, reserved 1048576K
GC Heap History (10 events):
Event: 0,849 GC heap before
{Heap before GC invocations=1 (full 0):
 PSYoungGen      total 17920K, used 15360K [0x00000000ec100000, 0x00000000ed500000, 0x0000000100000000)
  eden space 15360K, 100% used [0x00000000ec100000,0x00000000ed000000,0x00000000ed000000)
  from space 2560K, 0% used [0x00000000ed280000,0x00000000ed280000,0x00000000ed500000)
  to   space 2560K, 0% used [0x00000000ed000000,0x00000000ed000000,0x00000000ed280000)
 ParOldGen       total 40960K, used 0K [0x00000000c4200000, 0x00000000c6a00000, 0x00000000ec100000)
  object space 40960K, 0% used [0x00000000c4200000,0x00000000c4200000,0x00000000c6a00000)
 Metaspace       used 9417K, capacity 9758K, committed 10112K, reserved 1058816K
  class space    used 1241K, capacity 1337K, committed 1408K, reserved 1048576K
Event: 0,891 GC heap after
Heap after GC invocations=1 (full 0):
 PSYoungGen      total 17920K, used 2336K [0x00000000ec100000, 0x00000000ee400000, 0x0000000100000000)
  eden space 15360K, 0% used [0x00000000ec100000,0x00000000ec100000,0x00000000ed000000)
  from space 2560K, 91% used [0x00000000ed000000,0x00000000ed248050,0x00000000ed280000)
  to   space 2560K, 0% used [0x00000000ee180000,0x00000000ee180000,0x00000000ee400000)
 ParOldGen       total 40960K, used 8K [0x00000000c4200000, 0x00000000c6a00000, 0x00000000ec100000)
  object space 40960K, 0% used [0x00000000c4200000,0x00000000c4202000,0x00000000c6a00000)
 Metaspace       used 9417K, capacity 9758K, committed 10112K, reserved 1058816K
  class space    used 1241K, capacity 1337K, committed 1408K, reserved 1048576K
}
Event: 1,520 GC heap before
{Heap before GC invocations=2 (full 0):
 PSYoungGen      total 17920K, used 17696K [0x00000000ec100000, 0x00000000ee400000, 0x0000000100000000)
  eden space 15360K, 100% used [0x00000000ec100000,0x00000000ed000000,0x00000000ed000000)
  from space 2560K, 91% used [0x00000000ed000000,0x00000000ed248050,0x00000000ed280000)
  to   space 2560K, 0% used [0x00000000ee180000,0x00000000ee180000,0x00000000ee400000)
 ParOldGen       total 40960K, used 8K [0x00000000c4200000, 0x00000000c6a00000, 0x00000000ec100000)
  object space 40960K, 0% used [0x00000000c4200000,0x00000000c4202000,0x00000000c6a00000)
 Metaspace       used 14995K, capacity 15396K, committed 15744K, reserved 1062912K
  class space    used 1977K, capacity 2109K, committed 2176K, reserved 1048576K
Event: 1,536 GC heap after
Heap after GC invocations=2 (full 0):
 PSYoungGen      total 33280K, used 2528K [0x00000000ec100000, 0x00000000ee400000, 0x0000000100000000)
  eden space 30720K, 0% used [0x00000000ec100000,0x00000000ec100000,0x00000000edf00000)
  from space 2560K, 98% used [0x00000000ee180000,0x00000000ee3f8090,0x00000000ee400000)
  to   space 2560K, 0% used [0x00000000edf00000,0x00000000edf00000,0x00000000ee180000)
 ParOldGen       total 40960K, used 2790K [0x00000000c4200000, 0x00000000c6a00000, 0x00000000ec100000)
  object space 40960K, 6% used [0x00000000c4200000,0x00000000c44b9920,0x00000000c6a00000)
 Metaspace       used 14995K, capacity 15396K, committed 15744K, reserved 1062912K
  class space    used 1977K, capacity 2109K, committed 2176K, reserved 1048576K
}
Event: 7,556 GC heap before
{Heap before GC invocations=3 (full 0):
 PSYoungGen      total 33280K, used 33248K [0x00000000ec100000, 0x00000000ee400000, 0x0000000100000000)
  eden space 30720K, 100% used [0x00000000ec100000,0x00000000edf00000,0x00000000edf00000)
  from space 2560K, 98% used [0x00000000ee180000,0x00000000ee3f8090,0x00000000ee400000)
  to   space 2560K, 0% used [0x00000000edf00000,0x00000000edf00000,0x00000000ee180000)
 ParOldGen       total 40960K, used 2790K [0x00000000c4200000, 0x00000000c6a00000, 0x00000000ec100000)
  object space 40960K, 6% used [0x00000000c4200000,0x00000000c44b9920,0x00000000c6a00000)
 Metaspace       used 19379K, capacity 20120K, committed 20352K, reserved 1067008K
  class space    used 2723K, capacity 2901K, committed 2944K, reserved 1048576K
Event: 7,583 GC heap after
Heap after GC invocations=3 (full 0):
 PSYoungGen      total 33280K, used 2528K [0x00000000ec100000, 0x00000000f0200000, 0x0000000100000000)
  eden space 30720K, 0% used [0x00000000ec100000,0x00000000ec100000,0x00000000edf00000)
  from space 2560K, 98% used [0x00000000edf00000,0x00000000ee178078,0x00000000ee180000)
  to   space 2560K, 0% used [0x00000000eff80000,0x00000000eff80000,0x00000000f0200000)
 ParOldGen       total 40960K, used 4853K [0x00000000c4200000, 0x00000000c6a00000, 0x00000000ec100000)
  object space 40960K, 11% used [0x00000000c4200000,0x00000000c46bd510,0x00000000c6a00000)
 Metaspace       used 19379K, capacity 20120K, committed 20352K, reserved 1067008K
  class space    used 2723K, capacity 2901K, committed 2944K, reserved 1048576K
}
Event: 7,902 GC heap before
{Heap before GC invocations=4 (full 0):
 PSYoungGen      total 33280K, used 10466K [0x00000000ec100000, 0x00000000f0200000, 0x0000000100000000)
  eden space 30720K, 25% used [0x00000000ec100000,0x00000000ec8c0a50,0x00000000edf00000)
  from space 2560K, 98% used [0x00000000edf00000,0x00000000ee178078,0x00000000ee180000)
  to   space 2560K, 0% used [0x00000000eff80000,0x00000000eff80000,0x00000000f0200000)
 ParOldGen       total 40960K, used 4853K [0x00000000c4200000, 0x00000000c6a00000, 0x00000000ec100000)
  object space 40960K, 11% used [0x00000000c4200000,0x00000000c46bd510,0x00000000c6a00000)
 Metaspace       used 20269K, capacity 21198K, committed 21248K, reserved 1067008K
  class space    used 2879K, capacity 3056K, committed 3072K, reserved 1048576K
Event: 7,920 GC heap after
Heap after GC invocations=4 (full 0):
 PSYoungGen      total 64000K, used 2528K [0x00000000ec100000, 0x00000000f0200000, 0x0000000100000000)
  eden space 61440K, 0% used [0x00000000ec100000,0x00000000ec100000,0x00000000efd00000)
  from space 2560K, 98% used [0x00000000eff80000,0x00000000f01f8060,0x00000000f0200000)
  to   space 2560K, 0% used [0x00000000efd00000,0x00000000efd00000,0x00000000eff80000)
 ParOldGen       total 40960K, used 5619K [0x00000000c4200000, 0x00000000c6a00000, 0x00000000ec100000)
  object space 40960K, 13% used [0x00000000c4200000,0x00000000c477cd48,0x00000000c6a00000)
 Metaspace       used 20269K, capacity 21198K, committed 21248K, reserved 1067008K
  class space    used 2879K, capacity 3056K, committed 3072K, reserved 1048576K
}
Event: 7,920 GC heap before
{Heap before GC invocations=5 (full 1):
 PSYoungGen      total 64000K, used 2528K [0x00000000ec100000, 0x00000000f0200000, 0x0000000100000000)
  eden space 61440K, 0% used [0x00000000ec100000,0x00000000ec100000,0x00000000efd00000)
  from space 2560K, 98% used [0x00000000eff80000,0x00000000f01f8060,0x00000000f0200000)
  to   space 2560K, 0% used [0x00000000efd00000,0x00000000efd00000,0x00000000eff80000)
 ParOldGen       total 40960K, used 5619K [0x00000000c4200000, 0x00000000c6a00000, 0x00000000ec100000)
  object space 40960K, 13% used [0x00000000c4200000,0x00000000c477cd48,0x00000000c6a00000)
 Metaspace       used 20269K, capacity 21198K, committed 21248K, reserved 1067008K
  class space    used 2879K, capacity 3056K, committed 3072K, reserved 1048576K
Event: 7,977 GC heap after
Heap after GC invocations=5 (full 1):
 PSYoungGen      total 64000K, used 0K [0x00000000ec100000, 0x00000000f0200000, 0x0000000100000000)
  eden space 61440K, 0% used [0x00000000ec100000,0x00000000ec100000,0x00000000efd00000)
  from space 2560K, 0% used [0x00000000eff80000,0x00000000eff80000,0x00000000f0200000)
  to   space 2560K, 0% used [0x00000000efd00000,0x00000000efd00000,0x00000000eff80000)
 ParOldGen       total 29184K, used 7080K [0x00000000c4200000, 0x00000000c5e80000, 0x00000000ec100000)
  object space 29184K, 24% used [0x00000000c4200000,0x00000000c48ea0b0,0x00000000c5e80000)
 Metaspace       used 20268K, capacity 21196K, committed 21248K, reserved 1067008K
  class space    used 2879K, capacity 3055K, committed 3072K, reserved 1048576K
}

