# JRE version: Java(TM) SE Runtime Environment (8.0_25-b17) (build 1.8.0_25-b17)
# Java VM: Java HotSpot(TM) 64-Bit Server VM (25.25-b02 mixed mode linux-amd64 compressed oops)
Heap:
 PSYoungGen      total 30720K, used 11397K [0x00000000ec100000, 0x00000000ee880000, 0x0000000100000000)
  eden space 26112K, 26% used [0x00000000ec100000,0x00000000ec7a1618,0x00000000eda80000)
  from space 4608K, 100% used [0x00000000ee400000,0x00000000ee880000,0x00000000ee880000)
  to   space 5632K, 0% used [0x00000000edd80000,0x00000000edd80000,0x00000000ee300000)
 ParOldGen       total 30720K, used 7790K [0x00000000c4200000, 0x00000000c6000000, 0x00000000ec100000)
  object space 30720K, 25% used [0x00000000c4200000,0x00000000c499bbd0,0x00000000c6000000)
 Metaspace       used 22303K, capacity 23546K, committed 23808K, reserved 1069056K
  class space    used 3074K, capacity 3286K, committed 3328K, reserved 1048576K
GC Heap History (10 events):
Event: 9,998 GC heap before
{Heap before GC invocations=3 (full 0):
 PSYoungGen      total 17920K, used 17888K [0x00000000ec100000, 0x00000000ed500000, 0x0000000100000000)
  eden space 15360K, 100% used [0x00000000ec100000,0x00000000ed000000,0x00000000ed000000)
  from space 2560K, 98% used [0x00000000ed280000,0x00000000ed4f8060,0x00000000ed500000)
  to   space 2560K, 0% used [0x00000000ed000000,0x00000000ed000000,0x00000000ed280000)
 ParOldGen       total 40960K, used 2777K [0x00000000c4200000, 0x00000000c6a00000, 0x00000000ec100000)
  object space 40960K, 6% used [0x00000000c4200000,0x00000000c44b66b0,0x00000000c6a00000)
 Metaspace       used 18417K, capacity 19006K, committed 19200K, reserved 1064960K
  class space    used 2573K, capacity 2720K, committed 2816K, reserved 1048576K
Event: 10,004 GC heap after
Heap after GC invocations=3 (full 0):
 PSYoungGen      total 17920K, used 2544K [0x00000000ec100000, 0x00000000ed500000, 0x0000000100000000)
  eden space 15360K, 0% used [0x00000000ec100000,0x00000000ec100000,0x00000000ed000000)
  from space 2560K, 99% used [0x00000000ed000000,0x00000000ed27c098,0x00000000ed280000)
  to   space 2560K, 0% used [0x00000000ed280000,0x00000000ed280000,0x00000000ed500000)
 ParOldGen       total 40960K, used 4099K [0x00000000c4200000, 0x00000000c6a00000, 0x00000000ec100000)
  object space 40960K, 10% used [0x00000000c4200000,0x00000000c4600f10,0x00000000c6a00000)
 Metaspace       used 18417K, capacity 19006K, committed 19200K, reserved 1064960K
  class space    used 2573K, capacity 2720K, committed 2816K, reserved 1048576K
}
Event: 10,502 GC heap before
{Heap before GC invocations=4 (full 0):
 PSYoungGen      total 17920K, used 17904K [0x00000000ec100000, 0x00000000ed500000, 0x0000000100000000)
  eden space 15360K, 100% used [0x00000000ec100000,0x00000000ed000000,0x00000000ed000000)
  from space 2560K, 99% used [0x00000000ed000000,0x00000000ed27c098,0x00000000ed280000)
  to   space 2560K, 0% used [0x00000000ed280000,0x00000000ed280000,0x00000000ed500000)
 ParOldGen       total 40960K, used 4099K [0x00000000c4200000, 0x00000000c6a00000, 0x00000000ec100000)
  object space 40960K, 10% used [0x00000000c4200000,0x00000000c4600f10,0x00000000c6a00000)
 Metaspace       used 19476K, capacity 20252K, committed 20352K, reserved 1067008K
  class space    used 2722K, capacity 2901K, committed 2944K, reserved 1048576K
Event: 10,509 GC heap after
Heap after GC invocations=4 (full 0):
 PSYoungGen      total 17920K, used 2528K [0x00000000ec100000, 0x00000000ed500000, 0x0000000100000000)
  eden space 15360K, 0% used [0x00000000ec100000,0x00000000ec100000,0x00000000ed000000)
  from space 2560K, 98% used [0x00000000ed280000,0x00000000ed4f8038,0x00000000ed500000)
  to   space 2560K, 0% used [0x00000000ed000000,0x00000000ed000000,0x00000000ed280000)
 ParOldGen       total 40960K, used 4967K [0x00000000c4200000, 0x00000000c6a00000, 0x00000000ec100000)
  object space 40960K, 12% used [0x00000000c4200000,0x00000000c46d9e90,0x00000000c6a00000)
 Metaspace       used 19476K, capacity 20252K, committed 20352K, reserved 1067008K
  class space    used 2722K, capacity 2901K, committed 2944K, reserved 1048576K
}
Event: 10,697 GC heap before
{Heap before GC invocations=5 (full 0):
 PSYoungGen      total 17920K, used 9345K [0x00000000ec100000, 0x00000000ed500000, 0x0000000100000000)
  eden space 15360K, 44% used [0x00000000ec100000,0x00000000ec7a8630,0x00000000ed000000)
  from space 2560K, 98% used [0x00000000ed280000,0x00000000ed4f8038,0x00000000ed500000)
  to   space 2560K, 0% used [0x00000000ed000000,0x00000000ed000000,0x00000000ed280000)
 ParOldGen       total 40960K, used 4967K [0x00000000c4200000, 0x00000000c6a00000, 0x00000000ec100000)
  object space 40960K, 12% used [0x00000000c4200000,0x00000000c46d9e90,0x00000000c6a00000)
 Metaspace       used 20317K, capacity 21200K, committed 21248K, reserved 1067008K
  class space    used 2869K, capacity 3045K, committed 3072K, reserved 1048576K
Event: 10,706 GC heap after
Heap after GC invocations=5 (full 0):
 PSYoungGen      total 17920K, used 2528K [0x00000000ec100000, 0x00000000ee900000, 0x0000000100000000)
  eden space 15360K, 0% used [0x00000000ec100000,0x00000000ec100000,0x00000000ed000000)
  from space 2560K, 98% used [0x00000000ed000000,0x00000000ed278038,0x00000000ed280000)
  to   space 5120K, 0% used [0x00000000ee400000,0x00000000ee400000,0x00000000ee900000)
 ParOldGen       total 40960K, used 5663K [0x00000000c4200000, 0x00000000c6a00000, 0x00000000ec100000)
  object space 40960K, 13% used [0x00000000c4200000,0x00000000c4787e90,0x00000000c6a00000)
 Metaspace       used 20317K, capacity 21200K, committed 21248K, reserved 1067008K
  class space    used 2869K, capacity 3045K, committed 3072K, reserved 1048576K
}
Event: 10,706 GC heap before
{Heap before GC invocations=6 (full 1):
 PSYoungGen      total 17920K, used 2528K [0x00000000ec100000, 0x00000000ee900000, 0x0000000100000000)
  eden space 15360K, 0% used [0x00000000ec100000,0x00000000ec100000,0x00000000ed000000)
  from space 2560K, 98% used [0x00000000ed000000,0x00000000ed278038,0x00000000ed280000)
  to   space 5120K, 0% used [0x00000000ee400000,0x00000000ee400000,0x00000000ee900000)
 ParOldGen       total 40960K, used 5663K [0x00000000c4200000, 0x00000000c6a00000, 0x00000000ec100000)
  object space 40960K, 13% used [0x00000000c4200000,0x00000000c4787e90,0x00000000c6a00000)
 Metaspace       used 20317K, capacity 21200K, committed 21248K, reserved 1067008K
  class space    used 2869K, capacity 3045K, committed 3072K, reserved 1048576K
Event: 10,776 GC heap after
Heap after GC invocations=6 (full 1):
 PSYoungGen      total 17920K, used 0K [0x00000000ec100000, 0x00000000ee900000, 0x0000000100000000)
  eden space 15360K, 0% used [0x00000000ec100000,0x00000000ec100000,0x00000000ed000000)
  from space 2560K, 0% used [0x00000000ed000000,0x00000000ed000000,0x00000000ed280000)
  to   space 5120K, 0% used [0x00000000ee400000,0x00000000ee400000,0x00000000ee900000)
 ParOldGen       total 30720K, used 7782K [0x00000000c4200000, 0x00000000c6000000, 0x00000000ec100000)
  object space 30720K, 25% used [0x00000000c4200000,0x00000000c4999bd0,0x00000000c6000000)
 Metaspace       used 20316K, capacity 21198K, committed 21248K, reserved 1067008K
  class space    used 2868K, capacity 3044K, committed 3072K, reserved 1048576K
}
Event: 11,579 GC heap before
{Heap before GC invocations=7 (full 1):
 PSYoungGen      total 17920K, used 15360K [0x00000000ec100000, 0x00000000ee900000, 0x0000000100000000)
  eden space 15360K, 100% used [0x00000000ec100000,0x00000000ed000000,0x00000000ed000000)
  from space 2560K, 0% used [0x00000000ed000000,0x00000000ed000000,0x00000000ed280000)
  to   space 5120K, 0% used [0x00000000ee400000,0x00000000ee400000,0x00000000ee900000)
 ParOldGen       total 30720K, used 7782K [0x00000000c4200000, 0x00000000c6000000, 0x00000000ec100000)
  object space 30720K, 25% used [0x00000000c4200000,0x00000000c4999bd0,0x00000000c6000000)
 Metaspace       used 21566K, capacity 22786K, committed 23040K, reserved 1069056K
  class space    used 3027K, capacity 3248K, committed 3328K, reserved 1048576K
Event: 11,586 GC heap after
Heap after GC invocations=7 (full 1):
 PSYoungGen      total 30720K, used 4608K [0x00000000ec100000, 0x00000000ee880000, 0x0000000100000000)
  eden space 26112K, 0% used [0x00000000ec100000,0x00000000ec100000,0x00000000eda80000)
  from space 4608K, 100% used [0x00000000ee400000,0x00000000ee880000,0x00000000ee880000)
  to   space 5632K, 0% used [0x00000000edd80000,0x00000000edd80000,0x00000000ee300000)
 ParOldGen       total 30720K, used 7790K [0x00000000c4200000, 0x00000000c6000000, 0x00000000ec100000)
  object space 30720K, 25% used [0x00000000c4200000,0x00000000c499bbd0,0x00000000c6000000)
 Metaspace       used 21566K, capacity 22786K, committed 23040K, reserved 1069056K
  class space    used 3027K, capacity 3248K, committed 3328K, reserved 1048576K
}

