# JRE version: Java(TM) SE Runtime Environment (8.0_25-b17) (build 1.8.0_25-b17)
# Java VM: Java HotSpot(TM) 64-Bit Server VM (25.25-b02 mixed mode linux-amd64 compressed oops)
Heap:
 PSYoungGen      total 31232K, used 3474K [0x00000000ec100000, 0x00000000ee700000, 0x0000000100000000)
  eden space 28160K, 2% used [0x00000000ec100000,0x00000000ec1c49e8,0x00000000edc80000)
  from space 3072K, 87% used [0x00000000ee400000,0x00000000ee6a0020,0x00000000ee700000)
  to   space 5120K, 0% used [0x00000000edd00000,0x00000000edd00000,0x00000000ee200000)
 ParOldGen       total 27648K, used 6989K [0x00000000c4200000, 0x00000000c5d00000, 0x00000000ec100000)
  object space 27648K, 25% used [0x00000000c4200000,0x00000000c48d3438,0x00000000c5d00000)
 Metaspace       used 21555K, capacity 22676K, committed 22704K, reserved 1069056K
  class space    used 3008K, capacity 3225K, committed 3248K, reserved 1048576K
GC Heap History (10 events):
Event: 15,333 GC heap before
{Heap before GC invocations=3 (full 0):
 PSYoungGen      total 17920K, used 17888K [0x00000000ec100000, 0x00000000ed500000, 0x0000000100000000)
  eden space 15360K, 100% used [0x00000000ec100000,0x00000000ed000000,0x00000000ed000000)
  from space 2560K, 98% used [0x00000000ed280000,0x00000000ed4f8070,0x00000000ed500000)
  to   space 2560K, 0% used [0x00000000ed000000,0x00000000ed000000,0x00000000ed280000)
 ParOldGen       total 40960K, used 2757K [0x00000000c4200000, 0x00000000c6a00000, 0x00000000ec100000)
  object space 40960K, 6% used [0x00000000c4200000,0x00000000c44b17a8,0x00000000c6a00000)
 Metaspace       used 18552K, capacity 19138K, committed 19456K, reserved 1067008K
  class space    used 2581K, capacity 2720K, committed 2816K, reserved 1048576K
Event: 15,343 GC heap after
Heap after GC invocations=3 (full 0):
 PSYoungGen      total 17920K, used 2544K [0x00000000ec100000, 0x00000000ed500000, 0x0000000100000000)
  eden space 15360K, 0% used [0x00000000ec100000,0x00000000ec100000,0x00000000ed000000)
  from space 2560K, 99% used [0x00000000ed000000,0x00000000ed27c068,0x00000000ed280000)
  to   space 2560K, 0% used [0x00000000ed280000,0x00000000ed280000,0x00000000ed500000)
 ParOldGen       total 40960K, used 4053K [0x00000000c4200000, 0x00000000c6a00000, 0x00000000ec100000)
  object space 40960K, 9% used [0x00000000c4200000,0x00000000c45f57e8,0x00000000c6a00000)
 Metaspace       used 18552K, capacity 19138K, committed 19456K, reserved 1067008K
  class space    used 2581K, capacity 2720K, committed 2816K, reserved 1048576K
}
Event: 15,587 GC heap before
{Heap before GC invocations=4 (full 0):
 PSYoungGen      total 17920K, used 17904K [0x00000000ec100000, 0x00000000ed500000, 0x0000000100000000)
  eden space 15360K, 100% used [0x00000000ec100000,0x00000000ed000000,0x00000000ed000000)
  from space 2560K, 99% used [0x00000000ed000000,0x00000000ed27c068,0x00000000ed280000)
  to   space 2560K, 0% used [0x00000000ed280000,0x00000000ed280000,0x00000000ed500000)
 ParOldGen       total 40960K, used 4053K [0x00000000c4200000, 0x00000000c6a00000, 0x00000000ec100000)
  object space 40960K, 9% used [0x00000000c4200000,0x00000000c45f57e8,0x00000000c6a00000)
 Metaspace       used 19370K, capacity 20130K, committed 20352K, reserved 1067008K
  class space    used 2715K, capacity 2888K, committed 2944K, reserved 1048576K
Event: 15,593 GC heap after
Heap after GC invocations=4 (full 0):
 PSYoungGen      total 17920K, used 2544K [0x00000000ec100000, 0x00000000ed500000, 0x0000000100000000)
  eden space 15360K, 0% used [0x00000000ec100000,0x00000000ec100000,0x00000000ed000000)
  from space 2560K, 99% used [0x00000000ed280000,0x00000000ed4fc068,0x00000000ed500000)
  to   space 2560K, 0% used [0x00000000ed000000,0x00000000ed000000,0x00000000ed280000)
 ParOldGen       total 40960K, used 4613K [0x00000000c4200000, 0x00000000c6a00000, 0x00000000ec100000)
  object space 40960K, 11% used [0x00000000c4200000,0x00000000c4681438,0x00000000c6a00000)
 Metaspace       used 19370K, capacity 20130K, committed 20352K, reserved 1067008K
  class space    used 2715K, capacity 2888K, committed 2944K, reserved 1048576K
}
Event: 15,809 GC heap before
{Heap before GC invocations=5 (full 0):
 PSYoungGen      total 17920K, used 9207K [0x00000000ec100000, 0x00000000ed500000, 0x0000000100000000)
  eden space 15360K, 43% used [0x00000000ec100000,0x00000000ec781e60,0x00000000ed000000)
  from space 2560K, 99% used [0x00000000ed280000,0x00000000ed4fc068,0x00000000ed500000)
  to   space 2560K, 0% used [0x00000000ed000000,0x00000000ed000000,0x00000000ed280000)
 ParOldGen       total 40960K, used 4613K [0x00000000c4200000, 0x00000000c6a00000, 0x00000000ec100000)
  object space 40960K, 11% used [0x00000000c4200000,0x00000000c4681438,0x00000000c6a00000)
 Metaspace       used 20284K, capacity 21254K, committed 21296K, reserved 1067008K
  class space    used 2885K, capacity 3078K, committed 3120K, reserved 1048576K
Event: 15,818 GC heap after
Heap after GC invocations=5 (full 0):
 PSYoungGen      total 17920K, used 2528K [0x00000000ec100000, 0x00000000ee900000, 0x0000000100000000)
  eden space 15360K, 0% used [0x00000000ec100000,0x00000000ec100000,0x00000000ed000000)
  from space 2560K, 98% used [0x00000000ed000000,0x00000000ed278060,0x00000000ed280000)
  to   space 5120K, 0% used [0x00000000ee400000,0x00000000ee400000,0x00000000ee900000)
 ParOldGen       total 40960K, used 5369K [0x00000000c4200000, 0x00000000c6a00000, 0x00000000ec100000)
  object space 40960K, 13% used [0x00000000c4200000,0x00000000c473e460,0x00000000c6a00000)
 Metaspace       used 20284K, capacity 21254K, committed 21296K, reserved 1067008K
  class space    used 2885K, capacity 3078K, committed 3120K, reserved 1048576K
}
Event: 15,818 GC heap before
{Heap before GC invocations=6 (full 1):
 PSYoungGen      total 17920K, used 2528K [0x00000000ec100000, 0x00000000ee900000, 0x0000000100000000)
  eden space 15360K, 0% used [0x00000000ec100000,0x00000000ec100000,0x00000000ed000000)
  from space 2560K, 98% used [0x00000000ed000000,0x00000000ed278060,0x00000000ed280000)
  to   space 5120K, 0% used [0x00000000ee400000,0x00000000ee400000,0x00000000ee900000)
 ParOldGen       total 40960K, used 5369K [0x00000000c4200000, 0x00000000c6a00000, 0x00000000ec100000)
  object space 40960K, 13% used [0x00000000c4200000,0x00000000c473e460,0x00000000c6a00000)
 Metaspace       used 20284K, capacity 21254K, committed 21296K, reserved 1067008K
  class space    used 2885K, capacity 3078K, committed 3120K, reserved 1048576K
Event: 15,864 GC heap after
Heap after GC invocations=6 (full 1):
 PSYoungGen      total 17920K, used 0K [0x00000000ec100000, 0x00000000ee900000, 0x0000000100000000)
  eden space 15360K, 0% used [0x00000000ec100000,0x00000000ec100000,0x00000000ed000000)
  from space 2560K, 0% used [0x00000000ed000000,0x00000000ed000000,0x00000000ed280000)
  to   space 5120K, 0% used [0x00000000ee400000,0x00000000ee400000,0x00000000ee900000)
 ParOldGen       total 27648K, used 6981K [0x00000000c4200000, 0x00000000c5d00000, 0x00000000ec100000)
  object space 27648K, 25% used [0x00000000c4200000,0x00000000c48d1438,0x00000000c5d00000)
 Metaspace       used 20283K, capacity 21252K, committed 21296K, reserved 1067008K
  class space    used 2884K, capacity 3077K, committed 3120K, reserved 1048576K
}
Event: 49,788 GC heap before
{Heap before GC invocations=7 (full 1):
 PSYoungGen      total 17920K, used 15360K [0x00000000ec100000, 0x00000000ee900000, 0x0000000100000000)
  eden space 15360K, 100% used [0x00000000ec100000,0x00000000ed000000,0x00000000ed000000)
  from space 2560K, 0% used [0x00000000ed000000,0x00000000ed000000,0x00000000ed280000)
  to   space 5120K, 0% used [0x00000000ee400000,0x00000000ee400000,0x00000000ee900000)
 ParOldGen       total 27648K, used 6981K [0x00000000c4200000, 0x00000000c5d00000, 0x00000000ec100000)
  object space 27648K, 25% used [0x00000000c4200000,0x00000000c48d1438,0x00000000c5d00000)
 Metaspace       used 21552K, capacity 22676K, committed 22704K, reserved 1069056K
  class space    used 3008K, capacity 3225K, committed 3248K, reserved 1048576K
Event: 49,796 GC heap after
Heap after GC invocations=7 (full 1):
 PSYoungGen      total 31232K, used 2688K [0x00000000ec100000, 0x00000000ee700000, 0x0000000100000000)
  eden space 28160K, 0% used [0x00000000ec100000,0x00000000ec100000,0x00000000edc80000)
  from space 3072K, 87% used [0x00000000ee400000,0x00000000ee6a0020,0x00000000ee700000)
  to   space 5120K, 0% used [0x00000000edd00000,0x00000000edd00000,0x00000000ee200000)
 ParOldGen       total 27648K, used 6989K [0x00000000c4200000, 0x00000000c5d00000, 0x00000000ec100000)
  object space 27648K, 25% used [0x00000000c4200000,0x00000000c48d3438,0x00000000c5d00000)
 Metaspace       used 21552K, capacity 22676K, committed 22704K, reserved 1069056K
  class space    used 3008K, capacity 3225K, committed 3248K, reserved 1048576K
}

