# JRE version: Java(TM) SE Runtime Environment (8.0_66-b17) (build 1.8.0_66-b17)
# Java VM: Java HotSpot(TM) 64-Bit Server VM (25.66-b17 mixed mode linux-amd64 compressed oops)
Heap:
 PSYoungGen      total 26624K, used 1534K [0x00000000ec100000, 0x00000000ee280000, 0x0000000100000000)
  eden space 20992K, 2% used [0x00000000ec100000,0x00000000ec18b870,0x00000000ed580000)
  from space 5632K, 17% used [0x00000000edd00000,0x00000000eddf4050,0x00000000ee280000)
  to   space 6656K, 0% used [0x00000000ed580000,0x00000000ed580000,0x00000000edc00000)
 ParOldGen       total 35328K, used 7988K [0x00000000c4200000, 0x00000000c6480000, 0x00000000ec100000)
  object space 35328K, 22% used [0x00000000c4200000,0x00000000c49cd388,0x00000000c6480000)
 Metaspace       used 21427K, capacity 22534K, committed 22656K, reserved 1069056K
  class space    used 2883K, capacity 3148K, committed 3200K, reserved 1048576K
GC Heap History (10 events):
Event: 3,683 GC heap before
{Heap before GC invocations=3 (full 0):
 PSYoungGen      total 17920K, used 17888K [0x00000000ec100000, 0x00000000ed500000, 0x0000000100000000)
  eden space 15360K, 100% used [0x00000000ec100000,0x00000000ed000000,0x00000000ed000000)
  from space 2560K, 98% used [0x00000000ed280000,0x00000000ed4f8070,0x00000000ed500000)
  to   space 2560K, 0% used [0x00000000ed000000,0x00000000ed000000,0x00000000ed280000)
 ParOldGen       total 40960K, used 2805K [0x00000000c4200000, 0x00000000c6a00000, 0x00000000ec100000)
  object space 40960K, 6% used [0x00000000c4200000,0x00000000c44bd440,0x00000000c6a00000)
 Metaspace       used 18496K, capacity 19154K, committed 19456K, reserved 1067008K
  class space    used 2577K, capacity 2766K, committed 2816K, reserved 1048576K
Event: 3,690 GC heap after
Heap after GC invocations=3 (full 0):
 PSYoungGen      total 17920K, used 2528K [0x00000000ec100000, 0x00000000ed500000, 0x0000000100000000)
  eden space 15360K, 0% used [0x00000000ec100000,0x00000000ec100000,0x00000000ed000000)
  from space 2560K, 98% used [0x00000000ed000000,0x00000000ed278068,0x00000000ed280000)
  to   space 2560K, 0% used [0x00000000ed280000,0x00000000ed280000,0x00000000ed500000)
 ParOldGen       total 40960K, used 5168K [0x00000000c4200000, 0x00000000c6a00000, 0x00000000ec100000)
  object space 40960K, 12% used [0x00000000c4200000,0x00000000c470c290,0x00000000c6a00000)
 Metaspace       used 18496K, capacity 19154K, committed 19456K, reserved 1067008K
  class space    used 2577K, capacity 2766K, committed 2816K, reserved 1048576K
}
Event: 4,078 GC heap before
{Heap before GC invocations=4 (full 0):
 PSYoungGen      total 17920K, used 12996K [0x00000000ec100000, 0x00000000ed500000, 0x0000000100000000)
  eden space 15360K, 68% used [0x00000000ec100000,0x00000000ecb39070,0x00000000ed000000)
  from space 2560K, 98% used [0x00000000ed000000,0x00000000ed278068,0x00000000ed280000)
  to   space 2560K, 0% used [0x00000000ed280000,0x00000000ed280000,0x00000000ed500000)
 ParOldGen       total 40960K, used 5168K [0x00000000c4200000, 0x00000000c6a00000, 0x00000000ec100000)
  object space 40960K, 12% used [0x00000000c4200000,0x00000000c470c290,0x00000000c6a00000)
 Metaspace       used 20237K, capacity 21210K, committed 21248K, reserved 1067008K
  class space    used 2845K, capacity 3066K, committed 3072K, reserved 1048576K
Event: 4,085 GC heap after
Heap after GC invocations=4 (full 0):
 PSYoungGen      total 17920K, used 2528K [0x00000000ec100000, 0x00000000ed500000, 0x0000000100000000)
  eden space 15360K, 0% used [0x00000000ec100000,0x00000000ec100000,0x00000000ed000000)
  from space 2560K, 98% used [0x00000000ed280000,0x00000000ed4f8068,0x00000000ed500000)
  to   space 2560K, 0% used [0x00000000ed000000,0x00000000ed000000,0x00000000ed280000)
 ParOldGen       total 40960K, used 6576K [0x00000000c4200000, 0x00000000c6a00000, 0x00000000ec100000)
  object space 40960K, 16% used [0x00000000c4200000,0x00000000c486c2c0,0x00000000c6a00000)
 Metaspace       used 20237K, capacity 21210K, committed 21248K, reserved 1067008K
  class space    used 2845K, capacity 3066K, committed 3072K, reserved 1048576K
}
Event: 4,085 GC heap before
{Heap before GC invocations=5 (full 1):
 PSYoungGen      total 17920K, used 2528K [0x00000000ec100000, 0x00000000ed500000, 0x0000000100000000)
  eden space 15360K, 0% used [0x00000000ec100000,0x00000000ec100000,0x00000000ed000000)
  from space 2560K, 98% used [0x00000000ed280000,0x00000000ed4f8068,0x00000000ed500000)
  to   space 2560K, 0% used [0x00000000ed000000,0x00000000ed000000,0x00000000ed280000)
 ParOldGen       total 40960K, used 6576K [0x00000000c4200000, 0x00000000c6a00000, 0x00000000ec100000)
  object space 40960K, 16% used [0x00000000c4200000,0x00000000c486c2c0,0x00000000c6a00000)
 Metaspace       used 20237K, capacity 21210K, committed 21248K, reserved 1067008K
  class space    used 2845K, capacity 3066K, committed 3072K, reserved 1048576K
Event: 4,122 GC heap after
Heap after GC invocations=5 (full 1):
 PSYoungGen      total 17920K, used 0K [0x00000000ec100000, 0x00000000ed500000, 0x0000000100000000)
  eden space 15360K, 0% used [0x00000000ec100000,0x00000000ec100000,0x00000000ed000000)
  from space 2560K, 0% used [0x00000000ed280000,0x00000000ed280000,0x00000000ed500000)
  to   space 2560K, 0% used [0x00000000ed000000,0x00000000ed000000,0x00000000ed280000)
 ParOldGen       total 35328K, used 7972K [0x00000000c4200000, 0x00000000c6480000, 0x00000000ec100000)
  object space 35328K, 22% used [0x00000000c4200000,0x00000000c49c9388,0x00000000c6480000)
 Metaspace       used 20237K, capacity 21210K, committed 21248K, reserved 1067008K
  class space    used 2845K, capacity 3066K, committed 3072K, reserved 1048576K
}
Event: 49,674 GC heap before
{Heap before GC invocations=6 (full 1):
 PSYoungGen      total 17920K, used 15360K [0x00000000ec100000, 0x00000000ed500000, 0x0000000100000000)
  eden space 15360K, 100% used [0x00000000ec100000,0x00000000ed000000,0x00000000ed000000)
  from space 2560K, 0% used [0x00000000ed280000,0x00000000ed280000,0x00000000ed500000)
  to   space 2560K, 0% used [0x00000000ed000000,0x00000000ed000000,0x00000000ed280000)
 ParOldGen       total 35328K, used 7972K [0x00000000c4200000, 0x00000000c6480000, 0x00000000ec100000)
  object space 35328K, 22% used [0x00000000c4200000,0x00000000c49c9388,0x00000000c6480000)
 Metaspace       used 21099K, capacity 22170K, committed 22400K, reserved 1069056K
  class space    used 2876K, capacity 3114K, committed 3200K, reserved 1048576K
Event: 49,676 GC heap after
Heap after GC invocations=6 (full 1):
 PSYoungGen      total 17920K, used 800K [0x00000000ec100000, 0x00000000ee380000, 0x0000000100000000)
  eden space 15360K, 0% used [0x00000000ec100000,0x00000000ec100000,0x00000000ed000000)
  from space 2560K, 31% used [0x00000000ed000000,0x00000000ed0c8020,0x00000000ed280000)
  to   space 6656K, 0% used [0x00000000edd00000,0x00000000edd00000,0x00000000ee380000)
 ParOldGen       total 35328K, used 7980K [0x00000000c4200000, 0x00000000c6480000, 0x00000000ec100000)
  object space 35328K, 22% used [0x00000000c4200000,0x00000000c49cb388,0x00000000c6480000)
 Metaspace       used 21099K, capacity 22170K, committed 22400K, reserved 1069056K
  class space    used 2876K, capacity 3114K, committed 3200K, reserved 1048576K
}
Event: 69,432 GC heap before
{Heap before GC invocations=7 (full 1):
 PSYoungGen      total 17920K, used 16160K [0x00000000ec100000, 0x00000000ee380000, 0x0000000100000000)
  eden space 15360K, 100% used [0x00000000ec100000,0x00000000ed000000,0x00000000ed000000)
  from space 2560K, 31% used [0x00000000ed000000,0x00000000ed0c8020,0x00000000ed280000)
  to   space 6656K, 0% used [0x00000000edd00000,0x00000000edd00000,0x00000000ee380000)
 ParOldGen       total 35328K, used 7980K [0x00000000c4200000, 0x00000000c6480000, 0x00000000ec100000)
  object space 35328K, 22% used [0x00000000c4200000,0x00000000c49cb388,0x00000000c6480000)
 Metaspace       used 21414K, capacity 22534K, committed 22656K, reserved 1069056K
  class space    used 2883K, capacity 3148K, committed 3200K, reserved 1048576K
Event: 69,436 GC heap after
Heap after GC invocations=7 (full 1):
 PSYoungGen      total 26624K, used 976K [0x00000000ec100000, 0x00000000ee280000, 0x0000000100000000)
  eden space 20992K, 0% used [0x00000000ec100000,0x00000000ec100000,0x00000000ed580000)
  from space 5632K, 17% used [0x00000000edd00000,0x00000000eddf4050,0x00000000ee280000)
  to   space 6656K, 0% used [0x00000000ed580000,0x00000000ed580000,0x00000000edc00000)
 ParOldGen       total 35328K, used 7988K [0x00000000c4200000, 0x00000000c6480000, 0x00000000ec100000)
  object space 35328K, 22% used [0x00000000c4200000,0x00000000c49cd388,0x00000000c6480000)
 Metaspace       used 21414K, capacity 22534K, committed 22656K, reserved 1069056K
  class space    used 2883K, capacity 3148K, committed 3200K, reserved 1048576K
}

