# JRE version: Java(TM) SE Runtime Environment (8.0_66-b17) (build 1.8.0_66-b17)
# Java VM: Java HotSpot(TM) 64-Bit Server VM (25.66-b17 mixed mode linux-amd64 compressed oops)
Heap:
 PSYoungGen      total 17920K, used 4767K [0x00000000ec100000, 0x00000000ed500000, 0x0000000100000000)
  eden space 15360K, 31% used [0x00000000ec100000,0x00000000ec5a7c08,0x00000000ed000000)
  from space 2560K, 0% used [0x00000000ed280000,0x00000000ed280000,0x00000000ed500000)
  to   space 2560K, 0% used [0x00000000ed000000,0x00000000ed000000,0x00000000ed280000)
 ParOldGen       total 26624K, used 7500K [0x00000000c4200000, 0x00000000c5c00000, 0x00000000ec100000)
  object space 26624K, 28% used [0x00000000c4200000,0x00000000c4953268,0x00000000c5c00000)
 Metaspace       used 21016K, capacity 22100K, committed 22400K, reserved 1069056K
  class space    used 2893K, capacity 3147K, committed 3200K, reserved 1048576K
GC Heap History (10 events):
Event: 1,465 GC heap before
{Heap before GC invocations=1 (full 0):
 PSYoungGen      total 17920K, used 15360K [0x00000000ec100000, 0x00000000ed500000, 0x0000000100000000)
  eden space 15360K, 100% used [0x00000000ec100000,0x00000000ed000000,0x00000000ed000000)
  from space 2560K, 0% used [0x00000000ed280000,0x00000000ed280000,0x00000000ed500000)
  to   space 2560K, 0% used [0x00000000ed000000,0x00000000ed000000,0x00000000ed280000)
 ParOldGen       total 40960K, used 0K [0x00000000c4200000, 0x00000000c6a00000, 0x00000000ec100000)
  object space 40960K, 0% used [0x00000000c4200000,0x00000000c4200000,0x00000000c6a00000)
 Metaspace       used 9347K, capacity 9680K, committed 9856K, reserved 1058816K
  class space    used 1196K, capacity 1302K, committed 1408K, reserved 1048576K
Event: 1,470 GC heap after
Heap after GC invocations=1 (full 0):
 PSYoungGen      total 17920K, used 2160K [0x00000000ec100000, 0x00000000ed500000, 0x0000000100000000)
  eden space 15360K, 0% used [0x00000000ec100000,0x00000000ec100000,0x00000000ed000000)
  from space 2560K, 84% used [0x00000000ed000000,0x00000000ed21c040,0x00000000ed280000)
  to   space 2560K, 0% used [0x00000000ed280000,0x00000000ed280000,0x00000000ed500000)
 ParOldGen       total 40960K, used 8K [0x00000000c4200000, 0x00000000c6a00000, 0x00000000ec100000)
  object space 40960K, 0% used [0x00000000c4200000,0x00000000c4202000,0x00000000c6a00000)
 Metaspace       used 9347K, capacity 9680K, committed 9856K, reserved 1058816K
  class space    used 1196K, capacity 1302K, committed 1408K, reserved 1048576K
}
Event: 4,806 GC heap before
{Heap before GC invocations=2 (full 0):
 PSYoungGen      total 17920K, used 17520K [0x00000000ec100000, 0x00000000ed500000, 0x0000000100000000)
  eden space 15360K, 100% used [0x00000000ec100000,0x00000000ed000000,0x00000000ed000000)
  from space 2560K, 84% used [0x00000000ed000000,0x00000000ed21c040,0x00000000ed280000)
  to   space 2560K, 0% used [0x00000000ed280000,0x00000000ed280000,0x00000000ed500000)
 ParOldGen       total 40960K, used 8K [0x00000000c4200000, 0x00000000c6a00000, 0x00000000ec100000)
  object space 40960K, 0% used [0x00000000c4200000,0x00000000c4202000,0x00000000c6a00000)
 Metaspace       used 14967K, capacity 15400K, committed 15744K, reserved 1062912K
  class space    used 1934K, capacity 2073K, committed 2176K, reserved 1048576K
Event: 4,815 GC heap after
Heap after GC invocations=2 (full 0):
 PSYoungGen      total 17920K, used 2528K [0x00000000ec100000, 0x00000000ed500000, 0x0000000100000000)
  eden space 15360K, 0% used [0x00000000ec100000,0x00000000ec100000,0x00000000ed000000)
  from space 2560K, 98% used [0x00000000ed280000,0x00000000ed4f8070,0x00000000ed500000)
  to   space 2560K, 0% used [0x00000000ed000000,0x00000000ed000000,0x00000000ed280000)
 ParOldGen       total 40960K, used 2832K [0x00000000c4200000, 0x00000000c6a00000, 0x00000000ec100000)
  object space 40960K, 6% used [0x00000000c4200000,0x00000000c44c42a8,0x00000000c6a00000)
 Metaspace       used 14967K, capacity 15400K, committed 15744K, reserved 1062912K
  class space    used 1934K, capacity 2073K, committed 2176K, reserved 1048576K
}
Event: 16,355 GC heap before
{Heap before GC invocations=3 (full 0):
 PSYoungGen      total 17920K, used 17888K [0x00000000ec100000, 0x00000000ed500000, 0x0000000100000000)
  eden space 15360K, 100% used [0x00000000ec100000,0x00000000ed000000,0x00000000ed000000)
  from space 2560K, 98% used [0x00000000ed280000,0x00000000ed4f8070,0x00000000ed500000)
  to   space 2560K, 0% used [0x00000000ed000000,0x00000000ed000000,0x00000000ed280000)
 ParOldGen       total 40960K, used 2832K [0x00000000c4200000, 0x00000000c6a00000, 0x00000000ec100000)
  object space 40960K, 6% used [0x00000000c4200000,0x00000000c44c42a8,0x00000000c6a00000)
 Metaspace       used 19028K, capacity 19664K, committed 19968K, reserved 1067008K
  class space    used 2573K, capacity 2745K, committed 2816K, reserved 1048576K
Event: 16,362 GC heap after
Heap after GC invocations=3 (full 0):
 PSYoungGen      total 17920K, used 2528K [0x00000000ec100000, 0x00000000ed500000, 0x0000000100000000)
  eden space 15360K, 0% used [0x00000000ec100000,0x00000000ec100000,0x00000000ed000000)
  from space 2560K, 98% used [0x00000000ed000000,0x00000000ed278030,0x00000000ed280000)
  to   space 2560K, 0% used [0x00000000ed280000,0x00000000ed280000,0x00000000ed500000)
 ParOldGen       total 40960K, used 5194K [0x00000000c4200000, 0x00000000c6a00000, 0x00000000ec100000)
  object space 40960K, 12% used [0x00000000c4200000,0x00000000c47128c8,0x00000000c6a00000)
 Metaspace       used 19028K, capacity 19664K, committed 19968K, reserved 1067008K
  class space    used 2573K, capacity 2745K, committed 2816K, reserved 1048576K
}
Event: 16,774 GC heap before
{Heap before GC invocations=4 (full 0):
 PSYoungGen      total 17920K, used 12088K [0x00000000ec100000, 0x00000000ed500000, 0x0000000100000000)
  eden space 15360K, 62% used [0x00000000ec100000,0x00000000eca56280,0x00000000ed000000)
  from space 2560K, 98% used [0x00000000ed000000,0x00000000ed278030,0x00000000ed280000)
  to   space 2560K, 0% used [0x00000000ed280000,0x00000000ed280000,0x00000000ed500000)
 ParOldGen       total 40960K, used 5194K [0x00000000c4200000, 0x00000000c6a00000, 0x00000000ec100000)
  object space 40960K, 12% used [0x00000000c4200000,0x00000000c47128c8,0x00000000c6a00000)
 Metaspace       used 20274K, capacity 21144K, committed 21248K, reserved 1067008K
  class space    used 2759K, capacity 3001K, committed 3072K, reserved 1048576K
Event: 16,781 GC heap after
Heap after GC invocations=4 (full 0):
 PSYoungGen      total 17920K, used 2528K [0x00000000ec100000, 0x00000000ed500000, 0x0000000100000000)
  eden space 15360K, 0% used [0x00000000ec100000,0x00000000ec100000,0x00000000ed000000)
  from space 2560K, 98% used [0x00000000ed280000,0x00000000ed4f8030,0x00000000ed500000)
  to   space 2560K, 0% used [0x00000000ed000000,0x00000000ed000000,0x00000000ed280000)
 ParOldGen       total 40960K, used 5894K [0x00000000c4200000, 0x00000000c6a00000, 0x00000000ec100000)
  object space 40960K, 14% used [0x00000000c4200000,0x00000000c47c18f8,0x00000000c6a00000)
 Metaspace       used 20274K, capacity 21144K, committed 21248K, reserved 1067008K
  class space    used 2759K, capacity 3001K, committed 3072K, reserved 1048576K
}
Event: 16,781 GC heap before
{Heap before GC invocations=5 (full 1):
 PSYoungGen      total 17920K, used 2528K [0x00000000ec100000, 0x00000000ed500000, 0x0000000100000000)
  eden space 15360K, 0% used [0x00000000ec100000,0x00000000ec100000,0x00000000ed000000)
  from space 2560K, 98% used [0x00000000ed280000,0x00000000ed4f8030,0x00000000ed500000)
  to   space 2560K, 0% used [0x00000000ed000000,0x00000000ed000000,0x00000000ed280000)
 ParOldGen       total 40960K, used 5894K [0x00000000c4200000, 0x00000000c6a00000, 0x00000000ec100000)
  object space 40960K, 14% used [0x00000000c4200000,0x00000000c47c18f8,0x00000000c6a00000)
 Metaspace       used 20274K, capacity 21144K, committed 21248K, reserved 1067008K
  class space    used 2759K, capacity 3001K, committed 3072K, reserved 1048576K
Event: 16,826 GC heap after
Heap after GC invocations=5 (full 1):
 PSYoungGen      total 17920K, used 0K [0x00000000ec100000, 0x00000000ed500000, 0x0000000100000000)
  eden space 15360K, 0% used [0x00000000ec100000,0x00000000ec100000,0x00000000ed000000)
  from space 2560K, 0% used [0x00000000ed280000,0x00000000ed280000,0x00000000ed500000)
  to   space 2560K, 0% used [0x00000000ed000000,0x00000000ed000000,0x00000000ed280000)
 ParOldGen       total 26624K, used 7500K [0x00000000c4200000, 0x00000000c5c00000, 0x00000000ec100000)
  object space 26624K, 28% used [0x00000000c4200000,0x00000000c4953268,0x00000000c5c00000)
 Metaspace       used 20274K, capacity 21144K, committed 21248K, reserved 1067008K
  class space    used 2759K, capacity 3001K, committed 3072K, reserved 1048576K
}

