# JRE version: Java(TM) SE Runtime Environment (8.0_25-b17) (build 1.8.0_25-b17)
# Java VM: Java HotSpot(TM) 64-Bit Server VM (25.25-b02 mixed mode linux-amd64 compressed oops)
Heap:
 PSYoungGen      total 35328K, used 7224K [0x00000000ec100000, 0x00000000ef980000, 0x0000000100000000)
  eden space 29696K, 5% used [0x00000000ec100000,0x00000000ec28e070,0x00000000ede00000)
  from space 5632K, 100% used [0x00000000ede00000,0x00000000ee380000,0x00000000ee380000)
  to   space 6656K, 0% used [0x00000000ef300000,0x00000000ef300000,0x00000000ef980000)
 ParOldGen       total 29696K, used 7921K [0x00000000c4200000, 0x00000000c5f00000, 0x00000000ec100000)
  object space 29696K, 26% used [0x00000000c4200000,0x00000000c49bc560,0x00000000c5f00000)
 Metaspace       used 22613K, capacity 23876K, committed 24064K, reserved 1071104K
  class space    used 3087K, capacity 3301K, committed 3328K, reserved 1048576K
GC Heap History (10 events):
Event: 10,717 GC heap before
{Heap before GC invocations=4 (full 0):
 PSYoungGen      total 17920K, used 17904K [0x00000000ec100000, 0x00000000ed500000, 0x0000000100000000)
  eden space 15360K, 100% used [0x00000000ec100000,0x00000000ed000000,0x00000000ed000000)
  from space 2560K, 99% used [0x00000000ed000000,0x00000000ed27c080,0x00000000ed280000)
  to   space 2560K, 0% used [0x00000000ed280000,0x00000000ed280000,0x00000000ed500000)
 ParOldGen       total 40960K, used 4054K [0x00000000c4200000, 0x00000000c6a00000, 0x00000000ec100000)
  object space 40960K, 9% used [0x00000000c4200000,0x00000000c45f59d8,0x00000000c6a00000)
 Metaspace       used 19464K, capacity 20240K, committed 20352K, reserved 1067008K
  class space    used 2724K, capacity 2901K, committed 2944K, reserved 1048576K
Event: 10,724 GC heap after
Heap after GC invocations=4 (full 0):
 PSYoungGen      total 17920K, used 2544K [0x00000000ec100000, 0x00000000ed500000, 0x0000000100000000)
  eden space 15360K, 0% used [0x00000000ec100000,0x00000000ec100000,0x00000000ed000000)
  from space 2560K, 99% used [0x00000000ed280000,0x00000000ed4fc0a0,0x00000000ed500000)
  to   space 2560K, 0% used [0x00000000ed000000,0x00000000ed000000,0x00000000ed280000)
 ParOldGen       total 40960K, used 4890K [0x00000000c4200000, 0x00000000c6a00000, 0x00000000ec100000)
  object space 40960K, 11% used [0x00000000c4200000,0x00000000c46c68e8,0x00000000c6a00000)
 Metaspace       used 19464K, capacity 20240K, committed 20352K, reserved 1067008K
  class space    used 2724K, capacity 2901K, committed 2944K, reserved 1048576K
}
Event: 10,983 GC heap before
{Heap before GC invocations=5 (full 0):
 PSYoungGen      total 17920K, used 9902K [0x00000000ec100000, 0x00000000ed500000, 0x0000000100000000)
  eden space 15360K, 47% used [0x00000000ec100000,0x00000000ec82fa18,0x00000000ed000000)
  from space 2560K, 99% used [0x00000000ed280000,0x00000000ed4fc0a0,0x00000000ed500000)
  to   space 2560K, 0% used [0x00000000ed000000,0x00000000ed000000,0x00000000ed280000)
 ParOldGen       total 40960K, used 4890K [0x00000000c4200000, 0x00000000c6a00000, 0x00000000ec100000)
  object space 40960K, 11% used [0x00000000c4200000,0x00000000c46c68e8,0x00000000c6a00000)
 Metaspace       used 20329K, capacity 21254K, committed 21296K, reserved 1067008K
  class space    used 2880K, capacity 3056K, committed 3072K, reserved 1048576K
Event: 10,991 GC heap after
Heap after GC invocations=5 (full 0):
 PSYoungGen      total 17920K, used 2528K [0x00000000ec100000, 0x00000000ee900000, 0x0000000100000000)
  eden space 15360K, 0% used [0x00000000ec100000,0x00000000ec100000,0x00000000ed000000)
  from space 2560K, 98% used [0x00000000ed000000,0x00000000ed2780b0,0x00000000ed280000)
  to   space 5120K, 0% used [0x00000000ee400000,0x00000000ee400000,0x00000000ee900000)
 ParOldGen       total 40960K, used 5630K [0x00000000c4200000, 0x00000000c6a00000, 0x00000000ec100000)
  object space 40960K, 13% used [0x00000000c4200000,0x00000000c477f800,0x00000000c6a00000)
 Metaspace       used 20329K, capacity 21254K, committed 21296K, reserved 1067008K
  class space    used 2880K, capacity 3056K, committed 3072K, reserved 1048576K
}
Event: 10,991 GC heap before
{Heap before GC invocations=6 (full 1):
 PSYoungGen      total 17920K, used 2528K [0x00000000ec100000, 0x00000000ee900000, 0x0000000100000000)
  eden space 15360K, 0% used [0x00000000ec100000,0x00000000ec100000,0x00000000ed000000)
  from space 2560K, 98% used [0x00000000ed000000,0x00000000ed2780b0,0x00000000ed280000)
  to   space 5120K, 0% used [0x00000000ee400000,0x00000000ee400000,0x00000000ee900000)
 ParOldGen       total 40960K, used 5630K [0x00000000c4200000, 0x00000000c6a00000, 0x00000000ec100000)
  object space 40960K, 13% used [0x00000000c4200000,0x00000000c477f800,0x00000000c6a00000)
 Metaspace       used 20329K, capacity 21254K, committed 21296K, reserved 1067008K
  class space    used 2880K, capacity 3056K, committed 3072K, reserved 1048576K
Event: 11,041 GC heap after
Heap after GC invocations=6 (full 1):
 PSYoungGen      total 17920K, used 0K [0x00000000ec100000, 0x00000000ee900000, 0x0000000100000000)
  eden space 15360K, 0% used [0x00000000ec100000,0x00000000ec100000,0x00000000ed000000)
  from space 2560K, 0% used [0x00000000ed000000,0x00000000ed000000,0x00000000ed280000)
  to   space 5120K, 0% used [0x00000000ee400000,0x00000000ee400000,0x00000000ee900000)
 ParOldGen       total 29696K, used 7105K [0x00000000c4200000, 0x00000000c5f00000, 0x00000000ec100000)
  object space 29696K, 23% used [0x00000000c4200000,0x00000000c48f0560,0x00000000c5f00000)
 Metaspace       used 20328K, capacity 21252K, committed 21296K, reserved 1067008K
  class space    used 2879K, capacity 3055K, committed 3072K, reserved 1048576K
}
Event: 11,845 GC heap before
{Heap before GC invocations=7 (full 1):
 PSYoungGen      total 17920K, used 15360K [0x00000000ec100000, 0x00000000ee900000, 0x0000000100000000)
  eden space 15360K, 100% used [0x00000000ec100000,0x00000000ed000000,0x00000000ed000000)
  from space 2560K, 0% used [0x00000000ed000000,0x00000000ed000000,0x00000000ed280000)
  to   space 5120K, 0% used [0x00000000ee400000,0x00000000ee400000,0x00000000ee900000)
 ParOldGen       total 29696K, used 7105K [0x00000000c4200000, 0x00000000c5f00000, 0x00000000ec100000)
  object space 29696K, 23% used [0x00000000c4200000,0x00000000c48f0560,0x00000000c5f00000)
 Metaspace       used 21544K, capacity 22774K, committed 23040K, reserved 1069056K
  class space    used 3031K, capacity 3248K, committed 3328K, reserved 1048576K
Event: 11,854 GC heap after
Heap after GC invocations=7 (full 1):
 PSYoungGen      total 31744K, used 4864K [0x00000000ec100000, 0x00000000ee900000, 0x0000000100000000)
  eden space 26624K, 0% used [0x00000000ec100000,0x00000000ec100000,0x00000000edb00000)
  from space 5120K, 95% used [0x00000000ee400000,0x00000000ee8c0000,0x00000000ee900000)
  to   space 5632K, 0% used [0x00000000ede00000,0x00000000ede00000,0x00000000ee380000)
 ParOldGen       total 29696K, used 7113K [0x00000000c4200000, 0x00000000c5f00000, 0x00000000ec100000)
  object space 29696K, 23% used [0x00000000c4200000,0x00000000c48f2560,0x00000000c5f00000)
 Metaspace       used 21544K, capacity 22774K, committed 23040K, reserved 1069056K
  class space    used 3031K, capacity 3248K, committed 3328K, reserved 1048576K
}
Event: 26,718 GC heap before
{Heap before GC invocations=8 (full 1):
 PSYoungGen      total 31744K, used 31488K [0x00000000ec100000, 0x00000000ee900000, 0x0000000100000000)
  eden space 26624K, 100% used [0x00000000ec100000,0x00000000edb00000,0x00000000edb00000)
  from space 5120K, 95% used [0x00000000ee400000,0x00000000ee8c0000,0x00000000ee900000)
  to   space 5632K, 0% used [0x00000000ede00000,0x00000000ede00000,0x00000000ee380000)
 ParOldGen       total 29696K, used 7113K [0x00000000c4200000, 0x00000000c5f00000, 0x00000000ec100000)
  object space 29696K, 23% used [0x00000000c4200000,0x00000000c48f2560,0x00000000c5f00000)
 Metaspace       used 22576K, capacity 23876K, committed 24064K, reserved 1071104K
  class space    used 3086K, capacity 3301K, committed 3328K, reserved 1048576K
Event: 26,741 GC heap after
Heap after GC invocations=8 (full 1):
 PSYoungGen      total 35328K, used 5632K [0x00000000ec100000, 0x00000000ef980000, 0x0000000100000000)
  eden space 29696K, 0% used [0x00000000ec100000,0x00000000ec100000,0x00000000ede00000)
  from space 5632K, 100% used [0x00000000ede00000,0x00000000ee380000,0x00000000ee380000)
  to   space 6656K, 0% used [0x00000000ef300000,0x00000000ef300000,0x00000000ef980000)
 ParOldGen       total 29696K, used 7921K [0x00000000c4200000, 0x00000000c5f00000, 0x00000000ec100000)
  object space 29696K, 26% used [0x00000000c4200000,0x00000000c49bc560,0x00000000c5f00000)
 Metaspace       used 22576K, capacity 23876K, committed 24064K, reserved 1071104K
  class space    used 3086K, capacity 3301K, committed 3328K, reserved 1048576K
}

