# JRE version: Java(TM) SE Runtime Environment (8.0_25-b17) (build 1.8.0_25-b17)
# Java VM: Java HotSpot(TM) 64-Bit Server VM (25.25-b02 mixed mode linux-amd64 compressed oops)
Heap:
 PSYoungGen      total 32256K, used 20229K [0x00000000ec100000, 0x00000000ee880000, 0x0000000100000000)
  eden space 27648K, 56% used [0x00000000ec100000,0x00000000ed049430,0x00000000edc00000)
  from space 4608K, 99% used [0x00000000ee400000,0x00000000ee878000,0x00000000ee880000)
  to   space 5632K, 0% used [0x00000000edd80000,0x00000000edd80000,0x00000000ee300000)
 ParOldGen       total 28672K, used 7094K [0x00000000c4200000, 0x00000000c5e00000, 0x00000000ec100000)
  object space 28672K, 24% used [0x00000000c4200000,0x00000000c48ed858,0x00000000c5e00000)
 Metaspace       used 22563K, capacity 23878K, committed 24064K, reserved 1071104K
  class space    used 3070K, capacity 3296K, committed 3328K, reserved 1048576K
GC Heap History (10 events):
Event: 11,974 GC heap before
{Heap before GC invocations=3 (full 0):
 PSYoungGen      total 17920K, used 17904K [0x00000000ec100000, 0x00000000ed500000, 0x0000000100000000)
  eden space 15360K, 100% used [0x00000000ec100000,0x00000000ed000000,0x00000000ed000000)
  from space 2560K, 99% used [0x00000000ed280000,0x00000000ed4fc080,0x00000000ed500000)
  to   space 2560K, 0% used [0x00000000ed000000,0x00000000ed000000,0x00000000ed280000)
 ParOldGen       total 40960K, used 2761K [0x00000000c4200000, 0x00000000c6a00000, 0x00000000ec100000)
  object space 40960K, 6% used [0x00000000c4200000,0x00000000c44b2498,0x00000000c6a00000)
 Metaspace       used 18429K, capacity 18996K, committed 19200K, reserved 1064960K
  class space    used 2562K, capacity 2715K, committed 2816K, reserved 1048576K
Event: 11,980 GC heap after
Heap after GC invocations=3 (full 0):
 PSYoungGen      total 17920K, used 2544K [0x00000000ec100000, 0x00000000ed500000, 0x0000000100000000)
  eden space 15360K, 0% used [0x00000000ec100000,0x00000000ec100000,0x00000000ed000000)
  from space 2560K, 99% used [0x00000000ed000000,0x00000000ed27c0a8,0x00000000ed280000)
  to   space 2560K, 0% used [0x00000000ed280000,0x00000000ed280000,0x00000000ed500000)
 ParOldGen       total 40960K, used 4016K [0x00000000c4200000, 0x00000000c6a00000, 0x00000000ec100000)
  object space 40960K, 9% used [0x00000000c4200000,0x00000000c45ec030,0x00000000c6a00000)
 Metaspace       used 18429K, capacity 18996K, committed 19200K, reserved 1064960K
  class space    used 2562K, capacity 2715K, committed 2816K, reserved 1048576K
}
Event: 12,250 GC heap before
{Heap before GC invocations=4 (full 0):
 PSYoungGen      total 17920K, used 17904K [0x00000000ec100000, 0x00000000ed500000, 0x0000000100000000)
  eden space 15360K, 100% used [0x00000000ec100000,0x00000000ed000000,0x00000000ed000000)
  from space 2560K, 99% used [0x00000000ed000000,0x00000000ed27c0a8,0x00000000ed280000)
  to   space 2560K, 0% used [0x00000000ed280000,0x00000000ed280000,0x00000000ed500000)
 ParOldGen       total 40960K, used 4016K [0x00000000c4200000, 0x00000000c6a00000, 0x00000000ec100000)
  object space 40960K, 9% used [0x00000000c4200000,0x00000000c45ec030,0x00000000c6a00000)
 Metaspace       used 19477K, capacity 20210K, committed 20352K, reserved 1067008K
  class space    used 2713K, capacity 2864K, committed 2944K, reserved 1048576K
Event: 12,257 GC heap after
Heap after GC invocations=4 (full 0):
 PSYoungGen      total 17920K, used 2528K [0x00000000ec100000, 0x00000000ed500000, 0x0000000100000000)
  eden space 15360K, 0% used [0x00000000ec100000,0x00000000ec100000,0x00000000ed000000)
  from space 2560K, 98% used [0x00000000ed280000,0x00000000ed4f8078,0x00000000ed500000)
  to   space 2560K, 0% used [0x00000000ed000000,0x00000000ed000000,0x00000000ed280000)
 ParOldGen       total 40960K, used 4899K [0x00000000c4200000, 0x00000000c6a00000, 0x00000000ec100000)
  object space 40960K, 11% used [0x00000000c4200000,0x00000000c46c8fb0,0x00000000c6a00000)
 Metaspace       used 19477K, capacity 20210K, committed 20352K, reserved 1067008K
  class space    used 2713K, capacity 2864K, committed 2944K, reserved 1048576K
}
Event: 12,460 GC heap before
{Heap before GC invocations=5 (full 0):
 PSYoungGen      total 17920K, used 9348K [0x00000000ec100000, 0x00000000ed500000, 0x0000000100000000)
  eden space 15360K, 44% used [0x00000000ec100000,0x00000000ec7a9238,0x00000000ed000000)
  from space 2560K, 98% used [0x00000000ed280000,0x00000000ed4f8078,0x00000000ed500000)
  to   space 2560K, 0% used [0x00000000ed000000,0x00000000ed000000,0x00000000ed280000)
 ParOldGen       total 40960K, used 4899K [0x00000000c4200000, 0x00000000c6a00000, 0x00000000ec100000)
  object space 40960K, 11% used [0x00000000c4200000,0x00000000c46c8fb0,0x00000000c6a00000)
 Metaspace       used 20319K, capacity 21202K, committed 21248K, reserved 1067008K
  class space    used 2863K, capacity 3042K, committed 3072K, reserved 1048576K
Event: 12,468 GC heap after
Heap after GC invocations=5 (full 0):
 PSYoungGen      total 17920K, used 2544K [0x00000000ec100000, 0x00000000ee900000, 0x0000000100000000)
  eden space 15360K, 0% used [0x00000000ec100000,0x00000000ec100000,0x00000000ed000000)
  from space 2560K, 99% used [0x00000000ed000000,0x00000000ed27c048,0x00000000ed280000)
  to   space 5120K, 0% used [0x00000000ee400000,0x00000000ee400000,0x00000000ee900000)
 ParOldGen       total 40960K, used 5579K [0x00000000c4200000, 0x00000000c6a00000, 0x00000000ec100000)
  object space 40960K, 13% used [0x00000000c4200000,0x00000000c4772fe0,0x00000000c6a00000)
 Metaspace       used 20319K, capacity 21202K, committed 21248K, reserved 1067008K
  class space    used 2863K, capacity 3042K, committed 3072K, reserved 1048576K
}
Event: 12,468 GC heap before
{Heap before GC invocations=6 (full 1):
 PSYoungGen      total 17920K, used 2544K [0x00000000ec100000, 0x00000000ee900000, 0x0000000100000000)
  eden space 15360K, 0% used [0x00000000ec100000,0x00000000ec100000,0x00000000ed000000)
  from space 2560K, 99% used [0x00000000ed000000,0x00000000ed27c048,0x00000000ed280000)
  to   space 5120K, 0% used [0x00000000ee400000,0x00000000ee400000,0x00000000ee900000)
 ParOldGen       total 40960K, used 5579K [0x00000000c4200000, 0x00000000c6a00000, 0x00000000ec100000)
  object space 40960K, 13% used [0x00000000c4200000,0x00000000c4772fe0,0x00000000c6a00000)
 Metaspace       used 20319K, capacity 21202K, committed 21248K, reserved 1067008K
  class space    used 2863K, capacity 3042K, committed 3072K, reserved 1048576K
Event: 12,518 GC heap after
Heap after GC invocations=6 (full 1):
 PSYoungGen      total 17920K, used 0K [0x00000000ec100000, 0x00000000ee900000, 0x0000000100000000)
  eden space 15360K, 0% used [0x00000000ec100000,0x00000000ec100000,0x00000000ed000000)
  from space 2560K, 0% used [0x00000000ed000000,0x00000000ed000000,0x00000000ed280000)
  to   space 5120K, 0% used [0x00000000ee400000,0x00000000ee400000,0x00000000ee900000)
 ParOldGen       total 28672K, used 7086K [0x00000000c4200000, 0x00000000c5e00000, 0x00000000ec100000)
  object space 28672K, 24% used [0x00000000c4200000,0x00000000c48eb858,0x00000000c5e00000)
 Metaspace       used 20318K, capacity 21200K, committed 21248K, reserved 1067008K
  class space    used 2862K, capacity 3041K, committed 3072K, reserved 1048576K
}
Event: 13,246 GC heap before
{Heap before GC invocations=7 (full 1):
 PSYoungGen      total 17920K, used 15360K [0x00000000ec100000, 0x00000000ee900000, 0x0000000100000000)
  eden space 15360K, 100% used [0x00000000ec100000,0x00000000ed000000,0x00000000ed000000)
  from space 2560K, 0% used [0x00000000ed000000,0x00000000ed000000,0x00000000ed280000)
  to   space 5120K, 0% used [0x00000000ee400000,0x00000000ee400000,0x00000000ee900000)
 ParOldGen       total 28672K, used 7086K [0x00000000c4200000, 0x00000000c5e00000, 0x00000000ec100000)
  object space 28672K, 24% used [0x00000000c4200000,0x00000000c48eb858,0x00000000c5e00000)
 Metaspace       used 21538K, capacity 22740K, committed 23040K, reserved 1069056K
  class space    used 3018K, capacity 3211K, committed 3328K, reserved 1048576K
Event: 13,256 GC heap after
Heap after GC invocations=7 (full 1):
 PSYoungGen      total 32256K, used 4576K [0x00000000ec100000, 0x00000000ee880000, 0x0000000100000000)
  eden space 27648K, 0% used [0x00000000ec100000,0x00000000ec100000,0x00000000edc00000)
  from space 4608K, 99% used [0x00000000ee400000,0x00000000ee878000,0x00000000ee880000)
  to   space 5632K, 0% used [0x00000000edd80000,0x00000000edd80000,0x00000000ee300000)
 ParOldGen       total 28672K, used 7094K [0x00000000c4200000, 0x00000000c5e00000, 0x00000000ec100000)
  object space 28672K, 24% used [0x00000000c4200000,0x00000000c48ed858,0x00000000c5e00000)
 Metaspace       used 21538K, capacity 22740K, committed 23040K, reserved 1069056K
  class space    used 3018K, capacity 3211K, committed 3328K, reserved 1048576K
}

