# JRE version: Java(TM) SE Runtime Environment (8.0_66-b17) (build 1.8.0_66-b17)
# Java VM: Java HotSpot(TM) 64-Bit Server VM (25.66-b17 mixed mode linux-amd64 compressed oops)
Heap:
 PSYoungGen      total 17920K, used 3613K [0x00000000ec100000, 0x00000000ed500000, 0x0000000100000000)
  eden space 15360K, 7% used [0x00000000ec100000,0x00000000ec20f700,0x00000000ed000000)
  from space 2560K, 98% used [0x00000000ed000000,0x00000000ed278020,0x00000000ed280000)
  to   space 2560K, 0% used [0x00000000ed280000,0x00000000ed280000,0x00000000ed500000)
 ParOldGen       total 40960K, used 4755K [0x00000000c4200000, 0x00000000c6a00000, 0x00000000ec100000)
  object space 40960K, 11% used [0x00000000c4200000,0x00000000c46a4da8,0x00000000c6a00000)
 Metaspace       used 17463K, capacity 18508K, committed 18688K, reserved 1064960K
  class space    used 2523K, capacity 2738K, committed 2816K, reserved 1048576K
GC Heap History (6 events):
Event: 1,031 GC heap before
{Heap before GC invocations=1 (full 0):
 PSYoungGen      total 17920K, used 15360K [0x00000000ec100000, 0x00000000ed500000, 0x0000000100000000)
  eden space 15360K, 100% used [0x00000000ec100000,0x00000000ed000000,0x00000000ed000000)
  from space 2560K, 0% used [0x00000000ed280000,0x00000000ed280000,0x00000000ed500000)
  to   space 2560K, 0% used [0x00000000ed000000,0x00000000ed000000,0x00000000ed280000)
 ParOldGen       total 40960K, used 0K [0x00000000c4200000, 0x00000000c6a00000, 0x00000000ec100000)
  object space 40960K, 0% used [0x00000000c4200000,0x00000000c4200000,0x00000000c6a00000)
 Metaspace       used 9400K, capacity 9688K, committed 9856K, reserved 1058816K
  class space    used 1211K, capacity 1304K, committed 1408K, reserved 1048576K
Event: 1,037 GC heap after
Heap after GC invocations=1 (full 0):
 PSYoungGen      total 17920K, used 2528K [0x00000000ec100000, 0x00000000ed500000, 0x0000000100000000)
  eden space 15360K, 0% used [0x00000000ec100000,0x00000000ec100000,0x00000000ed000000)
  from space 2560K, 98% used [0x00000000ed000000,0x00000000ed278040,0x00000000ed280000)
  to   space 2560K, 0% used [0x00000000ed280000,0x00000000ed280000,0x00000000ed500000)
 ParOldGen       total 40960K, used 353K [0x00000000c4200000, 0x00000000c6a00000, 0x00000000ec100000)
  object space 40960K, 0% used [0x00000000c4200000,0x00000000c42587a0,0x00000000c6a00000)
 Metaspace       used 9400K, capacity 9688K, committed 9856K, reserved 1058816K
  class space    used 1211K, capacity 1304K, committed 1408K, reserved 1048576K
}
Event: 1,585 GC heap before
{Heap before GC invocations=2 (full 0):
 PSYoungGen      total 17920K, used 16976K [0x00000000ec100000, 0x00000000ed500000, 0x0000000100000000)
  eden space 15360K, 94% used [0x00000000ec100000,0x00000000ecf1c218,0x00000000ed000000)
  from space 2560K, 98% used [0x00000000ed000000,0x00000000ed278040,0x00000000ed280000)
  to   space 2560K, 0% used [0x00000000ed280000,0x00000000ed280000,0x00000000ed500000)
 ParOldGen       total 40960K, used 353K [0x00000000c4200000, 0x00000000c6a00000, 0x00000000ec100000)
  object space 40960K, 0% used [0x00000000c4200000,0x00000000c42587a0,0x00000000c6a00000)
 Metaspace       used 14754K, capacity 15320K, committed 15360K, reserved 1062912K
  class space    used 2150K, capacity 2298K, committed 2304K, reserved 1048576K
Event: 1,591 GC heap after
Heap after GC invocations=2 (full 0):
 PSYoungGen      total 17920K, used 2528K [0x00000000ec100000, 0x00000000ed500000, 0x0000000100000000)
  eden space 15360K, 0% used [0x00000000ec100000,0x00000000ec100000,0x00000000ed000000)
  from space 2560K, 98% used [0x00000000ed280000,0x00000000ed4f8020,0x00000000ed500000)
  to   space 2560K, 0% used [0x00000000ed000000,0x00000000ed000000,0x00000000ed280000)
 ParOldGen       total 40960K, used 1930K [0x00000000c4200000, 0x00000000c6a00000, 0x00000000ec100000)
  object space 40960K, 4% used [0x00000000c4200000,0x00000000c43e2af0,0x00000000c6a00000)
 Metaspace       used 14754K, capacity 15320K, committed 15360K, reserved 1062912K
  class space    used 2150K, capacity 2298K, committed 2304K, reserved 1048576K
}
Event: 5,468 GC heap before
{Heap before GC invocations=3 (full 0):
 PSYoungGen      total 17920K, used 17888K [0x00000000ec100000, 0x00000000ed500000, 0x0000000100000000)
  eden space 15360K, 100% used [0x00000000ec100000,0x00000000ed000000,0x00000000ed000000)
  from space 2560K, 98% used [0x00000000ed280000,0x00000000ed4f8020,0x00000000ed500000)
  to   space 2560K, 0% used [0x00000000ed000000,0x00000000ed000000,0x00000000ed280000)
 ParOldGen       total 40960K, used 1930K [0x00000000c4200000, 0x00000000c6a00000, 0x00000000ec100000)
  object space 40960K, 4% used [0x00000000c4200000,0x00000000c43e2af0,0x00000000c6a00000)
 Metaspace       used 17220K, capacity 18240K, committed 18432K, reserved 1064960K
  class space    used 2523K, capacity 2738K, committed 2816K, reserved 1048576K
Event: 5,478 GC heap after
Heap after GC invocations=3 (full 0):
 PSYoungGen      total 17920K, used 2528K [0x00000000ec100000, 0x00000000ed500000, 0x0000000100000000)
  eden space 15360K, 0% used [0x00000000ec100000,0x00000000ec100000,0x00000000ed000000)
  from space 2560K, 98% used [0x00000000ed000000,0x00000000ed278020,0x00000000ed280000)
  to   space 2560K, 0% used [0x00000000ed280000,0x00000000ed280000,0x00000000ed500000)
 ParOldGen       total 40960K, used 4755K [0x00000000c4200000, 0x00000000c6a00000, 0x00000000ec100000)
  object space 40960K, 11% used [0x00000000c4200000,0x00000000c46a4da8,0x00000000c6a00000)
 Metaspace       used 17220K, capacity 18240K, committed 18432K, reserved 1064960K
  class space    used 2523K, capacity 2738K, committed 2816K, reserved 1048576K
}

