# JRE version: Java(TM) SE Runtime Environment (8.0_25-b17) (build 1.8.0_25-b17)
# Java VM: Java HotSpot(TM) 64-Bit Server VM (25.25-b02 mixed mode linux-amd64 compressed oops)
Heap:
 PSYoungGen      total 31744K, used 9172K [0x00000000ec100000, 0x00000000ee880000, 0x0000000100000000)
  eden space 27136K, 17% used [0x00000000ec100000,0x00000000ec5bd1d8,0x00000000edb80000)
  from space 4608K, 93% used [0x00000000ee400000,0x00000000ee838000,0x00000000ee880000)
  to   space 5120K, 0% used [0x00000000ede80000,0x00000000ede80000,0x00000000ee380000)
 ParOldGen       total 28672K, used 7095K [0x00000000c4200000, 0x00000000c5e00000, 0x00000000ec100000)
  object space 28672K, 24% used [0x00000000c4200000,0x00000000c48edd00,0x00000000c5e00000)
 Metaspace       used 22420K, capacity 23814K, committed 23936K, reserved 1069056K
  class space    used 3123K, capacity 3344K, committed 3456K, reserved 1048576K
GC Heap History (10 events):
Event: 11,159 GC heap before
{Heap before GC invocations=3 (full 0):
 PSYoungGen      total 17920K, used 17888K [0x00000000ec100000, 0x00000000ed500000, 0x0000000100000000)
  eden space 15360K, 100% used [0x00000000ec100000,0x00000000ed000000,0x00000000ed000000)
  from space 2560K, 98% used [0x00000000ed280000,0x00000000ed4f8070,0x00000000ed500000)
  to   space 2560K, 0% used [0x00000000ed000000,0x00000000ed000000,0x00000000ed280000)
 ParOldGen       total 40960K, used 2749K [0x00000000c4200000, 0x00000000c6a00000, 0x00000000ec100000)
  object space 40960K, 6% used [0x00000000c4200000,0x00000000c44af7a8,0x00000000c6a00000)
 Metaspace       used 18367K, capacity 18958K, committed 19072K, reserved 1064960K
  class space    used 2552K, capacity 2682K, committed 2688K, reserved 1048576K
Event: 11,166 GC heap after
Heap after GC invocations=3 (full 0):
 PSYoungGen      total 17920K, used 2528K [0x00000000ec100000, 0x00000000ed500000, 0x0000000100000000)
  eden space 15360K, 0% used [0x00000000ec100000,0x00000000ec100000,0x00000000ed000000)
  from space 2560K, 98% used [0x00000000ed000000,0x00000000ed278078,0x00000000ed280000)
  to   space 2560K, 0% used [0x00000000ed280000,0x00000000ed280000,0x00000000ed500000)
 ParOldGen       total 40960K, used 4068K [0x00000000c4200000, 0x00000000c6a00000, 0x00000000ec100000)
  object space 40960K, 9% used [0x00000000c4200000,0x00000000c45f9068,0x00000000c6a00000)
 Metaspace       used 18367K, capacity 18958K, committed 19072K, reserved 1064960K
  class space    used 2552K, capacity 2682K, committed 2688K, reserved 1048576K
}
Event: 11,371 GC heap before
{Heap before GC invocations=4 (full 0):
 PSYoungGen      total 17920K, used 17888K [0x00000000ec100000, 0x00000000ed500000, 0x0000000100000000)
  eden space 15360K, 100% used [0x00000000ec100000,0x00000000ed000000,0x00000000ed000000)
  from space 2560K, 98% used [0x00000000ed000000,0x00000000ed278078,0x00000000ed280000)
  to   space 2560K, 0% used [0x00000000ed280000,0x00000000ed280000,0x00000000ed500000)
 ParOldGen       total 40960K, used 4068K [0x00000000c4200000, 0x00000000c6a00000, 0x00000000ec100000)
  object space 40960K, 9% used [0x00000000c4200000,0x00000000c45f9068,0x00000000c6a00000)
 Metaspace       used 19334K, capacity 20066K, committed 20352K, reserved 1067008K
  class space    used 2715K, capacity 2848K, committed 2944K, reserved 1048576K
Event: 11,376 GC heap after
Heap after GC invocations=4 (full 0):
 PSYoungGen      total 17920K, used 2528K [0x00000000ec100000, 0x00000000ee400000, 0x0000000100000000)
  eden space 15360K, 0% used [0x00000000ec100000,0x00000000ec100000,0x00000000ed000000)
  from space 2560K, 98% used [0x00000000ed280000,0x00000000ed4f8060,0x00000000ed500000)
  to   space 2560K, 0% used [0x00000000ed000000,0x00000000ed000000,0x00000000ed280000)
 ParOldGen       total 40960K, used 4747K [0x00000000c4200000, 0x00000000c6a00000, 0x00000000ec100000)
  object space 40960K, 11% used [0x00000000c4200000,0x00000000c46a2f60,0x00000000c6a00000)
 Metaspace       used 19334K, capacity 20066K, committed 20352K, reserved 1067008K
  class space    used 2715K, capacity 2848K, committed 2944K, reserved 1048576K
}
Event: 11,625 GC heap before
{Heap before GC invocations=5 (full 0):
 PSYoungGen      total 17920K, used 15631K [0x00000000ec100000, 0x00000000ee400000, 0x0000000100000000)
  eden space 15360K, 85% used [0x00000000ec100000,0x00000000ecdcbc70,0x00000000ed000000)
  from space 2560K, 98% used [0x00000000ed280000,0x00000000ed4f8060,0x00000000ed500000)
  to   space 2560K, 0% used [0x00000000ed000000,0x00000000ed000000,0x00000000ed280000)
 ParOldGen       total 40960K, used 4747K [0x00000000c4200000, 0x00000000c6a00000, 0x00000000ec100000)
  object space 40960K, 11% used [0x00000000c4200000,0x00000000c46a2f60,0x00000000c6a00000)
 Metaspace       used 20223K, capacity 21178K, committed 21248K, reserved 1067008K
  class space    used 2872K, capacity 3046K, committed 3072K, reserved 1048576K
Event: 11,633 GC heap after
Heap after GC invocations=5 (full 0):
 PSYoungGen      total 17920K, used 2544K [0x00000000ec100000, 0x00000000ee900000, 0x0000000100000000)
  eden space 15360K, 0% used [0x00000000ec100000,0x00000000ec100000,0x00000000ed000000)
  from space 2560K, 99% used [0x00000000ed000000,0x00000000ed27c050,0x00000000ed280000)
  to   space 5120K, 0% used [0x00000000ee400000,0x00000000ee400000,0x00000000ee900000)
 ParOldGen       total 40960K, used 5624K [0x00000000c4200000, 0x00000000c6a00000, 0x00000000ec100000)
  object space 40960K, 13% used [0x00000000c4200000,0x00000000c477e348,0x00000000c6a00000)
 Metaspace       used 20223K, capacity 21178K, committed 21248K, reserved 1067008K
  class space    used 2872K, capacity 3046K, committed 3072K, reserved 1048576K
}
Event: 11,633 GC heap before
{Heap before GC invocations=6 (full 1):
 PSYoungGen      total 17920K, used 2544K [0x00000000ec100000, 0x00000000ee900000, 0x0000000100000000)
  eden space 15360K, 0% used [0x00000000ec100000,0x00000000ec100000,0x00000000ed000000)
  from space 2560K, 99% used [0x00000000ed000000,0x00000000ed27c050,0x00000000ed280000)
  to   space 5120K, 0% used [0x00000000ee400000,0x00000000ee400000,0x00000000ee900000)
 ParOldGen       total 40960K, used 5624K [0x00000000c4200000, 0x00000000c6a00000, 0x00000000ec100000)
  object space 40960K, 13% used [0x00000000c4200000,0x00000000c477e348,0x00000000c6a00000)
 Metaspace       used 20223K, capacity 21178K, committed 21248K, reserved 1067008K
  class space    used 2872K, capacity 3046K, committed 3072K, reserved 1048576K
Event: 11,680 GC heap after
Heap after GC invocations=6 (full 1):
 PSYoungGen      total 17920K, used 0K [0x00000000ec100000, 0x00000000ee900000, 0x0000000100000000)
  eden space 15360K, 0% used [0x00000000ec100000,0x00000000ec100000,0x00000000ed000000)
  from space 2560K, 0% used [0x00000000ed000000,0x00000000ed000000,0x00000000ed280000)
  to   space 5120K, 0% used [0x00000000ee400000,0x00000000ee400000,0x00000000ee900000)
 ParOldGen       total 28672K, used 7087K [0x00000000c4200000, 0x00000000c5e00000, 0x00000000ec100000)
  object space 28672K, 24% used [0x00000000c4200000,0x00000000c48ebd00,0x00000000c5e00000)
 Metaspace       used 20222K, capacity 21176K, committed 21248K, reserved 1067008K
  class space    used 2871K, capacity 3045K, committed 3072K, reserved 1048576K
}
Event: 17,508 GC heap before
{Heap before GC invocations=7 (full 1):
 PSYoungGen      total 17920K, used 15360K [0x00000000ec100000, 0x00000000ee900000, 0x0000000100000000)
  eden space 15360K, 100% used [0x00000000ec100000,0x00000000ed000000,0x00000000ed000000)
  from space 2560K, 0% used [0x00000000ed000000,0x00000000ed000000,0x00000000ed280000)
  to   space 5120K, 0% used [0x00000000ee400000,0x00000000ee400000,0x00000000ee900000)
 ParOldGen       total 28672K, used 7087K [0x00000000c4200000, 0x00000000c5e00000, 0x00000000ec100000)
  object space 28672K, 24% used [0x00000000c4200000,0x00000000c48ebd00,0x00000000c5e00000)
 Metaspace       used 22189K, capacity 23610K, committed 23936K, reserved 1069056K
  class space    used 3111K, capacity 3340K, committed 3456K, reserved 1048576K
Event: 17,516 GC heap after
Heap after GC invocations=7 (full 1):
 PSYoungGen      total 31744K, used 4320K [0x00000000ec100000, 0x00000000ee880000, 0x0000000100000000)
  eden space 27136K, 0% used [0x00000000ec100000,0x00000000ec100000,0x00000000edb80000)
  from space 4608K, 93% used [0x00000000ee400000,0x00000000ee838000,0x00000000ee880000)
  to   space 5120K, 0% used [0x00000000ede80000,0x00000000ede80000,0x00000000ee380000)
 ParOldGen       total 28672K, used 7095K [0x00000000c4200000, 0x00000000c5e00000, 0x00000000ec100000)
  object space 28672K, 24% used [0x00000000c4200000,0x00000000c48edd00,0x00000000c5e00000)
 Metaspace       used 22189K, capacity 23610K, committed 23936K, reserved 1069056K
  class space    used 3111K, capacity 3340K, committed 3456K, reserved 1048576K
}

