# JRE version: Java(TM) SE Runtime Environment (8.0_25-b17) (build 1.8.0_25-b17)
# Java VM: Java HotSpot(TM) 64-Bit Server VM (25.25-b02 mixed mode linux-amd64 compressed oops)
Heap:
 PSYoungGen      total 33280K, used 19747K [0x00000000ec100000, 0x00000000f0200000, 0x0000000100000000)
  eden space 30720K, 64% used [0x00000000ec100000,0x00000000ed448f90,0x00000000edf00000)
  from space 2560K, 0% used [0x00000000ee180000,0x00000000ee180000,0x00000000ee400000)
  to   space 2560K, 0% used [0x00000000edf00000,0x00000000edf00000,0x00000000ee180000)
 ParOldGen       total 30720K, used 7071K [0x00000000c4200000, 0x00000000c6000000, 0x00000000ec100000)
  object space 30720K, 23% used [0x00000000c4200000,0x00000000c48e7c18,0x00000000c6000000)
 Metaspace       used 22196K, capacity 23422K, committed 23552K, reserved 1069056K
  class space    used 3069K, capacity 3286K, committed 3328K, reserved 1048576K
GC Heap History (10 events):
Event: 0,648 GC heap before
{Heap before GC invocations=1 (full 0):
 PSYoungGen      total 17920K, used 15360K [0x00000000ec100000, 0x00000000ed500000, 0x0000000100000000)
  eden space 15360K, 100% used [0x00000000ec100000,0x00000000ed000000,0x00000000ed000000)
  from space 2560K, 0% used [0x00000000ed280000,0x00000000ed280000,0x00000000ed500000)
  to   space 2560K, 0% used [0x00000000ed000000,0x00000000ed000000,0x00000000ed280000)
 ParOldGen       total 40960K, used 0K [0x00000000c4200000, 0x00000000c6a00000, 0x00000000ec100000)
  object space 40960K, 0% used [0x00000000c4200000,0x00000000c4200000,0x00000000c6a00000)
 Metaspace       used 9320K, capacity 9662K, committed 9856K, reserved 1058816K
  class space    used 1210K, capacity 1305K, committed 1408K, reserved 1048576K
Event: 0,655 GC heap after
Heap after GC invocations=1 (full 0):
 PSYoungGen      total 17920K, used 2304K [0x00000000ec100000, 0x00000000ee400000, 0x0000000100000000)
  eden space 15360K, 0% used [0x00000000ec100000,0x00000000ec100000,0x00000000ed000000)
  from space 2560K, 90% used [0x00000000ed000000,0x00000000ed240050,0x00000000ed280000)
  to   space 2560K, 0% used [0x00000000ee180000,0x00000000ee180000,0x00000000ee400000)
 ParOldGen       total 40960K, used 0K [0x00000000c4200000, 0x00000000c6a00000, 0x00000000ec100000)
  object space 40960K, 0% used [0x00000000c4200000,0x00000000c4200000,0x00000000c6a00000)
 Metaspace       used 9320K, capacity 9662K, committed 9856K, reserved 1058816K
  class space    used 1210K, capacity 1305K, committed 1408K, reserved 1048576K
}
Event: 1,332 GC heap before
{Heap before GC invocations=2 (full 0):
 PSYoungGen      total 17920K, used 17664K [0x00000000ec100000, 0x00000000ee400000, 0x0000000100000000)
  eden space 15360K, 100% used [0x00000000ec100000,0x00000000ed000000,0x00000000ed000000)
  from space 2560K, 90% used [0x00000000ed000000,0x00000000ed240050,0x00000000ed280000)
  to   space 2560K, 0% used [0x00000000ee180000,0x00000000ee180000,0x00000000ee400000)
 ParOldGen       total 40960K, used 0K [0x00000000c4200000, 0x00000000c6a00000, 0x00000000ec100000)
  object space 40960K, 0% used [0x00000000c4200000,0x00000000c4200000,0x00000000c6a00000)
 Metaspace       used 14853K, capacity 15300K, committed 15744K, reserved 1062912K
  class space    used 1944K, capacity 2077K, committed 2176K, reserved 1048576K
Event: 1,342 GC heap after
Heap after GC invocations=2 (full 0):
 PSYoungGen      total 33280K, used 2528K [0x00000000ec100000, 0x00000000ee400000, 0x0000000100000000)
  eden space 30720K, 0% used [0x00000000ec100000,0x00000000ec100000,0x00000000edf00000)
  from space 2560K, 98% used [0x00000000ee180000,0x00000000ee3f8070,0x00000000ee400000)
  to   space 2560K, 0% used [0x00000000edf00000,0x00000000edf00000,0x00000000ee180000)
 ParOldGen       total 40960K, used 2765K [0x00000000c4200000, 0x00000000c6a00000, 0x00000000ec100000)
  object space 40960K, 6% used [0x00000000c4200000,0x00000000c44b34b0,0x00000000c6a00000)
 Metaspace       used 14853K, capacity 15300K, committed 15744K, reserved 1062912K
  class space    used 1944K, capacity 2077K, committed 2176K, reserved 1048576K
}
Event: 7,989 GC heap before
{Heap before GC invocations=3 (full 0):
 PSYoungGen      total 33280K, used 33248K [0x00000000ec100000, 0x00000000ee400000, 0x0000000100000000)
  eden space 30720K, 100% used [0x00000000ec100000,0x00000000edf00000,0x00000000edf00000)
  from space 2560K, 98% used [0x00000000ee180000,0x00000000ee3f8070,0x00000000ee400000)
  to   space 2560K, 0% used [0x00000000edf00000,0x00000000edf00000,0x00000000ee180000)
 ParOldGen       total 40960K, used 2765K [0x00000000c4200000, 0x00000000c6a00000, 0x00000000ec100000)
  object space 40960K, 6% used [0x00000000c4200000,0x00000000c44b34b0,0x00000000c6a00000)
 Metaspace       used 19461K, capacity 20192K, committed 20352K, reserved 1067008K
  class space    used 2724K, capacity 2901K, committed 2944K, reserved 1048576K
Event: 8,000 GC heap after
Heap after GC invocations=3 (full 0):
 PSYoungGen      total 33280K, used 2544K [0x00000000ec100000, 0x00000000ee400000, 0x0000000100000000)
  eden space 30720K, 0% used [0x00000000ec100000,0x00000000ec100000,0x00000000edf00000)
  from space 2560K, 99% used [0x00000000edf00000,0x00000000ee17c088,0x00000000ee180000)
  to   space 2560K, 0% used [0x00000000ee180000,0x00000000ee180000,0x00000000ee400000)
 ParOldGen       total 40960K, used 4838K [0x00000000c4200000, 0x00000000c6a00000, 0x00000000ec100000)
  object space 40960K, 11% used [0x00000000c4200000,0x00000000c46b9b70,0x00000000c6a00000)
 Metaspace       used 19461K, capacity 20192K, committed 20352K, reserved 1067008K
  class space    used 2724K, capacity 2901K, committed 2944K, reserved 1048576K
}
Event: 8,203 GC heap before
{Heap before GC invocations=4 (full 0):
 PSYoungGen      total 33280K, used 10414K [0x00000000ec100000, 0x00000000ee400000, 0x0000000100000000)
  eden space 30720K, 25% used [0x00000000ec100000,0x00000000ec8af848,0x00000000edf00000)
  from space 2560K, 99% used [0x00000000edf00000,0x00000000ee17c088,0x00000000ee180000)
  to   space 2560K, 0% used [0x00000000ee180000,0x00000000ee180000,0x00000000ee400000)
 ParOldGen       total 40960K, used 4838K [0x00000000c4200000, 0x00000000c6a00000, 0x00000000ec100000)
  object space 40960K, 11% used [0x00000000c4200000,0x00000000c46b9b70,0x00000000c6a00000)
 Metaspace       used 20340K, capacity 21270K, committed 21296K, reserved 1067008K
  class space    used 2880K, capacity 3056K, committed 3072K, reserved 1048576K
Event: 8,214 GC heap after
Heap after GC invocations=4 (full 0):
 PSYoungGen      total 33280K, used 2528K [0x00000000ec100000, 0x00000000f0200000, 0x0000000100000000)
  eden space 30720K, 0% used [0x00000000ec100000,0x00000000ec100000,0x00000000edf00000)
  from space 2560K, 98% used [0x00000000ee180000,0x00000000ee3f8078,0x00000000ee400000)
  to   space 2560K, 0% used [0x00000000edf00000,0x00000000edf00000,0x00000000ee180000)
 ParOldGen       total 40960K, used 5562K [0x00000000c4200000, 0x00000000c6a00000, 0x00000000ec100000)
  object space 40960K, 13% used [0x00000000c4200000,0x00000000c476ea88,0x00000000c6a00000)
 Metaspace       used 20340K, capacity 21270K, committed 21296K, reserved 1067008K
  class space    used 2880K, capacity 3056K, committed 3072K, reserved 1048576K
}
Event: 8,214 GC heap before
{Heap before GC invocations=5 (full 1):
 PSYoungGen      total 33280K, used 2528K [0x00000000ec100000, 0x00000000f0200000, 0x0000000100000000)
  eden space 30720K, 0% used [0x00000000ec100000,0x00000000ec100000,0x00000000edf00000)
  from space 2560K, 98% used [0x00000000ee180000,0x00000000ee3f8078,0x00000000ee400000)
  to   space 2560K, 0% used [0x00000000edf00000,0x00000000edf00000,0x00000000ee180000)
 ParOldGen       total 40960K, used 5562K [0x00000000c4200000, 0x00000000c6a00000, 0x00000000ec100000)
  object space 40960K, 13% used [0x00000000c4200000,0x00000000c476ea88,0x00000000c6a00000)
 Metaspace       used 20340K, capacity 21270K, committed 21296K, reserved 1067008K
  class space    used 2880K, capacity 3056K, committed 3072K, reserved 1048576K
Event: 8,277 GC heap after
Heap after GC invocations=5 (full 1):
 PSYoungGen      total 33280K, used 0K [0x00000000ec100000, 0x00000000f0200000, 0x0000000100000000)
  eden space 30720K, 0% used [0x00000000ec100000,0x00000000ec100000,0x00000000edf00000)
  from space 2560K, 0% used [0x00000000ee180000,0x00000000ee180000,0x00000000ee400000)
  to   space 2560K, 0% used [0x00000000edf00000,0x00000000edf00000,0x00000000ee180000)
 ParOldGen       total 30720K, used 7071K [0x00000000c4200000, 0x00000000c6000000, 0x00000000ec100000)
  object space 30720K, 23% used [0x00000000c4200000,0x00000000c48e7c18,0x00000000c6000000)
 Metaspace       used 20339K, capacity 21268K, committed 21296K, reserved 1067008K
  class space    used 2879K, capacity 3055K, committed 3072K, reserved 1048576K
}

