# JRE version: Java(TM) SE Runtime Environment (8.0_25-b17) (build 1.8.0_25-b17)
# Java VM: Java HotSpot(TM) 64-Bit Server VM (25.25-b02 mixed mode linux-amd64 compressed oops)
Heap:
 PSYoungGen      total 53248K, used 13501K [0x00000000ec100000, 0x00000000efd80000, 0x0000000100000000)
  eden space 48640K, 22% used [0x00000000ec100000,0x00000000ecb87518,0x00000000ef080000)
  from space 4608K, 59% used [0x00000000ef900000,0x00000000efba8000,0x00000000efd80000)
  to   space 6656K, 0% used [0x00000000ef080000,0x00000000ef080000,0x00000000ef700000)
 ParOldGen       total 31232K, used 9608K [0x00000000c4200000, 0x00000000c6080000, 0x00000000ec100000)
  object space 31232K, 30% used [0x00000000c4200000,0x00000000c4b62040,0x00000000c6080000)
 Metaspace       used 22664K, capacity 23920K, committed 24064K, reserved 1071104K
  class space    used 3083K, capacity 3295K, committed 3328K, reserved 1048576K
GC Heap History (10 events):
Event: 10,356 GC heap before
{Heap before GC invocations=3 (full 0):
 PSYoungGen      total 33280K, used 33264K [0x00000000ec100000, 0x00000000ee400000, 0x0000000100000000)
  eden space 30720K, 100% used [0x00000000ec100000,0x00000000edf00000,0x00000000edf00000)
  from space 2560K, 99% used [0x00000000ee180000,0x00000000ee3fc070,0x00000000ee400000)
  to   space 2560K, 0% used [0x00000000edf00000,0x00000000edf00000,0x00000000ee180000)
 ParOldGen       total 40960K, used 2757K [0x00000000c4200000, 0x00000000c6a00000, 0x00000000ec100000)
  object space 40960K, 6% used [0x00000000c4200000,0x00000000c44b1498,0x00000000c6a00000)
 Metaspace       used 19579K, capacity 20348K, committed 20608K, reserved 1067008K
  class space    used 2726K, capacity 2895K, committed 2944K, reserved 1048576K
Event: 10,371 GC heap after
Heap after GC invocations=3 (full 0):
 PSYoungGen      total 33280K, used 2528K [0x00000000ec100000, 0x00000000ee400000, 0x0000000100000000)
  eden space 30720K, 0% used [0x00000000ec100000,0x00000000ec100000,0x00000000edf00000)
  from space 2560K, 98% used [0x00000000edf00000,0x00000000ee178098,0x00000000ee180000)
  to   space 2560K, 0% used [0x00000000ee180000,0x00000000ee180000,0x00000000ee400000)
 ParOldGen       total 40960K, used 4829K [0x00000000c4200000, 0x00000000c6a00000, 0x00000000ec100000)
  object space 40960K, 11% used [0x00000000c4200000,0x00000000c46b7750,0x00000000c6a00000)
 Metaspace       used 19579K, capacity 20348K, committed 20608K, reserved 1067008K
  class space    used 2726K, capacity 2895K, committed 2944K, reserved 1048576K
}
Event: 10,632 GC heap before
{Heap before GC invocations=4 (full 0):
 PSYoungGen      total 33280K, used 9387K [0x00000000ec100000, 0x00000000ee400000, 0x0000000100000000)
  eden space 30720K, 22% used [0x00000000ec100000,0x00000000ec7b2ec8,0x00000000edf00000)
  from space 2560K, 98% used [0x00000000edf00000,0x00000000ee178098,0x00000000ee180000)
  to   space 2560K, 0% used [0x00000000ee180000,0x00000000ee180000,0x00000000ee400000)
 ParOldGen       total 40960K, used 4829K [0x00000000c4200000, 0x00000000c6a00000, 0x00000000ec100000)
  object space 40960K, 11% used [0x00000000c4200000,0x00000000c46b7750,0x00000000c6a00000)
 Metaspace       used 20282K, capacity 21154K, committed 21248K, reserved 1067008K
  class space    used 2845K, capacity 3024K, committed 3072K, reserved 1048576K
Event: 10,640 GC heap after
Heap after GC invocations=4 (full 0):
 PSYoungGen      total 33280K, used 2528K [0x00000000ec100000, 0x00000000f0200000, 0x0000000100000000)
  eden space 30720K, 0% used [0x00000000ec100000,0x00000000ec100000,0x00000000edf00000)
  from space 2560K, 98% used [0x00000000ee180000,0x00000000ee3f8078,0x00000000ee400000)
  to   space 2560K, 0% used [0x00000000edf00000,0x00000000edf00000,0x00000000ee180000)
 ParOldGen       total 40960K, used 5486K [0x00000000c4200000, 0x00000000c6a00000, 0x00000000ec100000)
  object space 40960K, 13% used [0x00000000c4200000,0x00000000c475bab0,0x00000000c6a00000)
 Metaspace       used 20282K, capacity 21154K, committed 21248K, reserved 1067008K
  class space    used 2845K, capacity 3024K, committed 3072K, reserved 1048576K
}
Event: 10,640 GC heap before
{Heap before GC invocations=5 (full 1):
 PSYoungGen      total 33280K, used 2528K [0x00000000ec100000, 0x00000000f0200000, 0x0000000100000000)
  eden space 30720K, 0% used [0x00000000ec100000,0x00000000ec100000,0x00000000edf00000)
  from space 2560K, 98% used [0x00000000ee180000,0x00000000ee3f8078,0x00000000ee400000)
  to   space 2560K, 0% used [0x00000000edf00000,0x00000000edf00000,0x00000000ee180000)
 ParOldGen       total 40960K, used 5486K [0x00000000c4200000, 0x00000000c6a00000, 0x00000000ec100000)
  object space 40960K, 13% used [0x00000000c4200000,0x00000000c475bab0,0x00000000c6a00000)
 Metaspace       used 20282K, capacity 21154K, committed 21248K, reserved 1067008K
  class space    used 2845K, capacity 3024K, committed 3072K, reserved 1048576K
Event: 10,702 GC heap after
Heap after GC invocations=5 (full 1):
 PSYoungGen      total 33280K, used 0K [0x00000000ec100000, 0x00000000f0200000, 0x0000000100000000)
  eden space 30720K, 0% used [0x00000000ec100000,0x00000000ec100000,0x00000000edf00000)
  from space 2560K, 0% used [0x00000000ee180000,0x00000000ee180000,0x00000000ee400000)
  to   space 2560K, 0% used [0x00000000edf00000,0x00000000edf00000,0x00000000ee180000)
 ParOldGen       total 31232K, used 7008K [0x00000000c4200000, 0x00000000c6080000, 0x00000000ec100000)
  object space 31232K, 22% used [0x00000000c4200000,0x00000000c48d8040,0x00000000c6080000)
 Metaspace       used 20281K, capacity 21152K, committed 21248K, reserved 1067008K
  class space    used 2845K, capacity 3023K, committed 3072K, reserved 1048576K
}
Event: 20,483 GC heap before
{Heap before GC invocations=6 (full 1):
 PSYoungGen      total 33280K, used 30720K [0x00000000ec100000, 0x00000000f0200000, 0x0000000100000000)
  eden space 30720K, 100% used [0x00000000ec100000,0x00000000edf00000,0x00000000edf00000)
  from space 2560K, 0% used [0x00000000ee180000,0x00000000ee180000,0x00000000ee400000)
  to   space 2560K, 0% used [0x00000000edf00000,0x00000000edf00000,0x00000000ee180000)
 ParOldGen       total 31232K, used 7008K [0x00000000c4200000, 0x00000000c6080000, 0x00000000ec100000)
  object space 31232K, 22% used [0x00000000c4200000,0x00000000c48d8040,0x00000000c6080000)
 Metaspace       used 22441K, capacity 23788K, committed 24064K, reserved 1071104K
  class space    used 3076K, capacity 3295K, committed 3328K, reserved 1048576K
Event: 20,498 GC heap after
Heap after GC invocations=6 (full 1):
 PSYoungGen      total 33280K, used 2560K [0x00000000ec100000, 0x00000000eff80000, 0x0000000100000000)
  eden space 30720K, 0% used [0x00000000ec100000,0x00000000ec100000,0x00000000edf00000)
  from space 2560K, 100% used [0x00000000edf00000,0x00000000ee180000,0x00000000ee180000)
  to   space 6656K, 0% used [0x00000000ef900000,0x00000000ef900000,0x00000000eff80000)
 ParOldGen       total 31232K, used 9600K [0x00000000c4200000, 0x00000000c6080000, 0x00000000ec100000)
  object space 31232K, 30% used [0x00000000c4200000,0x00000000c4b60040,0x00000000c6080000)
 Metaspace       used 22441K, capacity 23788K, committed 24064K, reserved 1071104K
  class space    used 3076K, capacity 3295K, committed 3328K, reserved 1048576K
}
Event: 24,214 GC heap before
{Heap before GC invocations=7 (full 1):
 PSYoungGen      total 33280K, used 33280K [0x00000000ec100000, 0x00000000eff80000, 0x0000000100000000)
  eden space 30720K, 100% used [0x00000000ec100000,0x00000000edf00000,0x00000000edf00000)
  from space 2560K, 100% used [0x00000000edf00000,0x00000000ee180000,0x00000000ee180000)
  to   space 6656K, 0% used [0x00000000ef900000,0x00000000ef900000,0x00000000eff80000)
 ParOldGen       total 31232K, used 9600K [0x00000000c4200000, 0x00000000c6080000, 0x00000000ec100000)
  object space 31232K, 30% used [0x00000000c4200000,0x00000000c4b60040,0x00000000c6080000)
 Metaspace       used 22564K, capacity 23852K, committed 24064K, reserved 1071104K
  class space    used 3078K, capacity 3295K, committed 3328K, reserved 1048576K
Event: 24,220 GC heap after
Heap after GC invocations=7 (full 1):
 PSYoungGen      total 53248K, used 2720K [0x00000000ec100000, 0x00000000efd80000, 0x0000000100000000)
  eden space 48640K, 0% used [0x00000000ec100000,0x00000000ec100000,0x00000000ef080000)
  from space 4608K, 59% used [0x00000000ef900000,0x00000000efba8000,0x00000000efd80000)
  to   space 6656K, 0% used [0x00000000ef080000,0x00000000ef080000,0x00000000ef700000)
 ParOldGen       total 31232K, used 9608K [0x00000000c4200000, 0x00000000c6080000, 0x00000000ec100000)
  object space 31232K, 30% used [0x00000000c4200000,0x00000000c4b62040,0x00000000c6080000)
 Metaspace       used 22564K, capacity 23852K, committed 24064K, reserved 1071104K
  class space    used 3078K, capacity 3295K, committed 3328K, reserved 1048576K
}

