# JRE version: Java(TM) SE Runtime Environment (8.0_25-b17) (build 1.8.0_25-b17)
# Java VM: Java HotSpot(TM) 64-Bit Server VM (25.25-b02 mixed mode linux-amd64 compressed oops)
Heap:
 PSYoungGen      total 28672K, used 18451K [0x00000000ec100000, 0x00000000eea00000, 0x0000000100000000)
  eden space 26624K, 65% used [0x00000000ec100000,0x00000000ed204e48,0x00000000edb00000)
  from space 2048K, 50% used [0x00000000ee800000,0x00000000ee900040,0x00000000eea00000)
  to   space 7680K, 0% used [0x00000000edb00000,0x00000000edb00000,0x00000000ee280000)
 ParOldGen       total 29184K, used 13847K [0x00000000c4200000, 0x00000000c5e80000, 0x00000000ec100000)
  object space 29184K, 47% used [0x00000000c4200000,0x00000000c4f85c98,0x00000000c5e80000)
 Metaspace       used 23520K, capacity 24840K, committed 25088K, reserved 1071104K
  class space    used 3086K, capacity 3321K, committed 3328K, reserved 1048576K
GC Heap History (10 events):
Event: 976,727 GC heap before
{Heap before GC invocations=9 (full 1):
 PSYoungGen      total 34816K, used 34816K [0x00000000ec100000, 0x00000000efb80000, 0x0000000100000000)
  eden space 29184K, 100% used [0x00000000ec100000,0x00000000edd80000,0x00000000edd80000)
  from space 5632K, 100% used [0x00000000edd80000,0x00000000ee300000,0x00000000ee300000)
  to   space 6656K, 0% used [0x00000000ef500000,0x00000000ef500000,0x00000000efb80000)
 ParOldGen       total 29184K, used 8127K [0x00000000c4200000, 0x00000000c5e80000, 0x00000000ec100000)
  object space 29184K, 27% used [0x00000000c4200000,0x00000000c49efd38,0x00000000c5e80000)
 Metaspace       used 23008K, capacity 24336K, committed 24576K, reserved 1071104K
  class space    used 3074K, capacity 3301K, committed 3328K, reserved 1048576K
Event: 976,739 GC heap after
Heap after GC invocations=9 (full 1):
 PSYoungGen      total 34816K, used 5760K [0x00000000ec100000, 0x00000000efb00000, 0x0000000100000000)
  eden space 28672K, 0% used [0x00000000ec100000,0x00000000ec100000,0x00000000edd00000)
  from space 6144K, 93% used [0x00000000ef500000,0x00000000efaa0000,0x00000000efb00000)
  to   space 7168K, 0% used [0x00000000eed00000,0x00000000eed00000,0x00000000ef400000)
 ParOldGen       total 29184K, used 8135K [0x00000000c4200000, 0x00000000c5e80000, 0x00000000ec100000)
  object space 29184K, 27% used [0x00000000c4200000,0x00000000c49f1d38,0x00000000c5e80000)
 Metaspace       used 23008K, capacity 24336K, committed 24576K, reserved 1071104K
  class space    used 3074K, capacity 3301K, committed 3328K, reserved 1048576K
}
Event: 989,040 GC heap before
{Heap before GC invocations=10 (full 1):
 PSYoungGen      total 34816K, used 34432K [0x00000000ec100000, 0x00000000efb00000, 0x0000000100000000)
  eden space 28672K, 100% used [0x00000000ec100000,0x00000000edd00000,0x00000000edd00000)
  from space 6144K, 93% used [0x00000000ef500000,0x00000000efaa0000,0x00000000efb00000)
  to   space 7168K, 0% used [0x00000000eed00000,0x00000000eed00000,0x00000000ef400000)
 ParOldGen       total 29184K, used 8135K [0x00000000c4200000, 0x00000000c5e80000, 0x00000000ec100000)
  object space 29184K, 27% used [0x00000000c4200000,0x00000000c49f1d38,0x00000000c5e80000)
 Metaspace       used 23130K, capacity 24464K, committed 24576K, reserved 1071104K
  class space    used 3074K, capacity 3301K, committed 3328K, reserved 1048576K
Event: 989,053 GC heap after
Heap after GC invocations=10 (full 1):
 PSYoungGen      total 30208K, used 1600K [0x00000000ec100000, 0x00000000ef580000, 0x0000000100000000)
  eden space 28160K, 0% used [0x00000000ec100000,0x00000000ec100000,0x00000000edc80000)
  from space 2048K, 78% used [0x00000000eed00000,0x00000000eee90000,0x00000000eef00000)
  to   space 6656K, 0% used [0x00000000eef00000,0x00000000eef00000,0x00000000ef580000)
 ParOldGen       total 29184K, used 12371K [0x00000000c4200000, 0x00000000c5e80000, 0x00000000ec100000)
  object space 29184K, 42% used [0x00000000c4200000,0x00000000c4e14c88,0x00000000c5e80000)
 Metaspace       used 23130K, capacity 24464K, committed 24576K, reserved 1071104K
  class space    used 3074K, capacity 3301K, committed 3328K, reserved 1048576K
}
Event: 1004,842 GC heap before
{Heap before GC invocations=11 (full 1):
 PSYoungGen      total 30208K, used 29760K [0x00000000ec100000, 0x00000000ef580000, 0x0000000100000000)
  eden space 28160K, 100% used [0x00000000ec100000,0x00000000edc80000,0x00000000edc80000)
  from space 2048K, 78% used [0x00000000eed00000,0x00000000eee90000,0x00000000eef00000)
  to   space 6656K, 0% used [0x00000000eef00000,0x00000000eef00000,0x00000000ef580000)
 ParOldGen       total 29184K, used 12371K [0x00000000c4200000, 0x00000000c5e80000, 0x00000000ec100000)
  object space 29184K, 42% used [0x00000000c4200000,0x00000000c4e14c88,0x00000000c5e80000)
 Metaspace       used 23165K, capacity 24464K, committed 24576K, reserved 1071104K
  class space    used 3075K, capacity 3301K, committed 3328K, reserved 1048576K
Event: 1004,850 GC heap after
Heap after GC invocations=11 (full 1):
 PSYoungGen      total 28160K, used 224K [0x00000000ec100000, 0x00000000eef80000, 0x0000000100000000)
  eden space 27648K, 0% used [0x00000000ec100000,0x00000000ec100000,0x00000000edc00000)
  from space 512K, 43% used [0x00000000eef00000,0x00000000eef38000,0x00000000eef80000)
  to   space 7680K, 0% used [0x00000000ee080000,0x00000000ee080000,0x00000000ee800000)
 ParOldGen       total 29184K, used 13791K [0x00000000c4200000, 0x00000000c5e80000, 0x00000000ec100000)
  object space 29184K, 47% used [0x00000000c4200000,0x00000000c4f77c98,0x00000000c5e80000)
 Metaspace       used 23165K, capacity 24464K, committed 24576K, reserved 1071104K
  class space    used 3075K, capacity 3301K, committed 3328K, reserved 1048576K
}
Event: 1021,082 GC heap before
{Heap before GC invocations=12 (full 1):
 PSYoungGen      total 28160K, used 27872K [0x00000000ec100000, 0x00000000eef80000, 0x0000000100000000)
  eden space 27648K, 100% used [0x00000000ec100000,0x00000000edc00000,0x00000000edc00000)
  from space 512K, 43% used [0x00000000eef00000,0x00000000eef38000,0x00000000eef80000)
  to   space 7680K, 0% used [0x00000000ee080000,0x00000000ee080000,0x00000000ee800000)
 ParOldGen       total 29184K, used 13791K [0x00000000c4200000, 0x00000000c5e80000, 0x00000000ec100000)
  object space 29184K, 47% used [0x00000000c4200000,0x00000000c4f77c98,0x00000000c5e80000)
 Metaspace       used 23210K, capacity 24528K, committed 24576K, reserved 1071104K
  class space    used 3075K, capacity 3301K, committed 3328K, reserved 1048576K
Event: 1021,085 GC heap after
Heap after GC invocations=12 (full 1):
 PSYoungGen      total 34816K, used 160K [0x00000000ec100000, 0x00000000eef80000, 0x0000000100000000)
  eden space 27136K, 0% used [0x00000000ec100000,0x00000000ec100000,0x00000000edb80000)
  from space 7680K, 2% used [0x00000000ee080000,0x00000000ee0a8000,0x00000000ee800000)
  to   space 7680K, 0% used [0x00000000ee800000,0x00000000ee800000,0x00000000eef80000)
 ParOldGen       total 29184K, used 13839K [0x00000000c4200000, 0x00000000c5e80000, 0x00000000ec100000)
  object space 29184K, 47% used [0x00000000c4200000,0x00000000c4f83c98,0x00000000c5e80000)
 Metaspace       used 23210K, capacity 24528K, committed 24576K, reserved 1071104K
  class space    used 3075K, capacity 3301K, committed 3328K, reserved 1048576K
}
Event: 1032,300 GC heap before
{Heap before GC invocations=13 (full 1):
 PSYoungGen      total 34816K, used 27296K [0x00000000ec100000, 0x00000000eef80000, 0x0000000100000000)
  eden space 27136K, 100% used [0x00000000ec100000,0x00000000edb80000,0x00000000edb80000)
  from space 7680K, 2% used [0x00000000ee080000,0x00000000ee0a8000,0x00000000ee800000)
  to   space 7680K, 0% used [0x00000000ee800000,0x00000000ee800000,0x00000000eef80000)
 ParOldGen       total 29184K, used 13839K [0x00000000c4200000, 0x00000000c5e80000, 0x00000000ec100000)
  object space 29184K, 47% used [0x00000000c4200000,0x00000000c4f83c98,0x00000000c5e80000)
 Metaspace       used 23442K, capacity 24840K, committed 25088K, reserved 1071104K
  class space    used 3086K, capacity 3321K, committed 3328K, reserved 1048576K
Event: 1032,304 GC heap after
Heap after GC invocations=13 (full 1):
 PSYoungGen      total 28672K, used 1024K [0x00000000ec100000, 0x00000000eea00000, 0x0000000100000000)
  eden space 26624K, 0% used [0x00000000ec100000,0x00000000ec100000,0x00000000edb00000)
  from space 2048K, 50% used [0x00000000ee800000,0x00000000ee900040,0x00000000eea00000)
  to   space 7680K, 0% used [0x00000000edb00000,0x00000000edb00000,0x00000000ee280000)
 ParOldGen       total 29184K, used 13847K [0x00000000c4200000, 0x00000000c5e80000, 0x00000000ec100000)
  object space 29184K, 47% used [0x00000000c4200000,0x00000000c4f85c98,0x00000000c5e80000)
 Metaspace       used 23442K, capacity 24840K, committed 25088K, reserved 1071104K
  class space    used 3086K, capacity 3321K, committed 3328K, reserved 1048576K
}

