# JRE version: Java(TM) SE Runtime Environment (8.0_25-b17) (build 1.8.0_25-b17)
# Java VM: Java HotSpot(TM) 64-Bit Server VM (25.25-b02 mixed mode linux-amd64 compressed oops)
Heap:
 PSYoungGen      total 35328K, used 20774K [0x00000000ec100000, 0x00000000ef600000, 0x0000000100000000)
  eden space 30208K, 51% used [0x00000000ec100000,0x00000000ed049a60,0x00000000ede80000)
  from space 5120K, 100% used [0x00000000ede80000,0x00000000ee380000,0x00000000ee380000)
  to   space 6656K, 0% used [0x00000000eef80000,0x00000000eef80000,0x00000000ef600000)
 ParOldGen       total 30208K, used 8923K [0x00000000c4200000, 0x00000000c5f80000, 0x00000000ec100000)
  object space 30208K, 29% used [0x00000000c4200000,0x00000000c4ab6f10,0x00000000c5f80000)
 Metaspace       used 22715K, capacity 24104K, committed 24448K, reserved 1071104K
  class space    used 3149K, capacity 3351K, committed 3456K, reserved 1048576K
GC Heap History (10 events):
Event: 8,618 GC heap before
{Heap before GC invocations=4 (full 0):
 PSYoungGen      total 17920K, used 17888K [0x00000000ec100000, 0x00000000ed500000, 0x0000000100000000)
  eden space 15360K, 100% used [0x00000000ec100000,0x00000000ed000000,0x00000000ed000000)
  from space 2560K, 98% used [0x00000000ed000000,0x00000000ed278068,0x00000000ed280000)
  to   space 2560K, 0% used [0x00000000ed280000,0x00000000ed280000,0x00000000ed500000)
 ParOldGen       total 40960K, used 4060K [0x00000000c4200000, 0x00000000c6a00000, 0x00000000ec100000)
  object space 40960K, 9% used [0x00000000c4200000,0x00000000c45f7278,0x00000000c6a00000)
 Metaspace       used 19366K, capacity 20128K, committed 20352K, reserved 1067008K
  class space    used 2735K, capacity 2889K, committed 2944K, reserved 1048576K
Event: 8,625 GC heap after
Heap after GC invocations=4 (full 0):
 PSYoungGen      total 17920K, used 2544K [0x00000000ec100000, 0x00000000ed500000, 0x0000000100000000)
  eden space 15360K, 0% used [0x00000000ec100000,0x00000000ec100000,0x00000000ed000000)
  from space 2560K, 99% used [0x00000000ed280000,0x00000000ed4fc058,0x00000000ed500000)
  to   space 2560K, 0% used [0x00000000ed000000,0x00000000ed000000,0x00000000ed280000)
 ParOldGen       total 40960K, used 4769K [0x00000000c4200000, 0x00000000c6a00000, 0x00000000ec100000)
  object space 40960K, 11% used [0x00000000c4200000,0x00000000c46a8568,0x00000000c6a00000)
 Metaspace       used 19366K, capacity 20128K, committed 20352K, reserved 1067008K
  class space    used 2735K, capacity 2889K, committed 2944K, reserved 1048576K
}
Event: 8,870 GC heap before
{Heap before GC invocations=5 (full 0):
 PSYoungGen      total 17920K, used 15279K [0x00000000ec100000, 0x00000000ed500000, 0x0000000100000000)
  eden space 15360K, 82% used [0x00000000ec100000,0x00000000ecd6fdd0,0x00000000ed000000)
  from space 2560K, 99% used [0x00000000ed280000,0x00000000ed4fc058,0x00000000ed500000)
  to   space 2560K, 0% used [0x00000000ed000000,0x00000000ed000000,0x00000000ed280000)
 ParOldGen       total 40960K, used 4769K [0x00000000c4200000, 0x00000000c6a00000, 0x00000000ec100000)
  object space 40960K, 11% used [0x00000000c4200000,0x00000000c46a8568,0x00000000c6a00000)
 Metaspace       used 20231K, capacity 21184K, committed 21248K, reserved 1067008K
  class space    used 2891K, capacity 3051K, committed 3072K, reserved 1048576K
Event: 8,876 GC heap after
Heap after GC invocations=5 (full 0):
 PSYoungGen      total 17920K, used 2544K [0x00000000ec100000, 0x00000000ee900000, 0x0000000100000000)
  eden space 15360K, 0% used [0x00000000ec100000,0x00000000ec100000,0x00000000ed000000)
  from space 2560K, 99% used [0x00000000ed000000,0x00000000ed27c058,0x00000000ed280000)
  to   space 5120K, 0% used [0x00000000ee400000,0x00000000ee400000,0x00000000ee900000)
 ParOldGen       total 40960K, used 5663K [0x00000000c4200000, 0x00000000c6a00000, 0x00000000ec100000)
  object space 40960K, 13% used [0x00000000c4200000,0x00000000c4787ed8,0x00000000c6a00000)
 Metaspace       used 20231K, capacity 21184K, committed 21248K, reserved 1067008K
  class space    used 2891K, capacity 3051K, committed 3072K, reserved 1048576K
}
Event: 8,876 GC heap before
{Heap before GC invocations=6 (full 1):
 PSYoungGen      total 17920K, used 2544K [0x00000000ec100000, 0x00000000ee900000, 0x0000000100000000)
  eden space 15360K, 0% used [0x00000000ec100000,0x00000000ec100000,0x00000000ed000000)
  from space 2560K, 99% used [0x00000000ed000000,0x00000000ed27c058,0x00000000ed280000)
  to   space 5120K, 0% used [0x00000000ee400000,0x00000000ee400000,0x00000000ee900000)
 ParOldGen       total 40960K, used 5663K [0x00000000c4200000, 0x00000000c6a00000, 0x00000000ec100000)
  object space 40960K, 13% used [0x00000000c4200000,0x00000000c4787ed8,0x00000000c6a00000)
 Metaspace       used 20231K, capacity 21184K, committed 21248K, reserved 1067008K
  class space    used 2891K, capacity 3051K, committed 3072K, reserved 1048576K
Event: 8,925 GC heap after
Heap after GC invocations=6 (full 1):
 PSYoungGen      total 17920K, used 0K [0x00000000ec100000, 0x00000000ee900000, 0x0000000100000000)
  eden space 15360K, 0% used [0x00000000ec100000,0x00000000ec100000,0x00000000ed000000)
  from space 2560K, 0% used [0x00000000ed000000,0x00000000ed000000,0x00000000ed280000)
  to   space 5120K, 0% used [0x00000000ee400000,0x00000000ee400000,0x00000000ee900000)
 ParOldGen       total 30208K, used 7175K [0x00000000c4200000, 0x00000000c5f80000, 0x00000000ec100000)
  object space 30208K, 23% used [0x00000000c4200000,0x00000000c4901ef0,0x00000000c5f80000)
 Metaspace       used 20230K, capacity 21182K, committed 21248K, reserved 1067008K
  class space    used 2890K, capacity 3050K, committed 3072K, reserved 1048576K
}
Event: 12,341 GC heap before
{Heap before GC invocations=7 (full 1):
 PSYoungGen      total 17920K, used 15360K [0x00000000ec100000, 0x00000000ee900000, 0x0000000100000000)
  eden space 15360K, 100% used [0x00000000ec100000,0x00000000ed000000,0x00000000ed000000)
  from space 2560K, 0% used [0x00000000ed000000,0x00000000ed000000,0x00000000ed280000)
  to   space 5120K, 0% used [0x00000000ee400000,0x00000000ee400000,0x00000000ee900000)
 ParOldGen       total 30208K, used 7175K [0x00000000c4200000, 0x00000000c5f80000, 0x00000000ec100000)
  object space 30208K, 23% used [0x00000000c4200000,0x00000000c4901ef0,0x00000000c5f80000)
 Metaspace       used 22140K, capacity 23492K, committed 23680K, reserved 1069056K
  class space    used 3134K, capacity 3345K, committed 3456K, reserved 1048576K
Event: 12,349 GC heap after
Heap after GC invocations=7 (full 1):
 PSYoungGen      total 30208K, used 4384K [0x00000000ec100000, 0x00000000ee880000, 0x0000000100000000)
  eden space 25600K, 0% used [0x00000000ec100000,0x00000000ec100000,0x00000000eda00000)
  from space 4608K, 95% used [0x00000000ee400000,0x00000000ee848000,0x00000000ee880000)
  to   space 5120K, 0% used [0x00000000ede80000,0x00000000ede80000,0x00000000ee380000)
 ParOldGen       total 30208K, used 7183K [0x00000000c4200000, 0x00000000c5f80000, 0x00000000ec100000)
  object space 30208K, 23% used [0x00000000c4200000,0x00000000c4903ef0,0x00000000c5f80000)
 Metaspace       used 22140K, capacity 23492K, committed 23680K, reserved 1069056K
  class space    used 3134K, capacity 3345K, committed 3456K, reserved 1048576K
}
Event: 26,876 GC heap before
{Heap before GC invocations=8 (full 1):
 PSYoungGen      total 30208K, used 29984K [0x00000000ec100000, 0x00000000ee880000, 0x0000000100000000)
  eden space 25600K, 100% used [0x00000000ec100000,0x00000000eda00000,0x00000000eda00000)
  from space 4608K, 95% used [0x00000000ee400000,0x00000000ee848000,0x00000000ee880000)
  to   space 5120K, 0% used [0x00000000ede80000,0x00000000ede80000,0x00000000ee380000)
 ParOldGen       total 30208K, used 7183K [0x00000000c4200000, 0x00000000c5f80000, 0x00000000ec100000)
  object space 30208K, 23% used [0x00000000c4200000,0x00000000c4903ef0,0x00000000c5f80000)
 Metaspace       used 22700K, capacity 24104K, committed 24448K, reserved 1071104K
  class space    used 3146K, capacity 3351K, committed 3456K, reserved 1048576K
Event: 26,886 GC heap after
Heap after GC invocations=8 (full 1):
 PSYoungGen      total 35328K, used 5120K [0x00000000ec100000, 0x00000000ef600000, 0x0000000100000000)
  eden space 30208K, 0% used [0x00000000ec100000,0x00000000ec100000,0x00000000ede80000)
  from space 5120K, 100% used [0x00000000ede80000,0x00000000ee380000,0x00000000ee380000)
  to   space 6656K, 0% used [0x00000000eef80000,0x00000000eef80000,0x00000000ef600000)
 ParOldGen       total 30208K, used 8923K [0x00000000c4200000, 0x00000000c5f80000, 0x00000000ec100000)
  object space 30208K, 29% used [0x00000000c4200000,0x00000000c4ab6f10,0x00000000c5f80000)
 Metaspace       used 22700K, capacity 24104K, committed 24448K, reserved 1071104K
  class space    used 3146K, capacity 3351K, committed 3456K, reserved 1048576K
}

