# JRE version: Java(TM) SE Runtime Environment (8.0_66-b17) (build 1.8.0_66-b17)
# Java VM: Java HotSpot(TM) 64-Bit Server VM (25.66-b17 mixed mode linux-amd64 compressed oops)
Heap:
 PSYoungGen      total 36864K, used 29453K [0x00000000ec100000, 0x00000000eeb00000, 0x0000000100000000)
  eden space 30720K, 90% used [0x00000000ec100000,0x00000000edc0a508,0x00000000edf00000)
  from space 6144K, 28% used [0x00000000ee500000,0x00000000ee6b92d0,0x00000000eeb00000)
  to   space 6144K, 0% used [0x00000000edf00000,0x00000000edf00000,0x00000000ee500000)
 ParOldGen       total 26624K, used 7481K [0x00000000c4200000, 0x00000000c5c00000, 0x00000000ec100000)
  object space 26624K, 28% used [0x00000000c4200000,0x00000000c494e498,0x00000000c5c00000)
 Metaspace       used 23408K, capacity 24849K, committed 24960K, reserved 1071104K
  class space    used 3147K, capacity 3440K, committed 3456K, reserved 1048576K
GC Heap History (10 events):
Event: 102,808 GC heap before
{Heap before GC invocations=3 (full 0):
 PSYoungGen      total 17920K, used 17904K [0x00000000ec100000, 0x00000000ed500000, 0x0000000100000000)
  eden space 15360K, 100% used [0x00000000ec100000,0x00000000ed000000,0x00000000ed000000)
  from space 2560K, 99% used [0x00000000ed280000,0x00000000ed4fc080,0x00000000ed500000)
  to   space 2560K, 0% used [0x00000000ed000000,0x00000000ed000000,0x00000000ed280000)
 ParOldGen       total 40960K, used 2789K [0x00000000c4200000, 0x00000000c6a00000, 0x00000000ec100000)
  object space 40960K, 6% used [0x00000000c4200000,0x00000000c44b9730,0x00000000c6a00000)
 Metaspace       used 18353K, capacity 19016K, committed 19200K, reserved 1064960K
  class space    used 2505K, capacity 2689K, committed 2816K, reserved 1048576K
Event: 102,817 GC heap after
Heap after GC invocations=3 (full 0):
 PSYoungGen      total 17920K, used 2528K [0x00000000ec100000, 0x00000000ed500000, 0x0000000100000000)
  eden space 15360K, 0% used [0x00000000ec100000,0x00000000ec100000,0x00000000ed000000)
  from space 2560K, 98% used [0x00000000ed000000,0x00000000ed278060,0x00000000ed280000)
  to   space 2560K, 0% used [0x00000000ed280000,0x00000000ed280000,0x00000000ed500000)
 ParOldGen       total 40960K, used 4848K [0x00000000c4200000, 0x00000000c6a00000, 0x00000000ec100000)
  object space 40960K, 11% used [0x00000000c4200000,0x00000000c46bc338,0x00000000c6a00000)
 Metaspace       used 18353K, capacity 19016K, committed 19200K, reserved 1064960K
  class space    used 2505K, capacity 2689K, committed 2816K, reserved 1048576K
}
Event: 271,694 GC heap before
{Heap before GC invocations=4 (full 0):
 PSYoungGen      total 17920K, used 17888K [0x00000000ec100000, 0x00000000ed500000, 0x0000000100000000)
  eden space 15360K, 100% used [0x00000000ec100000,0x00000000ed000000,0x00000000ed000000)
  from space 2560K, 98% used [0x00000000ed000000,0x00000000ed278060,0x00000000ed280000)
  to   space 2560K, 0% used [0x00000000ed280000,0x00000000ed280000,0x00000000ed500000)
 ParOldGen       total 40960K, used 4848K [0x00000000c4200000, 0x00000000c6a00000, 0x00000000ec100000)
  object space 40960K, 11% used [0x00000000c4200000,0x00000000c46bc338,0x00000000c6a00000)
 Metaspace       used 19705K, capacity 20354K, committed 20480K, reserved 1067008K
  class space    used 2587K, capacity 2744K, committed 2816K, reserved 1048576K
Event: 271,704 GC heap after
Heap after GC invocations=4 (full 0):
 PSYoungGen      total 17920K, used 2544K [0x00000000ec100000, 0x00000000ed500000, 0x0000000100000000)
  eden space 15360K, 0% used [0x00000000ec100000,0x00000000ec100000,0x00000000ed000000)
  from space 2560K, 99% used [0x00000000ed280000,0x00000000ed4fc070,0x00000000ed500000)
  to   space 2560K, 0% used [0x00000000ed000000,0x00000000ed000000,0x00000000ed280000)
 ParOldGen       total 40960K, used 5216K [0x00000000c4200000, 0x00000000c6a00000, 0x00000000ec100000)
  object space 40960K, 12% used [0x00000000c4200000,0x00000000c47183d0,0x00000000c6a00000)
 Metaspace       used 19705K, capacity 20354K, committed 20480K, reserved 1067008K
  class space    used 2587K, capacity 2744K, committed 2816K, reserved 1048576K
}
Event: 271,900 GC heap before
{Heap before GC invocations=5 (full 0):
 PSYoungGen      total 17920K, used 13953K [0x00000000ec100000, 0x00000000ed500000, 0x0000000100000000)
  eden space 15360K, 74% used [0x00000000ec100000,0x00000000ecc24668,0x00000000ed000000)
  from space 2560K, 99% used [0x00000000ed280000,0x00000000ed4fc070,0x00000000ed500000)
  to   space 2560K, 0% used [0x00000000ed000000,0x00000000ed000000,0x00000000ed280000)
 ParOldGen       total 40960K, used 5216K [0x00000000c4200000, 0x00000000c6a00000, 0x00000000ec100000)
  object space 40960K, 12% used [0x00000000c4200000,0x00000000c47183d0,0x00000000c6a00000)
 Metaspace       used 20564K, capacity 21291K, committed 21296K, reserved 1067008K
  class space    used 2726K, capacity 2939K, committed 2944K, reserved 1048576K
Event: 271,907 GC heap after
Heap after GC invocations=5 (full 0):
 PSYoungGen      total 17920K, used 2528K [0x00000000ec100000, 0x00000000eeb00000, 0x0000000100000000)
  eden space 15360K, 0% used [0x00000000ec100000,0x00000000ec100000,0x00000000ed000000)
  from space 2560K, 98% used [0x00000000ed000000,0x00000000ed278060,0x00000000ed280000)
  to   space 6144K, 0% used [0x00000000ee500000,0x00000000ee500000,0x00000000eeb00000)
 ParOldGen       total 40960K, used 5802K [0x00000000c4200000, 0x00000000c6a00000, 0x00000000ec100000)
  object space 40960K, 14% used [0x00000000c4200000,0x00000000c47aa970,0x00000000c6a00000)
 Metaspace       used 20564K, capacity 21291K, committed 21296K, reserved 1067008K
  class space    used 2726K, capacity 2939K, committed 2944K, reserved 1048576K
}
Event: 271,907 GC heap before
{Heap before GC invocations=6 (full 1):
 PSYoungGen      total 17920K, used 2528K [0x00000000ec100000, 0x00000000eeb00000, 0x0000000100000000)
  eden space 15360K, 0% used [0x00000000ec100000,0x00000000ec100000,0x00000000ed000000)
  from space 2560K, 98% used [0x00000000ed000000,0x00000000ed278060,0x00000000ed280000)
  to   space 6144K, 0% used [0x00000000ee500000,0x00000000ee500000,0x00000000eeb00000)
 ParOldGen       total 40960K, used 5802K [0x00000000c4200000, 0x00000000c6a00000, 0x00000000ec100000)
  object space 40960K, 14% used [0x00000000c4200000,0x00000000c47aa970,0x00000000c6a00000)
 Metaspace       used 20564K, capacity 21291K, committed 21296K, reserved 1067008K
  class space    used 2726K, capacity 2939K, committed 2944K, reserved 1048576K
Event: 271,951 GC heap after
Heap after GC invocations=6 (full 1):
 PSYoungGen      total 17920K, used 0K [0x00000000ec100000, 0x00000000eeb00000, 0x0000000100000000)
  eden space 15360K, 0% used [0x00000000ec100000,0x00000000ec100000,0x00000000ed000000)
  from space 2560K, 0% used [0x00000000ed000000,0x00000000ed000000,0x00000000ed280000)
  to   space 6144K, 0% used [0x00000000ee500000,0x00000000ee500000,0x00000000eeb00000)
 ParOldGen       total 26624K, used 7473K [0x00000000c4200000, 0x00000000c5c00000, 0x00000000ec100000)
  object space 26624K, 28% used [0x00000000c4200000,0x00000000c494c498,0x00000000c5c00000)
 Metaspace       used 20564K, capacity 21291K, committed 21296K, reserved 1067008K
  class space    used 2726K, capacity 2939K, committed 2944K, reserved 1048576K
}
Event: 272,358 GC heap before
{Heap before GC invocations=7 (full 1):
 PSYoungGen      total 17920K, used 15360K [0x00000000ec100000, 0x00000000eeb00000, 0x0000000100000000)
  eden space 15360K, 100% used [0x00000000ec100000,0x00000000ed000000,0x00000000ed000000)
  from space 2560K, 0% used [0x00000000ed000000,0x00000000ed000000,0x00000000ed280000)
  to   space 6144K, 0% used [0x00000000ee500000,0x00000000ee500000,0x00000000eeb00000)
 ParOldGen       total 26624K, used 7473K [0x00000000c4200000, 0x00000000c5c00000, 0x00000000ec100000)
  object space 26624K, 28% used [0x00000000c4200000,0x00000000c494c498,0x00000000c5c00000)
 Metaspace       used 21998K, capacity 23161K, committed 23296K, reserved 1069056K
  class space    used 2995K, capacity 3262K, committed 3328K, reserved 1048576K
Event: 272,364 GC heap after
Heap after GC invocations=7 (full 1):
 PSYoungGen      total 36864K, used 1764K [0x00000000ec100000, 0x00000000eeb00000, 0x0000000100000000)
  eden space 30720K, 0% used [0x00000000ec100000,0x00000000ec100000,0x00000000edf00000)
  from space 6144K, 28% used [0x00000000ee500000,0x00000000ee6b92d0,0x00000000eeb00000)
  to   space 6144K, 0% used [0x00000000edf00000,0x00000000edf00000,0x00000000ee500000)
 ParOldGen       total 26624K, used 7481K [0x00000000c4200000, 0x00000000c5c00000, 0x00000000ec100000)
  object space 26624K, 28% used [0x00000000c4200000,0x00000000c494e498,0x00000000c5c00000)
 Metaspace       used 21998K, capacity 23161K, committed 23296K, reserved 1069056K
  class space    used 2995K, capacity 3262K, committed 3328K, reserved 1048576K
}

