# JRE version: Java(TM) SE Runtime Environment (8.0_25-b17) (build 1.8.0_25-b17)
# Java VM: Java HotSpot(TM) 64-Bit Server VM (25.25-b02 mixed mode linux-amd64 compressed oops)
Heap:
 PSYoungGen      total 17920K, used 11572K [0x00000000ec100000, 0x00000000ee900000, 0x0000000100000000)
  eden space 15360K, 75% used [0x00000000ec100000,0x00000000ecc4d2b8,0x00000000ed000000)
  from space 2560K, 0% used [0x00000000ed000000,0x00000000ed000000,0x00000000ed280000)
  to   space 5120K, 0% used [0x00000000ee400000,0x00000000ee400000,0x00000000ee900000)
 ParOldGen       total 29184K, used 7427K [0x00000000c4200000, 0x00000000c5e80000, 0x00000000ec100000)
  object space 29184K, 25% used [0x00000000c4200000,0x00000000c4940f70,0x00000000c5e80000)
 Metaspace       used 21225K, capacity 22298K, committed 22448K, reserved 1069056K
  class space    used 2984K, capacity 3188K, committed 3248K, reserved 1048576K
GC Heap History (10 events):
Event: 1,599 GC heap before
{Heap before GC invocations=2 (full 0):
 PSYoungGen      total 17920K, used 17616K [0x00000000ec100000, 0x00000000ed500000, 0x0000000100000000)
  eden space 15360K, 100% used [0x00000000ec100000,0x00000000ed000000,0x00000000ed000000)
  from space 2560K, 88% used [0x00000000ed000000,0x00000000ed234030,0x00000000ed280000)
  to   space 2560K, 0% used [0x00000000ed280000,0x00000000ed280000,0x00000000ed500000)
 ParOldGen       total 40960K, used 80K [0x00000000c4200000, 0x00000000c6a00000, 0x00000000ec100000)
  object space 40960K, 0% used [0x00000000c4200000,0x00000000c4214010,0x00000000c6a00000)
 Metaspace       used 14836K, capacity 15236K, committed 15488K, reserved 1062912K
  class space    used 1944K, capacity 2077K, committed 2176K, reserved 1048576K
Event: 1,609 GC heap after
Heap after GC invocations=2 (full 0):
 PSYoungGen      total 17920K, used 2544K [0x00000000ec100000, 0x00000000ed500000, 0x0000000100000000)
  eden space 15360K, 0% used [0x00000000ec100000,0x00000000ec100000,0x00000000ed000000)
  from space 2560K, 99% used [0x00000000ed280000,0x00000000ed4fc070,0x00000000ed500000)
  to   space 2560K, 0% used [0x00000000ed000000,0x00000000ed000000,0x00000000ed280000)
 ParOldGen       total 40960K, used 2756K [0x00000000c4200000, 0x00000000c6a00000, 0x00000000ec100000)
  object space 40960K, 6% used [0x00000000c4200000,0x00000000c44b1340,0x00000000c6a00000)
 Metaspace       used 14836K, capacity 15236K, committed 15488K, reserved 1062912K
  class space    used 1944K, capacity 2077K, committed 2176K, reserved 1048576K
}
Event: 11,130 GC heap before
{Heap before GC invocations=3 (full 0):
 PSYoungGen      total 17920K, used 17904K [0x00000000ec100000, 0x00000000ed500000, 0x0000000100000000)
  eden space 15360K, 100% used [0x00000000ec100000,0x00000000ed000000,0x00000000ed000000)
  from space 2560K, 99% used [0x00000000ed280000,0x00000000ed4fc070,0x00000000ed500000)
  to   space 2560K, 0% used [0x00000000ed000000,0x00000000ed000000,0x00000000ed280000)
 ParOldGen       total 40960K, used 2756K [0x00000000c4200000, 0x00000000c6a00000, 0x00000000ec100000)
  object space 40960K, 6% used [0x00000000c4200000,0x00000000c44b1340,0x00000000c6a00000)
 Metaspace       used 18376K, capacity 18932K, committed 19200K, reserved 1064960K
  class space    used 2557K, capacity 2715K, committed 2816K, reserved 1048576K
Event: 11,136 GC heap after
Heap after GC invocations=3 (full 0):
 PSYoungGen      total 17920K, used 2528K [0x00000000ec100000, 0x00000000ed500000, 0x0000000100000000)
  eden space 15360K, 0% used [0x00000000ec100000,0x00000000ec100000,0x00000000ed000000)
  from space 2560K, 98% used [0x00000000ed000000,0x00000000ed278058,0x00000000ed280000)
  to   space 2560K, 0% used [0x00000000ed280000,0x00000000ed280000,0x00000000ed500000)
 ParOldGen       total 40960K, used 4012K [0x00000000c4200000, 0x00000000c6a00000, 0x00000000ec100000)
  object space 40960K, 9% used [0x00000000c4200000,0x00000000c45eb370,0x00000000c6a00000)
 Metaspace       used 18376K, capacity 18932K, committed 19200K, reserved 1064960K
  class space    used 2557K, capacity 2715K, committed 2816K, reserved 1048576K
}
Event: 11,366 GC heap before
{Heap before GC invocations=4 (full 0):
 PSYoungGen      total 17920K, used 17888K [0x00000000ec100000, 0x00000000ed500000, 0x0000000100000000)
  eden space 15360K, 100% used [0x00000000ec100000,0x00000000ed000000,0x00000000ed000000)
  from space 2560K, 98% used [0x00000000ed000000,0x00000000ed278058,0x00000000ed280000)
  to   space 2560K, 0% used [0x00000000ed280000,0x00000000ed280000,0x00000000ed500000)
 ParOldGen       total 40960K, used 4012K [0x00000000c4200000, 0x00000000c6a00000, 0x00000000ec100000)
  object space 40960K, 9% used [0x00000000c4200000,0x00000000c45eb370,0x00000000c6a00000)
 Metaspace       used 19197K, capacity 19892K, committed 20096K, reserved 1067008K
  class space    used 2693K, capacity 2851K, committed 2944K, reserved 1048576K
Event: 11,371 GC heap after
Heap after GC invocations=4 (full 0):
 PSYoungGen      total 17920K, used 2528K [0x00000000ec100000, 0x00000000ed500000, 0x0000000100000000)
  eden space 15360K, 0% used [0x00000000ec100000,0x00000000ec100000,0x00000000ed000000)
  from space 2560K, 98% used [0x00000000ed280000,0x00000000ed4f8040,0x00000000ed500000)
  to   space 2560K, 0% used [0x00000000ed000000,0x00000000ed000000,0x00000000ed280000)
 ParOldGen       total 40960K, used 4612K [0x00000000c4200000, 0x00000000c6a00000, 0x00000000ec100000)
  object space 40960K, 11% used [0x00000000c4200000,0x00000000c4681398,0x00000000c6a00000)
 Metaspace       used 19197K, capacity 19892K, committed 20096K, reserved 1067008K
  class space    used 2693K, capacity 2851K, committed 2944K, reserved 1048576K
}
Event: 11,630 GC heap before
{Heap before GC invocations=5 (full 0):
 PSYoungGen      total 17920K, used 9990K [0x00000000ec100000, 0x00000000ed500000, 0x0000000100000000)
  eden space 15360K, 48% used [0x00000000ec100000,0x00000000ec849940,0x00000000ed000000)
  from space 2560K, 98% used [0x00000000ed280000,0x00000000ed4f8040,0x00000000ed500000)
  to   space 2560K, 0% used [0x00000000ed000000,0x00000000ed000000,0x00000000ed280000)
 ParOldGen       total 40960K, used 4612K [0x00000000c4200000, 0x00000000c6a00000, 0x00000000ec100000)
  object space 40960K, 11% used [0x00000000c4200000,0x00000000c4681398,0x00000000c6a00000)
 Metaspace       used 20239K, capacity 21228K, committed 21296K, reserved 1067008K
  class space    used 2888K, capacity 3081K, committed 3120K, reserved 1048576K
Event: 11,643 GC heap after
Heap after GC invocations=5 (full 0):
 PSYoungGen      total 17920K, used 2528K [0x00000000ec100000, 0x00000000ee900000, 0x0000000100000000)
  eden space 15360K, 0% used [0x00000000ec100000,0x00000000ec100000,0x00000000ed000000)
  from space 2560K, 98% used [0x00000000ed000000,0x00000000ed278020,0x00000000ed280000)
  to   space 5120K, 0% used [0x00000000ee400000,0x00000000ee400000,0x00000000ee900000)
 ParOldGen       total 40960K, used 5892K [0x00000000c4200000, 0x00000000c6a00000, 0x00000000ec100000)
  object space 40960K, 14% used [0x00000000c4200000,0x00000000c47c13b8,0x00000000c6a00000)
 Metaspace       used 20239K, capacity 21228K, committed 21296K, reserved 1067008K
  class space    used 2888K, capacity 3081K, committed 3120K, reserved 1048576K
}
Event: 11,643 GC heap before
{Heap before GC invocations=6 (full 1):
 PSYoungGen      total 17920K, used 2528K [0x00000000ec100000, 0x00000000ee900000, 0x0000000100000000)
  eden space 15360K, 0% used [0x00000000ec100000,0x00000000ec100000,0x00000000ed000000)
  from space 2560K, 98% used [0x00000000ed000000,0x00000000ed278020,0x00000000ed280000)
  to   space 5120K, 0% used [0x00000000ee400000,0x00000000ee400000,0x00000000ee900000)
 ParOldGen       total 40960K, used 5892K [0x00000000c4200000, 0x00000000c6a00000, 0x00000000ec100000)
  object space 40960K, 14% used [0x00000000c4200000,0x00000000c47c13b8,0x00000000c6a00000)
 Metaspace       used 20239K, capacity 21228K, committed 21296K, reserved 1067008K
  class space    used 2888K, capacity 3081K, committed 3120K, reserved 1048576K
Event: 11,699 GC heap after
Heap after GC invocations=6 (full 1):
 PSYoungGen      total 17920K, used 0K [0x00000000ec100000, 0x00000000ee900000, 0x0000000100000000)
  eden space 15360K, 0% used [0x00000000ec100000,0x00000000ec100000,0x00000000ed000000)
  from space 2560K, 0% used [0x00000000ed000000,0x00000000ed000000,0x00000000ed280000)
  to   space 5120K, 0% used [0x00000000ee400000,0x00000000ee400000,0x00000000ee900000)
 ParOldGen       total 29184K, used 7427K [0x00000000c4200000, 0x00000000c5e80000, 0x00000000ec100000)
  object space 29184K, 25% used [0x00000000c4200000,0x00000000c4940f70,0x00000000c5e80000)
 Metaspace       used 20238K, capacity 21226K, committed 21296K, reserved 1067008K
  class space    used 2887K, capacity 3080K, committed 3120K, reserved 1048576K
}

