# JRE version: Java(TM) SE Runtime Environment (8.0_66-b17) (build 1.8.0_66-b17)
# Java VM: Java HotSpot(TM) 64-Bit Server VM (25.66-b17 mixed mode linux-amd64 compressed oops)
Heap:
 PSYoungGen      total 30208K, used 26753K [0x00000000ec100000, 0x00000000ee800000, 0x0000000100000000)
  eden space 23552K, 86% used [0x00000000ec100000,0x00000000ed4ec648,0x00000000ed800000)
  from space 6656K, 95% used [0x00000000edf80000,0x00000000ee5b4010,0x00000000ee600000)
  to   space 7680K, 0% used [0x00000000ed800000,0x00000000ed800000,0x00000000edf80000)
 ParOldGen       total 33792K, used 8352K [0x00000000c4200000, 0x00000000c6300000, 0x00000000ec100000)
  object space 33792K, 24% used [0x00000000c4200000,0x00000000c4a28040,0x00000000c6300000)
 Metaspace       used 23686K, capacity 25242K, committed 25344K, reserved 1071104K
  class space    used 3237K, capacity 3560K, committed 3584K, reserved 1048576K
GC Heap History (10 events):
Event: 9,095 GC heap before
{Heap before GC invocations=3 (full 0):
 PSYoungGen      total 17920K, used 17904K [0x00000000ec100000, 0x00000000ed500000, 0x0000000100000000)
  eden space 15360K, 100% used [0x00000000ec100000,0x00000000ed000000,0x00000000ed000000)
  from space 2560K, 99% used [0x00000000ed280000,0x00000000ed4fc070,0x00000000ed500000)
  to   space 2560K, 0% used [0x00000000ed000000,0x00000000ed000000,0x00000000ed280000)
 ParOldGen       total 40960K, used 3077K [0x00000000c4200000, 0x00000000c6a00000, 0x00000000ec100000)
  object space 40960K, 7% used [0x00000000c4200000,0x00000000c45016d0,0x00000000c6a00000)
 Metaspace       used 19026K, capacity 19736K, committed 20096K, reserved 1067008K
  class space    used 2626K, capacity 2823K, committed 2944K, reserved 1048576K
Event: 9,101 GC heap after
Heap after GC invocations=3 (full 0):
 PSYoungGen      total 17920K, used 2528K [0x00000000ec100000, 0x00000000ed500000, 0x0000000100000000)
  eden space 15360K, 0% used [0x00000000ec100000,0x00000000ec100000,0x00000000ed000000)
  from space 2560K, 98% used [0x00000000ed000000,0x00000000ed278098,0x00000000ed280000)
  to   space 2560K, 0% used [0x00000000ed280000,0x00000000ed280000,0x00000000ed500000)
 ParOldGen       total 40960K, used 5426K [0x00000000c4200000, 0x00000000c6a00000, 0x00000000ec100000)
  object space 40960K, 13% used [0x00000000c4200000,0x00000000c474c8b0,0x00000000c6a00000)
 Metaspace       used 19026K, capacity 19736K, committed 20096K, reserved 1067008K
  class space    used 2626K, capacity 2823K, committed 2944K, reserved 1048576K
}
Event: 9,335 GC heap before
{Heap before GC invocations=4 (full 0):
 PSYoungGen      total 17920K, used 11884K [0x00000000ec100000, 0x00000000ed500000, 0x0000000100000000)
  eden space 15360K, 60% used [0x00000000ec100000,0x00000000eca22fe8,0x00000000ed000000)
  from space 2560K, 98% used [0x00000000ed000000,0x00000000ed278098,0x00000000ed280000)
  to   space 2560K, 0% used [0x00000000ed280000,0x00000000ed280000,0x00000000ed500000)
 ParOldGen       total 40960K, used 5426K [0x00000000c4200000, 0x00000000c6a00000, 0x00000000ec100000)
  object space 40960K, 13% used [0x00000000c4200000,0x00000000c474c8b0,0x00000000c6a00000)
 Metaspace       used 20338K, capacity 21182K, committed 21248K, reserved 1067008K
  class space    used 2828K, capacity 3032K, committed 3072K, reserved 1048576K
Event: 9,341 GC heap after
Heap after GC invocations=4 (full 0):
 PSYoungGen      total 17920K, used 2544K [0x00000000ec100000, 0x00000000ed500000, 0x0000000100000000)
  eden space 15360K, 0% used [0x00000000ec100000,0x00000000ec100000,0x00000000ed000000)
  from space 2560K, 99% used [0x00000000ed280000,0x00000000ed4fc070,0x00000000ed500000)
  to   space 2560K, 0% used [0x00000000ed000000,0x00000000ed000000,0x00000000ed280000)
 ParOldGen       total 40960K, used 6058K [0x00000000c4200000, 0x00000000c6a00000, 0x00000000ec100000)
  object space 40960K, 14% used [0x00000000c4200000,0x00000000c47eaa48,0x00000000c6a00000)
 Metaspace       used 20338K, capacity 21182K, committed 21248K, reserved 1067008K
  class space    used 2828K, capacity 3032K, committed 3072K, reserved 1048576K
}
Event: 9,341 GC heap before
{Heap before GC invocations=5 (full 1):
 PSYoungGen      total 17920K, used 2544K [0x00000000ec100000, 0x00000000ed500000, 0x0000000100000000)
  eden space 15360K, 0% used [0x00000000ec100000,0x00000000ec100000,0x00000000ed000000)
  from space 2560K, 99% used [0x00000000ed280000,0x00000000ed4fc070,0x00000000ed500000)
  to   space 2560K, 0% used [0x00000000ed000000,0x00000000ed000000,0x00000000ed280000)
 ParOldGen       total 40960K, used 6058K [0x00000000c4200000, 0x00000000c6a00000, 0x00000000ec100000)
  object space 40960K, 14% used [0x00000000c4200000,0x00000000c47eaa48,0x00000000c6a00000)
 Metaspace       used 20338K, capacity 21182K, committed 21248K, reserved 1067008K
  class space    used 2828K, capacity 3032K, committed 3072K, reserved 1048576K
Event: 9,397 GC heap after
Heap after GC invocations=5 (full 1):
 PSYoungGen      total 17920K, used 0K [0x00000000ec100000, 0x00000000ed500000, 0x0000000100000000)
  eden space 15360K, 0% used [0x00000000ec100000,0x00000000ec100000,0x00000000ed000000)
  from space 2560K, 0% used [0x00000000ed280000,0x00000000ed280000,0x00000000ed500000)
  to   space 2560K, 0% used [0x00000000ed000000,0x00000000ed000000,0x00000000ed280000)
 ParOldGen       total 33792K, used 8336K [0x00000000c4200000, 0x00000000c6300000, 0x00000000ec100000)
  object space 33792K, 24% used [0x00000000c4200000,0x00000000c4a24040,0x00000000c6300000)
 Metaspace       used 20338K, capacity 21182K, committed 21248K, reserved 1067008K
  class space    used 2828K, capacity 3032K, committed 3072K, reserved 1048576K
}
Event: 9,937 GC heap before
{Heap before GC invocations=6 (full 1):
 PSYoungGen      total 17920K, used 15360K [0x00000000ec100000, 0x00000000ed500000, 0x0000000100000000)
  eden space 15360K, 100% used [0x00000000ec100000,0x00000000ed000000,0x00000000ed000000)
  from space 2560K, 0% used [0x00000000ed280000,0x00000000ed280000,0x00000000ed500000)
  to   space 2560K, 0% used [0x00000000ed000000,0x00000000ed000000,0x00000000ed280000)
 ParOldGen       total 33792K, used 8336K [0x00000000c4200000, 0x00000000c6300000, 0x00000000ec100000)
  object space 33792K, 24% used [0x00000000c4200000,0x00000000c4a24040,0x00000000c6300000)
 Metaspace       used 21720K, capacity 22876K, committed 23168K, reserved 1069056K
  class space    used 3078K, capacity 3345K, committed 3456K, reserved 1048576K
Event: 9,941 GC heap after
Heap after GC invocations=6 (full 1):
 PSYoungGen      total 17920K, used 1949K [0x00000000ec100000, 0x00000000ee600000, 0x0000000100000000)
  eden space 15360K, 0% used [0x00000000ec100000,0x00000000ec100000,0x00000000ed000000)
  from space 2560K, 76% used [0x00000000ed000000,0x00000000ed1e7608,0x00000000ed280000)
  to   space 6656K, 0% used [0x00000000edf80000,0x00000000edf80000,0x00000000ee600000)
 ParOldGen       total 33792K, used 8344K [0x00000000c4200000, 0x00000000c6300000, 0x00000000ec100000)
  object space 33792K, 24% used [0x00000000c4200000,0x00000000c4a26040,0x00000000c6300000)
 Metaspace       used 21720K, capacity 22876K, committed 23168K, reserved 1069056K
  class space    used 3078K, capacity 3345K, committed 3456K, reserved 1048576K
}
Event: 12,507 GC heap before
{Heap before GC invocations=7 (full 1):
 PSYoungGen      total 17920K, used 17309K [0x00000000ec100000, 0x00000000ee600000, 0x0000000100000000)
  eden space 15360K, 100% used [0x00000000ec100000,0x00000000ed000000,0x00000000ed000000)
  from space 2560K, 76% used [0x00000000ed000000,0x00000000ed1e7608,0x00000000ed280000)
  to   space 6656K, 0% used [0x00000000edf80000,0x00000000edf80000,0x00000000ee600000)
 ParOldGen       total 33792K, used 8344K [0x00000000c4200000, 0x00000000c6300000, 0x00000000ec100000)
  object space 33792K, 24% used [0x00000000c4200000,0x00000000c4a26040,0x00000000c6300000)
 Metaspace       used 23227K, capacity 24652K, committed 24832K, reserved 1071104K
  class space    used 3219K, capacity 3505K, committed 3584K, reserved 1048576K
Event: 12,528 GC heap after
Heap after GC invocations=7 (full 1):
 PSYoungGen      total 30208K, used 6352K [0x00000000ec100000, 0x00000000ee800000, 0x0000000100000000)
  eden space 23552K, 0% used [0x00000000ec100000,0x00000000ec100000,0x00000000ed800000)
  from space 6656K, 95% used [0x00000000edf80000,0x00000000ee5b4010,0x00000000ee600000)
  to   space 7680K, 0% used [0x00000000ed800000,0x00000000ed800000,0x00000000edf80000)
 ParOldGen       total 33792K, used 8352K [0x00000000c4200000, 0x00000000c6300000, 0x00000000ec100000)
  object space 33792K, 24% used [0x00000000c4200000,0x00000000c4a28040,0x00000000c6300000)
 Metaspace       used 23227K, capacity 24652K, committed 24832K, reserved 1071104K
  class space    used 3219K, capacity 3505K, committed 3584K, reserved 1048576K
}

