# JRE version: Java(TM) SE Runtime Environment (8.0_25-b17) (build 1.8.0_25-b17)
# Java VM: Java HotSpot(TM) 64-Bit Server VM (25.25-b02 mixed mode linux-amd64 compressed oops)
Heap:
 PSYoungGen      total 31744K, used 8719K [0x00000000ec100000, 0x00000000ee880000, 0x0000000100000000)
  eden space 27136K, 15% used [0x00000000ec100000,0x00000000ec503fe8,0x00000000edb80000)
  from space 4608K, 100% used [0x00000000ee400000,0x00000000ee880000,0x00000000ee880000)
  to   space 5632K, 0% used [0x00000000edd80000,0x00000000edd80000,0x00000000ee300000)
 ParOldGen       total 29184K, used 7230K [0x00000000c4200000, 0x00000000c5e80000, 0x00000000ec100000)
  object space 29184K, 24% used [0x00000000c4200000,0x00000000c490f910,0x00000000c5e80000)
 Metaspace       used 22068K, capacity 23332K, committed 23552K, reserved 1069056K
  class space    used 3070K, capacity 3293K, committed 3328K, reserved 1048576K
GC Heap History (10 events):
Event: 7,737 GC heap before
{Heap before GC invocations=3 (full 0):
 PSYoungGen      total 17920K, used 17904K [0x00000000ec100000, 0x00000000ed500000, 0x0000000100000000)
  eden space 15360K, 100% used [0x00000000ec100000,0x00000000ed000000,0x00000000ed000000)
  from space 2560K, 99% used [0x00000000ed280000,0x00000000ed4fc050,0x00000000ed500000)
  to   space 2560K, 0% used [0x00000000ed000000,0x00000000ed000000,0x00000000ed280000)
 ParOldGen       total 40960K, used 2755K [0x00000000c4200000, 0x00000000c6a00000, 0x00000000ec100000)
  object space 40960K, 6% used [0x00000000c4200000,0x00000000c44b0cc0,0x00000000c6a00000)
 Metaspace       used 18406K, capacity 19010K, committed 19200K, reserved 1064960K
  class space    used 2571K, capacity 2720K, committed 2816K, reserved 1048576K
Event: 7,742 GC heap after
Heap after GC invocations=3 (full 0):
 PSYoungGen      total 17920K, used 2528K [0x00000000ec100000, 0x00000000ed500000, 0x0000000100000000)
  eden space 15360K, 0% used [0x00000000ec100000,0x00000000ec100000,0x00000000ed000000)
  from space 2560K, 98% used [0x00000000ed000000,0x00000000ed2780a8,0x00000000ed280000)
  to   space 2560K, 0% used [0x00000000ed280000,0x00000000ed280000,0x00000000ed500000)
 ParOldGen       total 40960K, used 4020K [0x00000000c4200000, 0x00000000c6a00000, 0x00000000ec100000)
  object space 40960K, 9% used [0x00000000c4200000,0x00000000c45ed050,0x00000000c6a00000)
 Metaspace       used 18406K, capacity 19010K, committed 19200K, reserved 1064960K
  class space    used 2571K, capacity 2720K, committed 2816K, reserved 1048576K
}
Event: 8,000 GC heap before
{Heap before GC invocations=4 (full 0):
 PSYoungGen      total 17920K, used 17888K [0x00000000ec100000, 0x00000000ed500000, 0x0000000100000000)
  eden space 15360K, 100% used [0x00000000ec100000,0x00000000ed000000,0x00000000ed000000)
  from space 2560K, 98% used [0x00000000ed000000,0x00000000ed2780a8,0x00000000ed280000)
  to   space 2560K, 0% used [0x00000000ed280000,0x00000000ed280000,0x00000000ed500000)
 ParOldGen       total 40960K, used 4020K [0x00000000c4200000, 0x00000000c6a00000, 0x00000000ec100000)
  object space 40960K, 9% used [0x00000000c4200000,0x00000000c45ed050,0x00000000c6a00000)
 Metaspace       used 19446K, capacity 20160K, committed 20352K, reserved 1067008K
  class space    used 2720K, capacity 2869K, committed 2944K, reserved 1048576K
Event: 8,007 GC heap after
Heap after GC invocations=4 (full 0):
 PSYoungGen      total 17920K, used 2528K [0x00000000ec100000, 0x00000000ee400000, 0x0000000100000000)
  eden space 15360K, 0% used [0x00000000ec100000,0x00000000ec100000,0x00000000ed000000)
  from space 2560K, 98% used [0x00000000ed280000,0x00000000ed4f8078,0x00000000ed500000)
  to   space 2560K, 0% used [0x00000000ed000000,0x00000000ed000000,0x00000000ed280000)
 ParOldGen       total 40960K, used 4903K [0x00000000c4200000, 0x00000000c6a00000, 0x00000000ec100000)
  object space 40960K, 11% used [0x00000000c4200000,0x00000000c46c9fc0,0x00000000c6a00000)
 Metaspace       used 19446K, capacity 20160K, committed 20352K, reserved 1067008K
  class space    used 2720K, capacity 2869K, committed 2944K, reserved 1048576K
}
Event: 8,182 GC heap before
{Heap before GC invocations=5 (full 0):
 PSYoungGen      total 17920K, used 9617K [0x00000000ec100000, 0x00000000ee400000, 0x0000000100000000)
  eden space 15360K, 46% used [0x00000000ec100000,0x00000000ec7ec440,0x00000000ed000000)
  from space 2560K, 98% used [0x00000000ed280000,0x00000000ed4f8078,0x00000000ed500000)
  to   space 2560K, 0% used [0x00000000ed000000,0x00000000ed000000,0x00000000ed280000)
 ParOldGen       total 40960K, used 4903K [0x00000000c4200000, 0x00000000c6a00000, 0x00000000ec100000)
  object space 40960K, 11% used [0x00000000c4200000,0x00000000c46c9fc0,0x00000000c6a00000)
 Metaspace       used 20291K, capacity 21210K, committed 21248K, reserved 1067008K
  class space    used 2872K, capacity 3046K, committed 3072K, reserved 1048576K
Event: 8,188 GC heap after
Heap after GC invocations=5 (full 0):
 PSYoungGen      total 17920K, used 2528K [0x00000000ec100000, 0x00000000ee900000, 0x0000000100000000)
  eden space 15360K, 0% used [0x00000000ec100000,0x00000000ec100000,0x00000000ed000000)
  from space 2560K, 98% used [0x00000000ed000000,0x00000000ed278078,0x00000000ed280000)
  to   space 5120K, 0% used [0x00000000ee400000,0x00000000ee400000,0x00000000ee900000)
 ParOldGen       total 40960K, used 5611K [0x00000000c4200000, 0x00000000c6a00000, 0x00000000ec100000)
  object space 40960K, 13% used [0x00000000c4200000,0x00000000c477afd0,0x00000000c6a00000)
 Metaspace       used 20291K, capacity 21210K, committed 21248K, reserved 1067008K
  class space    used 2872K, capacity 3046K, committed 3072K, reserved 1048576K
}
Event: 8,188 GC heap before
{Heap before GC invocations=6 (full 1):
 PSYoungGen      total 17920K, used 2528K [0x00000000ec100000, 0x00000000ee900000, 0x0000000100000000)
  eden space 15360K, 0% used [0x00000000ec100000,0x00000000ec100000,0x00000000ed000000)
  from space 2560K, 98% used [0x00000000ed000000,0x00000000ed278078,0x00000000ed280000)
  to   space 5120K, 0% used [0x00000000ee400000,0x00000000ee400000,0x00000000ee900000)
 ParOldGen       total 40960K, used 5611K [0x00000000c4200000, 0x00000000c6a00000, 0x00000000ec100000)
  object space 40960K, 13% used [0x00000000c4200000,0x00000000c477afd0,0x00000000c6a00000)
 Metaspace       used 20291K, capacity 21210K, committed 21248K, reserved 1067008K
  class space    used 2872K, capacity 3046K, committed 3072K, reserved 1048576K
Event: 8,234 GC heap after
Heap after GC invocations=6 (full 1):
 PSYoungGen      total 17920K, used 0K [0x00000000ec100000, 0x00000000ee900000, 0x0000000100000000)
  eden space 15360K, 0% used [0x00000000ec100000,0x00000000ec100000,0x00000000ed000000)
  from space 2560K, 0% used [0x00000000ed000000,0x00000000ed000000,0x00000000ed280000)
  to   space 5120K, 0% used [0x00000000ee400000,0x00000000ee400000,0x00000000ee900000)
 ParOldGen       total 29184K, used 7222K [0x00000000c4200000, 0x00000000c5e80000, 0x00000000ec100000)
  object space 29184K, 24% used [0x00000000c4200000,0x00000000c490d910,0x00000000c5e80000)
 Metaspace       used 20290K, capacity 21208K, committed 21248K, reserved 1067008K
  class space    used 2871K, capacity 3045K, committed 3072K, reserved 1048576K
}
Event: 8,840 GC heap before
{Heap before GC invocations=7 (full 1):
 PSYoungGen      total 17920K, used 15360K [0x00000000ec100000, 0x00000000ee900000, 0x0000000100000000)
  eden space 15360K, 100% used [0x00000000ec100000,0x00000000ed000000,0x00000000ed000000)
  from space 2560K, 0% used [0x00000000ed000000,0x00000000ed000000,0x00000000ed280000)
  to   space 5120K, 0% used [0x00000000ee400000,0x00000000ee400000,0x00000000ee900000)
 ParOldGen       total 29184K, used 7222K [0x00000000c4200000, 0x00000000c5e80000, 0x00000000ec100000)
  object space 29184K, 24% used [0x00000000c4200000,0x00000000c490d910,0x00000000c5e80000)
 Metaspace       used 21539K, capacity 22794K, committed 23040K, reserved 1069056K
  class space    used 3030K, capacity 3248K, committed 3328K, reserved 1048576K
Event: 8,850 GC heap after
Heap after GC invocations=7 (full 1):
 PSYoungGen      total 31744K, used 4608K [0x00000000ec100000, 0x00000000ee880000, 0x0000000100000000)
  eden space 27136K, 0% used [0x00000000ec100000,0x00000000ec100000,0x00000000edb80000)
  from space 4608K, 100% used [0x00000000ee400000,0x00000000ee880000,0x00000000ee880000)
  to   space 5632K, 0% used [0x00000000edd80000,0x00000000edd80000,0x00000000ee300000)
 ParOldGen       total 29184K, used 7230K [0x00000000c4200000, 0x00000000c5e80000, 0x00000000ec100000)
  object space 29184K, 24% used [0x00000000c4200000,0x00000000c490f910,0x00000000c5e80000)
 Metaspace       used 21539K, capacity 22794K, committed 23040K, reserved 1069056K
  class space    used 3030K, capacity 3248K, committed 3328K, reserved 1048576K
}

