# JRE version: Java(TM) SE Runtime Environment (8.0_25-b17) (build 1.8.0_25-b17)
# Java VM: Java HotSpot(TM) 64-Bit Server VM (25.25-b02 mixed mode linux-amd64 compressed oops)
Heap:
 PSYoungGen      total 33280K, used 15428K [0x00000000ec100000, 0x00000000ee900000, 0x0000000100000000)
  eden space 28160K, 38% used [0x00000000ec100000,0x00000000ecb89360,0x00000000edc80000)
  from space 5120K, 90% used [0x00000000ee400000,0x00000000ee888000,0x00000000ee900000)
  to   space 5632K, 0% used [0x00000000ede00000,0x00000000ede00000,0x00000000ee380000)
 ParOldGen       total 27648K, used 7056K [0x00000000c4200000, 0x00000000c5d00000, 0x00000000ec100000)
  object space 27648K, 25% used [0x00000000c4200000,0x00000000c48e43c0,0x00000000c5d00000)
 Metaspace       used 22467K, capacity 23770K, committed 23808K, reserved 1069056K
  class space    used 3080K, capacity 3294K, committed 3328K, reserved 1048576K
GC Heap History (10 events):
Event: 16,165 GC heap before
{Heap before GC invocations=3 (full 0):
 PSYoungGen      total 17920K, used 17904K [0x00000000ec100000, 0x00000000ed500000, 0x0000000100000000)
  eden space 15360K, 100% used [0x00000000ec100000,0x00000000ed000000,0x00000000ed000000)
  from space 2560K, 99% used [0x00000000ed280000,0x00000000ed4fc0a0,0x00000000ed500000)
  to   space 2560K, 0% used [0x00000000ed000000,0x00000000ed000000,0x00000000ed280000)
 ParOldGen       total 40960K, used 2737K [0x00000000c4200000, 0x00000000c6a00000, 0x00000000ec100000)
  object space 40960K, 6% used [0x00000000c4200000,0x00000000c44ac7b8,0x00000000c6a00000)
 Metaspace       used 18589K, capacity 19122K, committed 19456K, reserved 1067008K
  class space    used 2573K, capacity 2720K, committed 2816K, reserved 1048576K
Event: 16,171 GC heap after
Heap after GC invocations=3 (full 0):
 PSYoungGen      total 17920K, used 2544K [0x00000000ec100000, 0x00000000ed500000, 0x0000000100000000)
  eden space 15360K, 0% used [0x00000000ec100000,0x00000000ec100000,0x00000000ed000000)
  from space 2560K, 99% used [0x00000000ed000000,0x00000000ed27c0d8,0x00000000ed280000)
  to   space 2560K, 0% used [0x00000000ed280000,0x00000000ed280000,0x00000000ed500000)
 ParOldGen       total 40960K, used 3982K [0x00000000c4200000, 0x00000000c6a00000, 0x00000000ec100000)
  object space 40960K, 9% used [0x00000000c4200000,0x00000000c45e3b88,0x00000000c6a00000)
 Metaspace       used 18589K, capacity 19122K, committed 19456K, reserved 1067008K
  class space    used 2573K, capacity 2720K, committed 2816K, reserved 1048576K
}
Event: 16,649 GC heap before
{Heap before GC invocations=4 (full 0):
 PSYoungGen      total 17920K, used 17904K [0x00000000ec100000, 0x00000000ed500000, 0x0000000100000000)
  eden space 15360K, 100% used [0x00000000ec100000,0x00000000ed000000,0x00000000ed000000)
  from space 2560K, 99% used [0x00000000ed000000,0x00000000ed27c0d8,0x00000000ed280000)
  to   space 2560K, 0% used [0x00000000ed280000,0x00000000ed280000,0x00000000ed500000)
 ParOldGen       total 40960K, used 3982K [0x00000000c4200000, 0x00000000c6a00000, 0x00000000ec100000)
  object space 40960K, 9% used [0x00000000c4200000,0x00000000c45e3b88,0x00000000c6a00000)
 Metaspace       used 19625K, capacity 20368K, committed 20608K, reserved 1067008K
  class space    used 2724K, capacity 2901K, committed 2944K, reserved 1048576K
Event: 16,662 GC heap after
Heap after GC invocations=4 (full 0):
 PSYoungGen      total 17920K, used 2544K [0x00000000ec100000, 0x00000000ed500000, 0x0000000100000000)
  eden space 15360K, 0% used [0x00000000ec100000,0x00000000ec100000,0x00000000ed000000)
  from space 2560K, 99% used [0x00000000ed280000,0x00000000ed4fc0a8,0x00000000ed500000)
  to   space 2560K, 0% used [0x00000000ed000000,0x00000000ed000000,0x00000000ed280000)
 ParOldGen       total 40960K, used 4842K [0x00000000c4200000, 0x00000000c6a00000, 0x00000000ec100000)
  object space 40960K, 11% used [0x00000000c4200000,0x00000000c46baac8,0x00000000c6a00000)
 Metaspace       used 19625K, capacity 20368K, committed 20608K, reserved 1067008K
  class space    used 2724K, capacity 2901K, committed 2944K, reserved 1048576K
}
Event: 16,882 GC heap before
{Heap before GC invocations=5 (full 0):
 PSYoungGen      total 17920K, used 9647K [0x00000000ec100000, 0x00000000ed500000, 0x0000000100000000)
  eden space 15360K, 46% used [0x00000000ec100000,0x00000000ec7efc98,0x00000000ed000000)
  from space 2560K, 99% used [0x00000000ed280000,0x00000000ed4fc0a8,0x00000000ed500000)
  to   space 2560K, 0% used [0x00000000ed000000,0x00000000ed000000,0x00000000ed280000)
 ParOldGen       total 40960K, used 4842K [0x00000000c4200000, 0x00000000c6a00000, 0x00000000ec100000)
  object space 40960K, 11% used [0x00000000c4200000,0x00000000c46baac8,0x00000000c6a00000)
 Metaspace       used 20334K, capacity 21174K, committed 21248K, reserved 1067008K
  class space    used 2843K, capacity 3030K, committed 3072K, reserved 1048576K
Event: 16,900 GC heap after
Heap after GC invocations=5 (full 0):
 PSYoungGen      total 17920K, used 2544K [0x00000000ec100000, 0x00000000ee900000, 0x0000000100000000)
  eden space 15360K, 0% used [0x00000000ec100000,0x00000000ec100000,0x00000000ed000000)
  from space 2560K, 99% used [0x00000000ed000000,0x00000000ed27c088,0x00000000ed280000)
  to   space 5120K, 0% used [0x00000000ee400000,0x00000000ee400000,0x00000000ee900000)
 ParOldGen       total 40960K, used 5531K [0x00000000c4200000, 0x00000000c6a00000, 0x00000000ec100000)
  object space 40960K, 13% used [0x00000000c4200000,0x00000000c4766e28,0x00000000c6a00000)
 Metaspace       used 20334K, capacity 21174K, committed 21248K, reserved 1067008K
  class space    used 2843K, capacity 3030K, committed 3072K, reserved 1048576K
}
Event: 16,901 GC heap before
{Heap before GC invocations=6 (full 1):
 PSYoungGen      total 17920K, used 2544K [0x00000000ec100000, 0x00000000ee900000, 0x0000000100000000)
  eden space 15360K, 0% used [0x00000000ec100000,0x00000000ec100000,0x00000000ed000000)
  from space 2560K, 99% used [0x00000000ed000000,0x00000000ed27c088,0x00000000ed280000)
  to   space 5120K, 0% used [0x00000000ee400000,0x00000000ee400000,0x00000000ee900000)
 ParOldGen       total 40960K, used 5531K [0x00000000c4200000, 0x00000000c6a00000, 0x00000000ec100000)
  object space 40960K, 13% used [0x00000000c4200000,0x00000000c4766e28,0x00000000c6a00000)
 Metaspace       used 20334K, capacity 21174K, committed 21248K, reserved 1067008K
  class space    used 2843K, capacity 3030K, committed 3072K, reserved 1048576K
Event: 16,964 GC heap after
Heap after GC invocations=6 (full 1):
 PSYoungGen      total 17920K, used 0K [0x00000000ec100000, 0x00000000ee900000, 0x0000000100000000)
  eden space 15360K, 0% used [0x00000000ec100000,0x00000000ec100000,0x00000000ed000000)
  from space 2560K, 0% used [0x00000000ed000000,0x00000000ed000000,0x00000000ed280000)
  to   space 5120K, 0% used [0x00000000ee400000,0x00000000ee400000,0x00000000ee900000)
 ParOldGen       total 27648K, used 7048K [0x00000000c4200000, 0x00000000c5d00000, 0x00000000ec100000)
  object space 27648K, 25% used [0x00000000c4200000,0x00000000c48e23c0,0x00000000c5d00000)
 Metaspace       used 20332K, capacity 21172K, committed 21248K, reserved 1067008K
  class space    used 2842K, capacity 3029K, committed 3072K, reserved 1048576K
}
Event: 18,833 GC heap before
{Heap before GC invocations=7 (full 1):
 PSYoungGen      total 17920K, used 15360K [0x00000000ec100000, 0x00000000ee900000, 0x0000000100000000)
  eden space 15360K, 100% used [0x00000000ec100000,0x00000000ed000000,0x00000000ed000000)
  from space 2560K, 0% used [0x00000000ed000000,0x00000000ed000000,0x00000000ed280000)
  to   space 5120K, 0% used [0x00000000ee400000,0x00000000ee400000,0x00000000ee900000)
 ParOldGen       total 27648K, used 7048K [0x00000000c4200000, 0x00000000c5d00000, 0x00000000ec100000)
  object space 27648K, 25% used [0x00000000c4200000,0x00000000c48e23c0,0x00000000c5d00000)
 Metaspace       used 21604K, capacity 22838K, committed 23040K, reserved 1069056K
  class space    used 3021K, capacity 3248K, committed 3328K, reserved 1048576K
Event: 18,841 GC heap after
Heap after GC invocations=7 (full 1):
 PSYoungGen      total 33280K, used 4640K [0x00000000ec100000, 0x00000000ee900000, 0x0000000100000000)
  eden space 28160K, 0% used [0x00000000ec100000,0x00000000ec100000,0x00000000edc80000)
  from space 5120K, 90% used [0x00000000ee400000,0x00000000ee888000,0x00000000ee900000)
  to   space 5632K, 0% used [0x00000000ede00000,0x00000000ede00000,0x00000000ee380000)
 ParOldGen       total 27648K, used 7056K [0x00000000c4200000, 0x00000000c5d00000, 0x00000000ec100000)
  object space 27648K, 25% used [0x00000000c4200000,0x00000000c48e43c0,0x00000000c5d00000)
 Metaspace       used 21604K, capacity 22838K, committed 23040K, reserved 1069056K
  class space    used 3021K, capacity 3248K, committed 3328K, reserved 1048576K
}

