# JRE version: Java(TM) SE Runtime Environment (8.0_66-b17) (build 1.8.0_66-b17)
# Java VM: Java HotSpot(TM) 64-Bit Server VM (25.66-b17 mixed mode linux-amd64 compressed oops)
Heap:
 PSYoungGen      total 17920K, used 7961K [0x00000000ec100000, 0x00000000ee400000, 0x0000000100000000)
  eden space 15360K, 51% used [0x00000000ec100000,0x00000000ec8c6468,0x00000000ed000000)
  from space 2560K, 0% used [0x00000000ed280000,0x00000000ed280000,0x00000000ed500000)
  to   space 2560K, 0% used [0x00000000ed000000,0x00000000ed000000,0x00000000ed280000)
 ParOldGen       total 34304K, used 8082K [0x00000000c4200000, 0x00000000c6380000, 0x00000000ec100000)
  object space 34304K, 23% used [0x00000000c4200000,0x00000000c49e48f8,0x00000000c6380000)
 Metaspace       used 20626K, capacity 21614K, committed 21808K, reserved 1069056K
  class space    used 2867K, capacity 3106K, committed 3120K, reserved 1048576K
GC Heap History (10 events):
Event: 0,522 GC heap before
{Heap before GC invocations=1 (full 0):
 PSYoungGen      total 17920K, used 15360K [0x00000000ec100000, 0x00000000ed500000, 0x0000000100000000)
  eden space 15360K, 100% used [0x00000000ec100000,0x00000000ed000000,0x00000000ed000000)
  from space 2560K, 0% used [0x00000000ed280000,0x00000000ed280000,0x00000000ed500000)
  to   space 2560K, 0% used [0x00000000ed000000,0x00000000ed000000,0x00000000ed280000)
 ParOldGen       total 40960K, used 0K [0x00000000c4200000, 0x00000000c6a00000, 0x00000000ec100000)
  object space 40960K, 0% used [0x00000000c4200000,0x00000000c4200000,0x00000000c6a00000)
 Metaspace       used 9334K, capacity 9680K, committed 9856K, reserved 1058816K
  class space    used 1196K, capacity 1302K, committed 1408K, reserved 1048576K
Event: 0,526 GC heap after
Heap after GC invocations=1 (full 0):
 PSYoungGen      total 17920K, used 2080K [0x00000000ec100000, 0x00000000ed500000, 0x0000000100000000)
  eden space 15360K, 0% used [0x00000000ec100000,0x00000000ec100000,0x00000000ed000000)
  from space 2560K, 81% used [0x00000000ed000000,0x00000000ed208040,0x00000000ed280000)
  to   space 2560K, 0% used [0x00000000ed280000,0x00000000ed280000,0x00000000ed500000)
 ParOldGen       total 40960K, used 72K [0x00000000c4200000, 0x00000000c6a00000, 0x00000000ec100000)
  object space 40960K, 0% used [0x00000000c4200000,0x00000000c4212010,0x00000000c6a00000)
 Metaspace       used 9334K, capacity 9680K, committed 9856K, reserved 1058816K
  class space    used 1196K, capacity 1302K, committed 1408K, reserved 1048576K
}
Event: 1,074 GC heap before
{Heap before GC invocations=2 (full 0):
 PSYoungGen      total 17920K, used 17440K [0x00000000ec100000, 0x00000000ed500000, 0x0000000100000000)
  eden space 15360K, 100% used [0x00000000ec100000,0x00000000ed000000,0x00000000ed000000)
  from space 2560K, 81% used [0x00000000ed000000,0x00000000ed208040,0x00000000ed280000)
  to   space 2560K, 0% used [0x00000000ed280000,0x00000000ed280000,0x00000000ed500000)
 ParOldGen       total 40960K, used 72K [0x00000000c4200000, 0x00000000c6a00000, 0x00000000ec100000)
  object space 40960K, 0% used [0x00000000c4200000,0x00000000c4212010,0x00000000c6a00000)
 Metaspace       used 14933K, capacity 15324K, committed 15488K, reserved 1062912K
  class space    used 1930K, capacity 2069K, committed 2176K, reserved 1048576K
Event: 1,080 GC heap after
Heap after GC invocations=2 (full 0):
 PSYoungGen      total 17920K, used 2544K [0x00000000ec100000, 0x00000000ed500000, 0x0000000100000000)
  eden space 15360K, 0% used [0x00000000ec100000,0x00000000ec100000,0x00000000ed000000)
  from space 2560K, 99% used [0x00000000ed280000,0x00000000ed4fc060,0x00000000ed500000)
  to   space 2560K, 0% used [0x00000000ed000000,0x00000000ed000000,0x00000000ed280000)
 ParOldGen       total 40960K, used 2786K [0x00000000c4200000, 0x00000000c6a00000, 0x00000000ec100000)
  object space 40960K, 6% used [0x00000000c4200000,0x00000000c44b88b0,0x00000000c6a00000)
 Metaspace       used 14933K, capacity 15324K, committed 15488K, reserved 1062912K
  class space    used 1930K, capacity 2069K, committed 2176K, reserved 1048576K
}
Event: 2,919 GC heap before
{Heap before GC invocations=3 (full 0):
 PSYoungGen      total 17920K, used 17904K [0x00000000ec100000, 0x00000000ed500000, 0x0000000100000000)
  eden space 15360K, 100% used [0x00000000ec100000,0x00000000ed000000,0x00000000ed000000)
  from space 2560K, 99% used [0x00000000ed280000,0x00000000ed4fc060,0x00000000ed500000)
  to   space 2560K, 0% used [0x00000000ed000000,0x00000000ed000000,0x00000000ed280000)
 ParOldGen       total 40960K, used 2786K [0x00000000c4200000, 0x00000000c6a00000, 0x00000000ec100000)
  object space 40960K, 6% used [0x00000000c4200000,0x00000000c44b88b0,0x00000000c6a00000)
 Metaspace       used 18439K, capacity 19148K, committed 19200K, reserved 1064960K
  class space    used 2576K, capacity 2765K, committed 2816K, reserved 1048576K
Event: 2,926 GC heap after
Heap after GC invocations=3 (full 0):
 PSYoungGen      total 17920K, used 2544K [0x00000000ec100000, 0x00000000ed500000, 0x0000000100000000)
  eden space 15360K, 0% used [0x00000000ec100000,0x00000000ec100000,0x00000000ed000000)
  from space 2560K, 99% used [0x00000000ed000000,0x00000000ed27c040,0x00000000ed280000)
  to   space 2560K, 0% used [0x00000000ed280000,0x00000000ed280000,0x00000000ed500000)
 ParOldGen       total 40960K, used 5149K [0x00000000c4200000, 0x00000000c6a00000, 0x00000000ec100000)
  object space 40960K, 12% used [0x00000000c4200000,0x00000000c4707498,0x00000000c6a00000)
 Metaspace       used 18439K, capacity 19148K, committed 19200K, reserved 1064960K
  class space    used 2576K, capacity 2765K, committed 2816K, reserved 1048576K
}
Event: 3,313 GC heap before
{Heap before GC invocations=4 (full 0):
 PSYoungGen      total 17920K, used 13325K [0x00000000ec100000, 0x00000000ed500000, 0x0000000100000000)
  eden space 15360K, 70% used [0x00000000ec100000,0x00000000ecb87410,0x00000000ed000000)
  from space 2560K, 99% used [0x00000000ed000000,0x00000000ed27c040,0x00000000ed280000)
  to   space 2560K, 0% used [0x00000000ed280000,0x00000000ed280000,0x00000000ed500000)
 ParOldGen       total 40960K, used 5149K [0x00000000c4200000, 0x00000000c6a00000, 0x00000000ec100000)
  object space 40960K, 12% used [0x00000000c4200000,0x00000000c4707498,0x00000000c6a00000)
 Metaspace       used 20233K, capacity 21238K, committed 21296K, reserved 1067008K
  class space    used 2850K, capacity 3098K, committed 3120K, reserved 1048576K
Event: 3,328 GC heap after
Heap after GC invocations=4 (full 0):
 PSYoungGen      total 17920K, used 2528K [0x00000000ec100000, 0x00000000ee400000, 0x0000000100000000)
  eden space 15360K, 0% used [0x00000000ec100000,0x00000000ec100000,0x00000000ed000000)
  from space 2560K, 98% used [0x00000000ed280000,0x00000000ed4f8030,0x00000000ed500000)
  to   space 2560K, 0% used [0x00000000ed000000,0x00000000ed000000,0x00000000ed280000)
 ParOldGen       total 40960K, used 6645K [0x00000000c4200000, 0x00000000c6a00000, 0x00000000ec100000)
  object space 40960K, 16% used [0x00000000c4200000,0x00000000c487d4b8,0x00000000c6a00000)
 Metaspace       used 20233K, capacity 21238K, committed 21296K, reserved 1067008K
  class space    used 2850K, capacity 3098K, committed 3120K, reserved 1048576K
}
Event: 3,328 GC heap before
{Heap before GC invocations=5 (full 1):
 PSYoungGen      total 17920K, used 2528K [0x00000000ec100000, 0x00000000ee400000, 0x0000000100000000)
  eden space 15360K, 0% used [0x00000000ec100000,0x00000000ec100000,0x00000000ed000000)
  from space 2560K, 98% used [0x00000000ed280000,0x00000000ed4f8030,0x00000000ed500000)
  to   space 2560K, 0% used [0x00000000ed000000,0x00000000ed000000,0x00000000ed280000)
 ParOldGen       total 40960K, used 6645K [0x00000000c4200000, 0x00000000c6a00000, 0x00000000ec100000)
  object space 40960K, 16% used [0x00000000c4200000,0x00000000c487d4b8,0x00000000c6a00000)
 Metaspace       used 20233K, capacity 21238K, committed 21296K, reserved 1067008K
  class space    used 2850K, capacity 3098K, committed 3120K, reserved 1048576K
Event: 3,366 GC heap after
Heap after GC invocations=5 (full 1):
 PSYoungGen      total 17920K, used 0K [0x00000000ec100000, 0x00000000ee400000, 0x0000000100000000)
  eden space 15360K, 0% used [0x00000000ec100000,0x00000000ec100000,0x00000000ed000000)
  from space 2560K, 0% used [0x00000000ed280000,0x00000000ed280000,0x00000000ed500000)
  to   space 2560K, 0% used [0x00000000ed000000,0x00000000ed000000,0x00000000ed280000)
 ParOldGen       total 34304K, used 8082K [0x00000000c4200000, 0x00000000c6380000, 0x00000000ec100000)
  object space 34304K, 23% used [0x00000000c4200000,0x00000000c49e48f8,0x00000000c6380000)
 Metaspace       used 20233K, capacity 21238K, committed 21296K, reserved 1067008K
  class space    used 2850K, capacity 3098K, committed 3120K, reserved 1048576K
}

