# JRE version: Java(TM) SE Runtime Environment (8.0_66-b17) (build 1.8.0_66-b17)
# Java VM: Java HotSpot(TM) 64-Bit Server VM (25.66-b17 mixed mode linux-amd64 compressed oops)
Heap:
 PSYoungGen      total 29696K, used 13310K [0x00000000ec100000, 0x00000000ee500000, 0x0000000100000000)
  eden space 24576K, 42% used [0x00000000ec100000,0x00000000ecb1f818,0x00000000ed900000)
  from space 5120K, 57% used [0x00000000ee000000,0x00000000ee2e0000,0x00000000ee500000)
  to   space 6144K, 0% used [0x00000000ed900000,0x00000000ed900000,0x00000000edf00000)
 ParOldGen       total 31744K, used 8125K [0x00000000c4200000, 0x00000000c6100000, 0x00000000ec100000)
  object space 31744K, 25% used [0x00000000c4200000,0x00000000c49ef788,0x00000000c6100000)
 Metaspace       used 22429K, capacity 23774K, committed 23808K, reserved 1069056K
  class space    used 3041K, capacity 3306K, committed 3328K, reserved 1048576K
GC Heap History (10 events):
Event: 7,251 GC heap before
{Heap before GC invocations=3 (full 0):
 PSYoungGen      total 17920K, used 17888K [0x00000000ec100000, 0x00000000ed500000, 0x0000000100000000)
  eden space 15360K, 100% used [0x00000000ec100000,0x00000000ed000000,0x00000000ed000000)
  from space 2560K, 98% used [0x00000000ed280000,0x00000000ed4f8070,0x00000000ed500000)
  to   space 2560K, 0% used [0x00000000ed000000,0x00000000ed000000,0x00000000ed280000)
 ParOldGen       total 40960K, used 2813K [0x00000000c4200000, 0x00000000c6a00000, 0x00000000ec100000)
  object space 40960K, 6% used [0x00000000c4200000,0x00000000c44bf730,0x00000000c6a00000)
 Metaspace       used 18676K, capacity 19288K, committed 19456K, reserved 1067008K
  class space    used 2575K, capacity 2731K, committed 2816K, reserved 1048576K
Event: 7,261 GC heap after
Heap after GC invocations=3 (full 0):
 PSYoungGen      total 17920K, used 2544K [0x00000000ec100000, 0x00000000ed500000, 0x0000000100000000)
  eden space 15360K, 0% used [0x00000000ec100000,0x00000000ec100000,0x00000000ed000000)
  from space 2560K, 99% used [0x00000000ed000000,0x00000000ed27c060,0x00000000ed280000)
  to   space 2560K, 0% used [0x00000000ed280000,0x00000000ed280000,0x00000000ed500000)
 ParOldGen       total 40960K, used 5223K [0x00000000c4200000, 0x00000000c6a00000, 0x00000000ec100000)
  object space 40960K, 12% used [0x00000000c4200000,0x00000000c4719dc0,0x00000000c6a00000)
 Metaspace       used 18676K, capacity 19288K, committed 19456K, reserved 1067008K
  class space    used 2575K, capacity 2731K, committed 2816K, reserved 1048576K
}
Event: 7,567 GC heap before
{Heap before GC invocations=4 (full 0):
 PSYoungGen      total 17920K, used 13433K [0x00000000ec100000, 0x00000000ed500000, 0x0000000100000000)
  eden space 15360K, 70% used [0x00000000ec100000,0x00000000ecba23f0,0x00000000ed000000)
  from space 2560K, 99% used [0x00000000ed000000,0x00000000ed27c060,0x00000000ed280000)
  to   space 2560K, 0% used [0x00000000ed280000,0x00000000ed280000,0x00000000ed500000)
 ParOldGen       total 40960K, used 5223K [0x00000000c4200000, 0x00000000c6a00000, 0x00000000ec100000)
  object space 40960K, 12% used [0x00000000c4200000,0x00000000c4719dc0,0x00000000c6a00000)
 Metaspace       used 20326K, capacity 21278K, committed 21296K, reserved 1067008K
  class space    used 2859K, capacity 3054K, committed 3072K, reserved 1048576K
Event: 7,575 GC heap after
Heap after GC invocations=4 (full 0):
 PSYoungGen      total 17920K, used 2544K [0x00000000ec100000, 0x00000000ee400000, 0x0000000100000000)
  eden space 15360K, 0% used [0x00000000ec100000,0x00000000ec100000,0x00000000ed000000)
  from space 2560K, 99% used [0x00000000ed280000,0x00000000ed4fc060,0x00000000ed500000)
  to   space 2560K, 0% used [0x00000000ed000000,0x00000000ed000000,0x00000000ed280000)
 ParOldGen       total 40960K, used 6260K [0x00000000c4200000, 0x00000000c6a00000, 0x00000000ec100000)
  object space 40960K, 15% used [0x00000000c4200000,0x00000000c481d090,0x00000000c6a00000)
 Metaspace       used 20326K, capacity 21278K, committed 21296K, reserved 1067008K
  class space    used 2859K, capacity 3054K, committed 3072K, reserved 1048576K
}
Event: 7,575 GC heap before
{Heap before GC invocations=5 (full 1):
 PSYoungGen      total 17920K, used 2544K [0x00000000ec100000, 0x00000000ee400000, 0x0000000100000000)
  eden space 15360K, 0% used [0x00000000ec100000,0x00000000ec100000,0x00000000ed000000)
  from space 2560K, 99% used [0x00000000ed280000,0x00000000ed4fc060,0x00000000ed500000)
  to   space 2560K, 0% used [0x00000000ed000000,0x00000000ed000000,0x00000000ed280000)
 ParOldGen       total 40960K, used 6260K [0x00000000c4200000, 0x00000000c6a00000, 0x00000000ec100000)
  object space 40960K, 15% used [0x00000000c4200000,0x00000000c481d090,0x00000000c6a00000)
 Metaspace       used 20326K, capacity 21278K, committed 21296K, reserved 1067008K
  class space    used 2859K, capacity 3054K, committed 3072K, reserved 1048576K
Event: 7,609 GC heap after
Heap after GC invocations=5 (full 1):
 PSYoungGen      total 17920K, used 0K [0x00000000ec100000, 0x00000000ee400000, 0x0000000100000000)
  eden space 15360K, 0% used [0x00000000ec100000,0x00000000ec100000,0x00000000ed000000)
  from space 2560K, 0% used [0x00000000ed280000,0x00000000ed280000,0x00000000ed500000)
  to   space 2560K, 0% used [0x00000000ed000000,0x00000000ed000000,0x00000000ed280000)
 ParOldGen       total 31744K, used 7845K [0x00000000c4200000, 0x00000000c6100000, 0x00000000ec100000)
  object space 31744K, 24% used [0x00000000c4200000,0x00000000c49a9788,0x00000000c6100000)
 Metaspace       used 20326K, capacity 21278K, committed 21296K, reserved 1067008K
  class space    used 2859K, capacity 3054K, committed 3072K, reserved 1048576K
}
Event: 11,654 GC heap before
{Heap before GC invocations=6 (full 1):
 PSYoungGen      total 17920K, used 15360K [0x00000000ec100000, 0x00000000ee400000, 0x0000000100000000)
  eden space 15360K, 100% used [0x00000000ec100000,0x00000000ed000000,0x00000000ed000000)
  from space 2560K, 0% used [0x00000000ed280000,0x00000000ed280000,0x00000000ed500000)
  to   space 2560K, 0% used [0x00000000ed000000,0x00000000ed000000,0x00000000ed280000)
 ParOldGen       total 31744K, used 7845K [0x00000000c4200000, 0x00000000c6100000, 0x00000000ec100000)
  object space 31744K, 24% used [0x00000000c4200000,0x00000000c49a9788,0x00000000c6100000)
 Metaspace       used 21669K, capacity 22932K, committed 23040K, reserved 1069056K
  class space    used 3014K, capacity 3279K, committed 3328K, reserved 1048576K
Event: 11,660 GC heap after
Heap after GC invocations=6 (full 1):
 PSYoungGen      total 17920K, used 2560K [0x00000000ec100000, 0x00000000ee600000, 0x0000000100000000)
  eden space 15360K, 0% used [0x00000000ec100000,0x00000000ec100000,0x00000000ed000000)
  from space 2560K, 100% used [0x00000000ed000000,0x00000000ed280000,0x00000000ed280000)
  to   space 6144K, 0% used [0x00000000ee000000,0x00000000ee000000,0x00000000ee600000)
 ParOldGen       total 31744K, used 8125K [0x00000000c4200000, 0x00000000c6100000, 0x00000000ec100000)
  object space 31744K, 25% used [0x00000000c4200000,0x00000000c49ef788,0x00000000c6100000)
 Metaspace       used 21669K, capacity 22932K, committed 23040K, reserved 1069056K
  class space    used 3014K, capacity 3279K, committed 3328K, reserved 1048576K
}
Event: 20,519 GC heap before
{Heap before GC invocations=7 (full 1):
 PSYoungGen      total 17920K, used 17920K [0x00000000ec100000, 0x00000000ee600000, 0x0000000100000000)
  eden space 15360K, 100% used [0x00000000ec100000,0x00000000ed000000,0x00000000ed000000)
  from space 2560K, 100% used [0x00000000ed000000,0x00000000ed280000,0x00000000ed280000)
  to   space 6144K, 0% used [0x00000000ee000000,0x00000000ee000000,0x00000000ee600000)
 ParOldGen       total 31744K, used 8125K [0x00000000c4200000, 0x00000000c6100000, 0x00000000ec100000)
  object space 31744K, 25% used [0x00000000c4200000,0x00000000c49ef788,0x00000000c6100000)
 Metaspace       used 22166K, capacity 23490K, committed 23552K, reserved 1069056K
  class space    used 3029K, capacity 3296K, committed 3328K, reserved 1048576K
Event: 20,533 GC heap after
Heap after GC invocations=7 (full 1):
 PSYoungGen      total 29696K, used 2944K [0x00000000ec100000, 0x00000000ee500000, 0x0000000100000000)
  eden space 24576K, 0% used [0x00000000ec100000,0x00000000ec100000,0x00000000ed900000)
  from space 5120K, 57% used [0x00000000ee000000,0x00000000ee2e0000,0x00000000ee500000)
  to   space 6144K, 0% used [0x00000000ed900000,0x00000000ed900000,0x00000000edf00000)
 ParOldGen       total 31744K, used 8125K [0x00000000c4200000, 0x00000000c6100000, 0x00000000ec100000)
  object space 31744K, 25% used [0x00000000c4200000,0x00000000c49ef788,0x00000000c6100000)
 Metaspace       used 22166K, capacity 23490K, committed 23552K, reserved 1069056K
  class space    used 3029K, capacity 3296K, committed 3328K, reserved 1048576K
}

