# JRE version: Java(TM) SE Runtime Environment (8.0_25-b17) (build 1.8.0_25-b17)
# Java VM: Java HotSpot(TM) 64-Bit Server VM (25.25-b02 mixed mode linux-amd64 compressed oops)
Heap:
 PSYoungGen      total 51712K, used 16592K [0x00000000ec100000, 0x00000000f0680000, 0x0000000100000000)
  eden space 44544K, 21% used [0x00000000ec100000,0x00000000eca64208,0x00000000eec80000)
  from space 7168K, 97% used [0x00000000eff80000,0x00000000f0650020,0x00000000f0680000)
  to   space 9216K, 0% used [0x00000000ef480000,0x00000000ef480000,0x00000000efd80000)
 ParOldGen       total 31232K, used 9544K [0x00000000c4200000, 0x00000000c6080000, 0x00000000ec100000)
  object space 31232K, 30% used [0x00000000c4200000,0x00000000c4b52068,0x00000000c6080000)
 Metaspace       used 23528K, capacity 25024K, committed 25216K, reserved 1071104K
  class space    used 3177K, capacity 3407K, committed 3456K, reserved 1048576K
GC Heap History (10 events):
Event: 17,366 GC heap before
{Heap before GC invocations=9 (full 1):
 PSYoungGen      total 34816K, used 34816K [0x00000000ec100000, 0x00000000ef480000, 0x0000000100000000)
  eden space 29184K, 100% used [0x00000000ec100000,0x00000000edd80000,0x00000000edd80000)
  from space 5632K, 100% used [0x00000000edd80000,0x00000000ee300000,0x00000000ee300000)
  to   space 7680K, 0% used [0x00000000eed00000,0x00000000eed00000,0x00000000ef480000)
 ParOldGen       total 31232K, used 9504K [0x00000000c4200000, 0x00000000c6080000, 0x00000000ec100000)
  object space 31232K, 30% used [0x00000000c4200000,0x00000000c4b48068,0x00000000c6080000)
 Metaspace       used 22698K, capacity 24144K, committed 24448K, reserved 1071104K
  class space    used 3145K, capacity 3387K, committed 3456K, reserved 1048576K
Event: 17,374 GC heap after
Heap after GC invocations=9 (full 1):
 PSYoungGen      total 45056K, used 5792K [0x00000000ec100000, 0x00000000efb00000, 0x0000000100000000)
  eden space 37376K, 0% used [0x00000000ec100000,0x00000000ec100000,0x00000000ee580000)
  from space 7680K, 75% used [0x00000000eed00000,0x00000000ef2a8000,0x00000000ef480000)
  to   space 7680K, 0% used [0x00000000ee580000,0x00000000ee580000,0x00000000eed00000)
 ParOldGen       total 31232K, used 9512K [0x00000000c4200000, 0x00000000c6080000, 0x00000000ec100000)
  object space 31232K, 30% used [0x00000000c4200000,0x00000000c4b4a068,0x00000000c6080000)
 Metaspace       used 22698K, capacity 24144K, committed 24448K, reserved 1071104K
  class space    used 3145K, capacity 3387K, committed 3456K, reserved 1048576K
}
Event: 81,687 GC heap before
{Heap before GC invocations=10 (full 1):
 PSYoungGen      total 45056K, used 43168K [0x00000000ec100000, 0x00000000efb00000, 0x0000000100000000)
  eden space 37376K, 100% used [0x00000000ec100000,0x00000000ee580000,0x00000000ee580000)
  from space 7680K, 75% used [0x00000000eed00000,0x00000000ef2a8000,0x00000000ef480000)
  to   space 7680K, 0% used [0x00000000ee580000,0x00000000ee580000,0x00000000eed00000)
 ParOldGen       total 31232K, used 9512K [0x00000000c4200000, 0x00000000c6080000, 0x00000000ec100000)
  object space 31232K, 30% used [0x00000000c4200000,0x00000000c4b4a068,0x00000000c6080000)
 Metaspace       used 22951K, capacity 24356K, committed 24704K, reserved 1071104K
  class space    used 3154K, capacity 3393K, committed 3456K, reserved 1048576K
Event: 81,697 GC heap after
Heap after GC invocations=10 (full 1):
 PSYoungGen      total 45056K, used 6304K [0x00000000ec100000, 0x00000000eff00000, 0x0000000100000000)
  eden space 37376K, 0% used [0x00000000ec100000,0x00000000ec100000,0x00000000ee580000)
  from space 7680K, 82% used [0x00000000ee580000,0x00000000eeba8000,0x00000000eed00000)
  to   space 8192K, 0% used [0x00000000ef700000,0x00000000ef700000,0x00000000eff00000)
 ParOldGen       total 31232K, used 9520K [0x00000000c4200000, 0x00000000c6080000, 0x00000000ec100000)
  object space 31232K, 30% used [0x00000000c4200000,0x00000000c4b4c068,0x00000000c6080000)
 Metaspace       used 22951K, capacity 24356K, committed 24704K, reserved 1071104K
  class space    used 3154K, capacity 3393K, committed 3456K, reserved 1048576K
}
Event: 96,612 GC heap before
{Heap before GC invocations=11 (full 1):
 PSYoungGen      total 45056K, used 43680K [0x00000000ec100000, 0x00000000eff00000, 0x0000000100000000)
  eden space 37376K, 100% used [0x00000000ec100000,0x00000000ee580000,0x00000000ee580000)
  from space 7680K, 82% used [0x00000000ee580000,0x00000000eeba8000,0x00000000eed00000)
  to   space 8192K, 0% used [0x00000000ef700000,0x00000000ef700000,0x00000000eff00000)
 ParOldGen       total 31232K, used 9520K [0x00000000c4200000, 0x00000000c6080000, 0x00000000ec100000)
  object space 31232K, 30% used [0x00000000c4200000,0x00000000c4b4c068,0x00000000c6080000)
 Metaspace       used 23056K, capacity 24492K, committed 24704K, reserved 1071104K
  class space    used 3162K, capacity 3393K, committed 3456K, reserved 1048576K
Event: 96,629 GC heap after
Heap after GC invocations=11 (full 1):
 PSYoungGen      total 54272K, used 6400K [0x00000000ec100000, 0x00000000eff00000, 0x0000000100000000)
  eden space 46080K, 0% used [0x00000000ec100000,0x00000000ec100000,0x00000000eee00000)
  from space 8192K, 78% used [0x00000000ef700000,0x00000000efd40000,0x00000000eff00000)
  to   space 8704K, 0% used [0x00000000eee00000,0x00000000eee00000,0x00000000ef680000)
 ParOldGen       total 31232K, used 9528K [0x00000000c4200000, 0x00000000c6080000, 0x00000000ec100000)
  object space 31232K, 30% used [0x00000000c4200000,0x00000000c4b4e068,0x00000000c6080000)
 Metaspace       used 23056K, capacity 24492K, committed 24704K, reserved 1071104K
  class space    used 3162K, capacity 3393K, committed 3456K, reserved 1048576K
}
Event: 105,255 GC heap before
{Heap before GC invocations=12 (full 1):
 PSYoungGen      total 54272K, used 52480K [0x00000000ec100000, 0x00000000eff00000, 0x0000000100000000)
  eden space 46080K, 100% used [0x00000000ec100000,0x00000000eee00000,0x00000000eee00000)
  from space 8192K, 78% used [0x00000000ef700000,0x00000000efd40000,0x00000000eff00000)
  to   space 8704K, 0% used [0x00000000eee00000,0x00000000eee00000,0x00000000ef680000)
 ParOldGen       total 31232K, used 9528K [0x00000000c4200000, 0x00000000c6080000, 0x00000000ec100000)
  object space 31232K, 30% used [0x00000000c4200000,0x00000000c4b4e068,0x00000000c6080000)
 Metaspace       used 23131K, capacity 24556K, committed 24704K, reserved 1071104K
  class space    used 3162K, capacity 3393K, committed 3456K, reserved 1048576K
Event: 105,264 GC heap after
Heap after GC invocations=12 (full 1):
 PSYoungGen      total 54784K, used 6400K [0x00000000ec100000, 0x00000000f0800000, 0x0000000100000000)
  eden space 46080K, 0% used [0x00000000ec100000,0x00000000ec100000,0x00000000eee00000)
  from space 8704K, 73% used [0x00000000eee00000,0x00000000ef440000,0x00000000ef680000)
  to   space 8704K, 0% used [0x00000000eff80000,0x00000000eff80000,0x00000000f0800000)
 ParOldGen       total 31232K, used 9536K [0x00000000c4200000, 0x00000000c6080000, 0x00000000ec100000)
  object space 31232K, 30% used [0x00000000c4200000,0x00000000c4b50068,0x00000000c6080000)
 Metaspace       used 23131K, capacity 24556K, committed 24704K, reserved 1071104K
  class space    used 3162K, capacity 3393K, committed 3456K, reserved 1048576K
}
Event: 231,551 GC heap before
{Heap before GC invocations=13 (full 1):
 PSYoungGen      total 54784K, used 52480K [0x00000000ec100000, 0x00000000f0800000, 0x0000000100000000)
  eden space 46080K, 100% used [0x00000000ec100000,0x00000000eee00000,0x00000000eee00000)
  from space 8704K, 73% used [0x00000000eee00000,0x00000000ef440000,0x00000000ef680000)
  to   space 8704K, 0% used [0x00000000eff80000,0x00000000eff80000,0x00000000f0800000)
 ParOldGen       total 31232K, used 9536K [0x00000000c4200000, 0x00000000c6080000, 0x00000000ec100000)
  object space 31232K, 30% used [0x00000000c4200000,0x00000000c4b50068,0x00000000c6080000)
 Metaspace       used 23432K, capacity 24868K, committed 24960K, reserved 1071104K
  class space    used 3175K, capacity 3403K, committed 3456K, reserved 1048576K
Event: 231,561 GC heap after
Heap after GC invocations=13 (full 1):
 PSYoungGen      total 51712K, used 6976K [0x00000000ec100000, 0x00000000f0680000, 0x0000000100000000)
  eden space 44544K, 0% used [0x00000000ec100000,0x00000000ec100000,0x00000000eec80000)
  from space 7168K, 97% used [0x00000000eff80000,0x00000000f0650020,0x00000000f0680000)
  to   space 9216K, 0% used [0x00000000ef480000,0x00000000ef480000,0x00000000efd80000)
 ParOldGen       total 31232K, used 9544K [0x00000000c4200000, 0x00000000c6080000, 0x00000000ec100000)
  object space 31232K, 30% used [0x00000000c4200000,0x00000000c4b52068,0x00000000c6080000)
 Metaspace       used 23432K, capacity 24868K, committed 24960K, reserved 1071104K
  class space    used 3175K, capacity 3403K, committed 3456K, reserved 1048576K
}

